2023-12-19 11:33:34.322 +05:30 [INF] User profile is available. Using 'C:\Users\Dell\AppData\Local\ASP.NET\DataProtection-Keys' as key repository and Windows DPAPI to encrypt keys at rest.
2023-12-19 11:33:34.609 +05:30 [INF] Now listening on: http://localhost:5208
2023-12-19 11:33:34.614 +05:30 [INF] Application started. Press Ctrl+C to shut down.
2023-12-19 11:33:34.615 +05:30 [INF] Hosting environment: Development
2023-12-19 11:33:34.615 +05:30 [INF] Content root path: C:\Users\Dell\application\LibraryManagementSystem
2023-12-19 11:34:12.359 +05:30 [INF] Request starting HTTP/1.1 GET http://localhost:5208/ - -
2023-12-19 11:34:12.462 +05:30 [WRN] Failed to determine the https port for redirect.
2023-12-19 11:34:12.676 +05:30 [INF] Executing endpoint 'LibraryManagementSystem.Controllers.HomeController.Index (LibraryManagementSystem)'
2023-12-19 11:34:12.719 +05:30 [INF] Route matched with {action = "Index", controller = "Home"}. Executing controller action with signature Microsoft.AspNetCore.Mvc.IActionResult Index() on controller LibraryManagementSystem.Controllers.HomeController (LibraryManagementSystem).
2023-12-19 11:34:12.772 +05:30 [INF] Executing ViewResult, running view Index.
2023-12-19 11:34:13.011 +05:30 [INF] Executed ViewResult - view Index executed in 247.9004ms.
2023-12-19 11:34:13.022 +05:30 [INF] Executed action LibraryManagementSystem.Controllers.HomeController.Index (LibraryManagementSystem) in 294.299ms
2023-12-19 11:34:13.022 +05:30 [INF] Executed endpoint 'LibraryManagementSystem.Controllers.HomeController.Index (LibraryManagementSystem)'
2023-12-19 11:34:13.038 +05:30 [INF] Request finished HTTP/1.1 GET http://localhost:5208/ - - - 200 - text/html;+charset=utf-8 708.1164ms
2023-12-19 11:34:13.125 +05:30 [INF] Request starting HTTP/1.1 GET http://localhost:5208/css/site.css?v=Uf4lHjjxZsfwroMkfC7tS0lsFOXzd-qKEjGu6C3OHAQ - -
2023-12-19 11:34:13.128 +05:30 [INF] Request starting HTTP/1.1 GET http://localhost:5208/LibraryManagementSystem.styles.css?v=dSJPc0eieC8_SXlCyXvxyg9iqbhbZl1Jt2wNS_gG2Z0 - -
2023-12-19 11:34:13.170 +05:30 [INF] Sending file. Request path: '/css/site.css'. Physical path: 'C:\Users\Dell\application\LibraryManagementSystem\wwwroot\css\site.css'
2023-12-19 11:34:13.171 +05:30 [INF] Request finished HTTP/1.1 GET http://localhost:5208/css/site.css?v=Uf4lHjjxZsfwroMkfC7tS0lsFOXzd-qKEjGu6C3OHAQ - - - 200 596 text/css 46.4282ms
2023-12-19 11:34:13.182 +05:30 [INF] Sending file. Request path: '/LibraryManagementSystem.styles.css'. Physical path: 'C:\Users\Dell\application\LibraryManagementSystem\obj\Debug\net7.0\scopedcss\bundle\LibraryManagementSystem.styles.css'
2023-12-19 11:34:13.182 +05:30 [INF] Request finished HTTP/1.1 GET http://localhost:5208/LibraryManagementSystem.styles.css?v=dSJPc0eieC8_SXlCyXvxyg9iqbhbZl1Jt2wNS_gG2Z0 - - - 200 68584 text/css 54.1703ms
2023-12-19 11:34:13.186 +05:30 [INF] Request starting HTTP/1.1 GET http://localhost:5208/lib/jquery/dist/jquery.min.js - -
2023-12-19 11:34:13.187 +05:30 [INF] Request starting HTTP/1.1 GET http://localhost:5208/images/Screenshot.png - -
2023-12-19 11:34:13.188 +05:30 [INF] Request starting HTTP/1.1 GET http://localhost:5208/lib/bootstrap/dist/css/bootstrap.min.css - -
2023-12-19 11:34:13.195 +05:30 [INF] Request starting HTTP/1.1 GET http://localhost:5208/lib/bootstrap/dist/js/bootstrap.bundle.min.js - -
2023-12-19 11:34:13.214 +05:30 [INF] Sending file. Request path: '/lib/bootstrap/dist/css/bootstrap.min.css'. Physical path: 'C:\Users\Dell\application\LibraryManagementSystem\wwwroot\lib\bootstrap\dist\css\bootstrap.min.css'
2023-12-19 11:34:13.214 +05:30 [INF] Request finished HTTP/1.1 GET http://localhost:5208/lib/bootstrap/dist/css/bootstrap.min.css - - - 200 162720 text/css 26.2081ms
2023-12-19 11:34:13.275 +05:30 [INF] Sending file. Request path: '/lib/bootstrap/dist/js/bootstrap.bundle.min.js'. Physical path: 'C:\Users\Dell\application\LibraryManagementSystem\wwwroot\lib\bootstrap\dist\js\bootstrap.bundle.min.js'
2023-12-19 11:34:13.275 +05:30 [INF] Request finished HTTP/1.1 GET http://localhost:5208/lib/bootstrap/dist/js/bootstrap.bundle.min.js - - - 200 78468 text/javascript 80.1947ms
2023-12-19 11:34:13.276 +05:30 [INF] Sending file. Request path: '/lib/jquery/dist/jquery.min.js'. Physical path: 'C:\Users\Dell\application\LibraryManagementSystem\wwwroot\lib\jquery\dist\jquery.min.js'
2023-12-19 11:34:13.277 +05:30 [INF] Request finished HTTP/1.1 GET http://localhost:5208/lib/jquery/dist/jquery.min.js - - - 200 89501 text/javascript 90.0652ms
2023-12-19 11:34:13.300 +05:30 [INF] Request starting HTTP/1.1 GET http://localhost:5208/js/site.js?v=4q1jwFhaPaZgr8WAUSrux6hAuh0XDg9kPS3xIVq36I0 - -
2023-12-19 11:34:13.328 +05:30 [INF] Sending file. Request path: '/js/site.js'. Physical path: 'C:\Users\Dell\application\LibraryManagementSystem\wwwroot\js\site.js'
2023-12-19 11:34:13.328 +05:30 [INF] Request finished HTTP/1.1 GET http://localhost:5208/js/site.js?v=4q1jwFhaPaZgr8WAUSrux6hAuh0XDg9kPS3xIVq36I0 - - - 200 230 text/javascript 27.7978ms
2023-12-19 11:34:13.580 +05:30 [INF] Sending file. Request path: '/images/Screenshot.png'. Physical path: 'C:\Users\Dell\application\LibraryManagementSystem\wwwroot\images\Screenshot.png'
2023-12-19 11:34:13.580 +05:30 [INF] Request finished HTTP/1.1 GET http://localhost:5208/images/Screenshot.png - - - 200 546170 image/png 392.8763ms
2023-12-19 11:34:14.906 +05:30 [INF] Request starting HTTP/1.1 GET http://localhost:5208/favicon.ico - -
2023-12-19 11:34:14.911 +05:30 [INF] Sending file. Request path: '/favicon.ico'. Physical path: 'C:\Users\Dell\application\LibraryManagementSystem\wwwroot\favicon.ico'
2023-12-19 11:34:14.911 +05:30 [INF] Request finished HTTP/1.1 GET http://localhost:5208/favicon.ico - - - 200 5430 image/x-icon 5.2846ms
2023-12-19 11:34:15.187 +05:30 [INF] Request starting HTTP/1.1 GET http://localhost:5208/Home/LoginPage - -
2023-12-19 11:34:15.194 +05:30 [INF] Executing endpoint 'LibraryManagementSystem.Controllers.HomeController.LoginPage (LibraryManagementSystem)'
2023-12-19 11:34:15.197 +05:30 [INF] Route matched with {action = "LoginPage", controller = "Home"}. Executing controller action with signature Microsoft.AspNetCore.Mvc.IActionResult LoginPage() on controller LibraryManagementSystem.Controllers.HomeController (LibraryManagementSystem).
2023-12-19 11:34:15.203 +05:30 [INF] Executing ViewResult, running view LoginPage.
2023-12-19 11:34:15.223 +05:30 [INF] Executed ViewResult - view LoginPage executed in 24.4818ms.
2023-12-19 11:34:15.223 +05:30 [INF] Executed action LibraryManagementSystem.Controllers.HomeController.LoginPage (LibraryManagementSystem) in 26.4817ms
2023-12-19 11:34:15.224 +05:30 [INF] Executed endpoint 'LibraryManagementSystem.Controllers.HomeController.LoginPage (LibraryManagementSystem)'
2023-12-19 11:34:15.224 +05:30 [INF] Request finished HTTP/1.1 GET http://localhost:5208/Home/LoginPage - - - 200 - text/html;+charset=utf-8 37.4968ms
2023-12-19 11:34:19.363 +05:30 [INF] Request starting HTTP/1.1 GET http://localhost:5208/Login/AdminLogin - -
2023-12-19 11:34:19.375 +05:30 [INF] Executing endpoint 'LibraryManagementSystem.Controllers.LoginController.AdminLogin (LibraryManagementSystem)'
2023-12-19 11:34:19.377 +05:30 [INF] Route matched with {action = "AdminLogin", controller = "Login"}. Executing controller action with signature Microsoft.AspNetCore.Mvc.IActionResult AdminLogin() on controller LibraryManagementSystem.Controllers.LoginController (LibraryManagementSystem).
2023-12-19 11:34:20.311 +05:30 [INF] Executing ViewResult, running view AdminLogin.
2023-12-19 11:34:20.380 +05:30 [INF] Executed ViewResult - view AdminLogin executed in 70.609ms.
2023-12-19 11:34:20.380 +05:30 [INF] Executed action LibraryManagementSystem.Controllers.LoginController.AdminLogin (LibraryManagementSystem) in 1003.3293ms
2023-12-19 11:34:20.381 +05:30 [INF] Executed endpoint 'LibraryManagementSystem.Controllers.LoginController.AdminLogin (LibraryManagementSystem)'
2023-12-19 11:34:20.385 +05:30 [INF] Request finished HTTP/1.1 GET http://localhost:5208/Login/AdminLogin - - - 200 - text/html;+charset=utf-8 1021.7478ms
2023-12-19 11:34:20.435 +05:30 [INF] Request starting HTTP/1.1 GET http://localhost:5208/Login/fonts/material-icon/css/material-design-iconic-font.min.css - -
2023-12-19 11:34:20.440 +05:30 [INF] Request finished HTTP/1.1 GET http://localhost:5208/Login/fonts/material-icon/css/material-design-iconic-font.min.css - - - 404 0 - 8.9733ms
2023-12-19 11:34:20.440 +05:30 [INF] Request starting HTTP/1.1 GET http://localhost:5208/Login/css/style.css - -
2023-12-19 11:34:20.444 +05:30 [INF] Request starting HTTP/1.1 GET http://localhost:5208/Login/vendor/jquery/jquery.min.js - -
2023-12-19 11:34:20.444 +05:30 [INF] Request finished HTTP/1.1 GET http://localhost:5208/Login/css/style.css - - - 404 0 - 3.9261ms
2023-12-19 11:34:20.444 +05:30 [INF] Request starting HTTP/1.1 GET http://localhost:5208/Login/js/main.js - -
2023-12-19 11:34:20.445 +05:30 [INF] Request finished HTTP/1.1 GET http://localhost:5208/Login/js/main.js - - - 404 0 - 0.4950ms
2023-12-19 11:34:20.445 +05:30 [INF] Request finished HTTP/1.1 GET http://localhost:5208/Login/vendor/jquery/jquery.min.js - - - 404 0 - 0.7756ms
2023-12-19 11:34:20.541 +05:30 [INF] Request starting HTTP/1.1 GET http://localhost:5208/fonts/poppins/poppins-v5-latin-700.woff2 - -
2023-12-19 11:34:20.558 +05:30 [INF] Request finished HTTP/1.1 GET http://localhost:5208/fonts/poppins/poppins-v5-latin-700.woff2 - - - 404 0 - 6.0347ms
2023-12-19 11:34:20.566 +05:30 [INF] Request starting HTTP/1.1 GET http://localhost:5208/fonts/poppins/poppins-v5-latin-700.woff - -
2023-12-19 11:34:20.567 +05:30 [INF] Request finished HTTP/1.1 GET http://localhost:5208/fonts/poppins/poppins-v5-latin-700.woff - - - 404 0 - 0.7540ms
2023-12-19 11:34:20.573 +05:30 [INF] Request starting HTTP/1.1 GET http://localhost:5208/fonts/poppins/poppins-v5-latin-700.ttf - -
2023-12-19 11:34:20.574 +05:30 [INF] Request finished HTTP/1.1 GET http://localhost:5208/fonts/poppins/poppins-v5-latin-700.ttf - - - 404 0 - 0.7487ms
2023-12-19 11:34:32.842 +05:30 [INF] Request starting HTTP/1.1 POST http://localhost:5208/Login/AdminLogin application/x-www-form-urlencoded 231
2023-12-19 11:34:32.842 +05:30 [INF] Executing endpoint 'LibraryManagementSystem.Controllers.LoginController.AdminLogin (LibraryManagementSystem)'
2023-12-19 11:34:32.892 +05:30 [INF] Route matched with {action = "AdminLogin", controller = "Login"}. Executing controller action with signature Microsoft.AspNetCore.Mvc.IActionResult AdminLogin(LibraryManagementSystem.Models.Login) on controller LibraryManagementSystem.Controllers.LoginController (LibraryManagementSystem).
2023-12-19 11:34:34.103 +05:30 [INF] Executing RedirectResult, redirecting to /Admin/AdminHomePage.
2023-12-19 11:34:34.103 +05:30 [INF] Executed action LibraryManagementSystem.Controllers.LoginController.AdminLogin (LibraryManagementSystem) in 1210.9514ms
2023-12-19 11:34:34.103 +05:30 [INF] Executed endpoint 'LibraryManagementSystem.Controllers.LoginController.AdminLogin (LibraryManagementSystem)'
2023-12-19 11:34:34.105 +05:30 [INF] Session started; Key:8e3e44b3-0437-27d0-e8f2-1e31d72d228c, Id:66303ca9-e099-fd1d-7509-b2382624abcc
2023-12-19 11:34:34.107 +05:30 [INF] Request finished HTTP/1.1 POST http://localhost:5208/Login/AdminLogin application/x-www-form-urlencoded 231 - 302 0 - 1265.4562ms
2023-12-19 11:34:34.154 +05:30 [INF] Request starting HTTP/1.1 GET http://localhost:5208/Admin/AdminHomePage - -
2023-12-19 11:34:34.154 +05:30 [INF] Executing endpoint 'LibraryManagementSystem.Controllers.AdminController.AdminHomePage (LibraryManagementSystem)'
2023-12-19 11:34:34.157 +05:30 [INF] Route matched with {action = "AdminHomePage", controller = "Admin"}. Executing controller action with signature Microsoft.AspNetCore.Mvc.IActionResult AdminHomePage() on controller LibraryManagementSystem.Controllers.AdminController (LibraryManagementSystem).
2023-12-19 11:34:34.176 +05:30 [INF] Executing ViewResult, running view AdminHomePage.
2023-12-19 11:34:34.193 +05:30 [INF] Executed ViewResult - view AdminHomePage executed in 19.1487ms.
2023-12-19 11:34:34.196 +05:30 [INF] Executed action LibraryManagementSystem.Controllers.AdminController.AdminHomePage (LibraryManagementSystem) in 38.7915ms
2023-12-19 11:34:34.196 +05:30 [INF] Executed endpoint 'LibraryManagementSystem.Controllers.AdminController.AdminHomePage (LibraryManagementSystem)'
2023-12-19 11:34:34.196 +05:30 [INF] Request finished HTTP/1.1 GET http://localhost:5208/Admin/AdminHomePage - - - 200 - text/html;+charset=utf-8 42.4530ms
2023-12-19 11:34:37.169 +05:30 [INF] Request starting HTTP/1.1 GET http://localhost:5208/Book - -
2023-12-19 11:34:37.170 +05:30 [INF] Executing endpoint 'LibraryManagementSystem.Controllers.BookController.Index (LibraryManagementSystem)'
2023-12-19 11:34:37.192 +05:30 [INF] Route matched with {action = "Index", controller = "Book"}. Executing controller action with signature System.Threading.Tasks.Task`1[Microsoft.AspNetCore.Mvc.IActionResult] Index(System.String, System.String, System.String, System.Nullable`1[System.Int32]) on controller LibraryManagementSystem.Controllers.BookController (LibraryManagementSystem).
2023-12-19 11:34:37.853 +05:30 [WRN] Sensitive data logging is enabled. Log entries and exception messages may include sensitive application data; this mode should only be enabled during development.
2023-12-19 11:34:39.279 +05:30 [INF] Executed DbCommand (98ms) [Parameters=[], CommandType='"Text"', CommandTimeout='30']
SELECT COUNT(*)
FROM [Books] AS [b]
2023-12-19 11:34:39.504 +05:30 [INF] Executed DbCommand (54ms) [Parameters=[@__p_0='0', @__p_1='3'], CommandType='"Text"', CommandTimeout='30']
SELECT [b].[ID], [b].[AddedOn], [b].[AuthorName], [b].[BookEdition], [b].[BookID], [b].[BookName], [b].[Category], [b].[Description], [b].[ProfilePicture], [b].[TotalPages]
FROM [Books] AS [b]
ORDER BY [b].[BookID]
OFFSET @__p_0 ROWS FETCH NEXT @__p_1 ROWS ONLY
2023-12-19 11:34:39.534 +05:30 [INF] Executing ViewResult, running view Index.
2023-12-19 11:34:39.600 +05:30 [INF] Executed ViewResult - view Index executed in 68.4427ms.
2023-12-19 11:34:39.602 +05:30 [INF] Executed action LibraryManagementSystem.Controllers.BookController.Index (LibraryManagementSystem) in 2409.8204ms
2023-12-19 11:34:39.603 +05:30 [INF] Executed endpoint 'LibraryManagementSystem.Controllers.BookController.Index (LibraryManagementSystem)'
2023-12-19 11:34:39.654 +05:30 [INF] Request finished HTTP/1.1 GET http://localhost:5208/Book - - - 200 - text/html;+charset=utf-8 2484.9570ms
2023-12-19 11:34:39.748 +05:30 [INF] Request starting HTTP/1.1 GET http://localhost:5208/images/75b0c178-2140-4f64-8e27-2fc9c0c00110 .jpg - -
2023-12-19 11:34:39.749 +05:30 [INF] Request starting HTTP/1.1 GET http://localhost:5208/images/496fa995-f80d-4396-9e45-6ab906922d3a .jpg - -
2023-12-19 11:34:39.750 +05:30 [INF] Request starting HTTP/1.1 GET http://localhost:5208/images/272e9ae5-cdb5-4108-b113-fbdd0f8fa4ec .jpg - -
2023-12-19 11:34:39.750 +05:30 [INF] Request finished HTTP/1.1 GET http://localhost:5208/images/496fa995-f80d-4396-9e45-6ab906922d3a .jpg - - - 404 0 - 0.9718ms
2023-12-19 11:34:39.761 +05:30 [INF] Sending file. Request path: '/images/272e9ae5-cdb5-4108-b113-fbdd0f8fa4ec .jpg'. Physical path: 'C:\Users\Dell\application\LibraryManagementSystem\wwwroot\images\272e9ae5-cdb5-4108-b113-fbdd0f8fa4ec .jpg'
2023-12-19 11:34:39.761 +05:30 [INF] Request finished HTTP/1.1 GET http://localhost:5208/images/272e9ae5-cdb5-4108-b113-fbdd0f8fa4ec .jpg - - - 200 6282 image/jpeg 10.7238ms
2023-12-19 11:34:39.801 +05:30 [INF] Sending file. Request path: '/images/75b0c178-2140-4f64-8e27-2fc9c0c00110 .jpg'. Physical path: 'C:\Users\Dell\application\LibraryManagementSystem\wwwroot\images\75b0c178-2140-4f64-8e27-2fc9c0c00110 .jpg'
2023-12-19 11:34:39.802 +05:30 [INF] Request finished HTTP/1.1 GET http://localhost:5208/images/75b0c178-2140-4f64-8e27-2fc9c0c00110 .jpg - - - 200 22433 image/jpeg 53.6576ms
2023-12-19 11:34:44.773 +05:30 [INF] Request starting HTTP/1.1 GET http://localhost:5208/UserDetail - -
2023-12-19 11:34:44.774 +05:30 [INF] Executing endpoint 'LibraryManagementSystem.Controllers.UserDetailController.Index (LibraryManagementSystem)'
2023-12-19 11:34:44.786 +05:30 [INF] Route matched with {action = "Index", controller = "UserDetail"}. Executing controller action with signature System.Threading.Tasks.Task`1[Microsoft.AspNetCore.Mvc.IActionResult] Index(System.String, System.String, System.String, System.Nullable`1[System.Int32]) on controller LibraryManagementSystem.Controllers.UserDetailController (LibraryManagementSystem).
2023-12-19 11:34:44.878 +05:30 [INF] Executed DbCommand (25ms) [Parameters=[], CommandType='"Text"', CommandTimeout='30']
SELECT COUNT(*)
FROM [UserDetails] AS [u]
2023-12-19 11:34:44.900 +05:30 [INF] Executed DbCommand (11ms) [Parameters=[@__p_0='0', @__p_1='3'], CommandType='"Text"', CommandTimeout='30']
SELECT [u].[ID], [u].[Address], [u].[Age], [u].[EmailID], [u].[Gender], [u].[Name], [u].[Password], [u].[PhoneNumber], [u].[ProfilePicture], [u].[RegisterNo]
FROM [UserDetails] AS [u]
ORDER BY [u].[RegisterNo]
OFFSET @__p_0 ROWS FETCH NEXT @__p_1 ROWS ONLY
2023-12-19 11:34:44.923 +05:30 [INF] Executing ViewResult, running view Index.
2023-12-19 11:34:44.985 +05:30 [INF] Executed ViewResult - view Index executed in 64.0999ms.
2023-12-19 11:34:44.986 +05:30 [INF] Executed action LibraryManagementSystem.Controllers.UserDetailController.Index (LibraryManagementSystem) in 199.3621ms
2023-12-19 11:34:44.986 +05:30 [INF] Executed endpoint 'LibraryManagementSystem.Controllers.UserDetailController.Index (LibraryManagementSystem)'
2023-12-19 11:34:44.986 +05:30 [INF] Request finished HTTP/1.1 GET http://localhost:5208/UserDetail - - - 200 - text/html;+charset=utf-8 213.0780ms
2023-12-19 11:34:45.073 +05:30 [INF] Request starting HTTP/1.1 GET http://localhost:5208/images/68f55345-20f4-40cb-996b-018ff2750b58.png - -
2023-12-19 11:34:45.077 +05:30 [INF] Request starting HTTP/1.1 GET http://localhost:5208/images/NoImage.png - -
2023-12-19 11:34:45.085 +05:30 [INF] Sending file. Request path: '/images/NoImage.png'. Physical path: 'C:\Users\Dell\application\LibraryManagementSystem\wwwroot\images\NoImage.png'
2023-12-19 11:34:45.085 +05:30 [INF] Request finished HTTP/1.1 GET http://localhost:5208/images/NoImage.png - - - 200 24738 image/png 8.0306ms
2023-12-19 11:34:45.085 +05:30 [INF] Sending file. Request path: '/images/68f55345-20f4-40cb-996b-018ff2750b58.png'. Physical path: 'C:\Users\Dell\application\LibraryManagementSystem\wwwroot\images\68f55345-20f4-40cb-996b-018ff2750b58.png'
2023-12-19 11:34:45.085 +05:30 [INF] Request finished HTTP/1.1 GET http://localhost:5208/images/68f55345-20f4-40cb-996b-018ff2750b58.png - - - 200 33146 image/png 12.0669ms
2023-12-19 11:34:54.335 +05:30 [INF] Request starting HTTP/1.1 GET http://localhost:5208/ - -
2023-12-19 11:34:54.336 +05:30 [INF] Executing endpoint 'LibraryManagementSystem.Controllers.HomeController.Index (LibraryManagementSystem)'
2023-12-19 11:34:54.336 +05:30 [INF] Route matched with {action = "Index", controller = "Home"}. Executing controller action with signature Microsoft.AspNetCore.Mvc.IActionResult Index() on controller LibraryManagementSystem.Controllers.HomeController (LibraryManagementSystem).
2023-12-19 11:34:54.337 +05:30 [INF] Executing ViewResult, running view Index.
2023-12-19 11:34:54.338 +05:30 [INF] Executed ViewResult - view Index executed in 1.4565ms.
2023-12-19 11:34:54.338 +05:30 [INF] Executed action LibraryManagementSystem.Controllers.HomeController.Index (LibraryManagementSystem) in 1.6944ms
2023-12-19 11:34:54.338 +05:30 [INF] Executed endpoint 'LibraryManagementSystem.Controllers.HomeController.Index (LibraryManagementSystem)'
2023-12-19 11:34:54.338 +05:30 [INF] Request finished HTTP/1.1 GET http://localhost:5208/ - - - 200 - text/html;+charset=utf-8 2.8148ms
2023-12-19 11:34:55.411 +05:30 [INF] Request starting HTTP/1.1 GET http://localhost:5208/Home/LoginPage - -
2023-12-19 11:34:55.414 +05:30 [INF] Executing endpoint 'LibraryManagementSystem.Controllers.HomeController.LoginPage (LibraryManagementSystem)'
2023-12-19 11:34:55.414 +05:30 [INF] Route matched with {action = "LoginPage", controller = "Home"}. Executing controller action with signature Microsoft.AspNetCore.Mvc.IActionResult LoginPage() on controller LibraryManagementSystem.Controllers.HomeController (LibraryManagementSystem).
2023-12-19 11:34:55.414 +05:30 [INF] Executing ViewResult, running view LoginPage.
2023-12-19 11:34:55.416 +05:30 [INF] Executed ViewResult - view LoginPage executed in 1.1861ms.
2023-12-19 11:34:55.416 +05:30 [INF] Executed action LibraryManagementSystem.Controllers.HomeController.LoginPage (LibraryManagementSystem) in 1.4538ms
2023-12-19 11:34:55.416 +05:30 [INF] Executed endpoint 'LibraryManagementSystem.Controllers.HomeController.LoginPage (LibraryManagementSystem)'
2023-12-19 11:34:55.416 +05:30 [INF] Request finished HTTP/1.1 GET http://localhost:5208/Home/LoginPage - - - 200 - text/html;+charset=utf-8 5.0303ms
2023-12-19 11:34:57.450 +05:30 [INF] Request starting HTTP/1.1 GET http://localhost:5208/Login/UserLogin - -
2023-12-19 11:34:57.451 +05:30 [INF] Executing endpoint 'LibraryManagementSystem.Controllers.LoginController.UserLogin (LibraryManagementSystem)'
2023-12-19 11:34:57.453 +05:30 [INF] Route matched with {action = "UserLogin", controller = "Login"}. Executing controller action with signature Microsoft.AspNetCore.Mvc.IActionResult UserLogin() on controller LibraryManagementSystem.Controllers.LoginController (LibraryManagementSystem).
2023-12-19 11:34:57.460 +05:30 [INF] Executing ViewResult, running view UserLogin.
2023-12-19 11:34:57.492 +05:30 [INF] Executed ViewResult - view UserLogin executed in 38.0524ms.
2023-12-19 11:34:57.493 +05:30 [INF] Executed action LibraryManagementSystem.Controllers.LoginController.UserLogin (LibraryManagementSystem) in 39.8079ms
2023-12-19 11:34:57.493 +05:30 [INF] Executed endpoint 'LibraryManagementSystem.Controllers.LoginController.UserLogin (LibraryManagementSystem)'
2023-12-19 11:34:57.493 +05:30 [INF] Request finished HTTP/1.1 GET http://localhost:5208/Login/UserLogin - - - 200 - text/html;+charset=utf-8 42.9015ms
2023-12-19 11:34:57.541 +05:30 [INF] Request starting HTTP/1.1 GET http://localhost:5208/Login/fonts/material-icon/css/material-design-iconic-font.min.css - -
2023-12-19 11:34:57.541 +05:30 [INF] Request finished HTTP/1.1 GET http://localhost:5208/Login/fonts/material-icon/css/material-design-iconic-font.min.css - - - 404 0 - 0.8538ms
2023-12-19 11:34:57.542 +05:30 [INF] Request starting HTTP/1.1 GET http://localhost:5208/Login/css/style.css - -
2023-12-19 11:34:57.544 +05:30 [INF] Request finished HTTP/1.1 GET http://localhost:5208/Login/css/style.css - - - 404 0 - 2.2190ms
2023-12-19 11:34:57.546 +05:30 [INF] Request starting HTTP/1.1 GET http://localhost:5208/Login/vendor/jquery/jquery.min.js - -
2023-12-19 11:34:57.546 +05:30 [INF] Request starting HTTP/1.1 GET http://localhost:5208/Login/js/main.js - -
2023-12-19 11:34:57.548 +05:30 [INF] Request finished HTTP/1.1 GET http://localhost:5208/Login/js/main.js - - - 404 0 - 1.7387ms
2023-12-19 11:34:57.551 +05:30 [INF] Request finished HTTP/1.1 GET http://localhost:5208/Login/vendor/jquery/jquery.min.js - - - 404 0 - 4.4347ms
2023-12-19 11:34:57.576 +05:30 [INF] Request starting HTTP/1.1 GET http://localhost:5208/fonts/poppins/poppins-v5-latin-700.woff2 - -
2023-12-19 11:34:57.577 +05:30 [INF] Request finished HTTP/1.1 GET http://localhost:5208/fonts/poppins/poppins-v5-latin-700.woff2 - - - 404 0 - 1.3516ms
2023-12-19 11:34:57.583 +05:30 [INF] Request starting HTTP/1.1 GET http://localhost:5208/fonts/poppins/poppins-v5-latin-700.woff - -
2023-12-19 11:34:57.584 +05:30 [INF] Request finished HTTP/1.1 GET http://localhost:5208/fonts/poppins/poppins-v5-latin-700.woff - - - 404 0 - 0.6313ms
2023-12-19 11:34:57.590 +05:30 [INF] Request starting HTTP/1.1 GET http://localhost:5208/fonts/poppins/poppins-v5-latin-700.ttf - -
2023-12-19 11:34:57.591 +05:30 [INF] Request finished HTTP/1.1 GET http://localhost:5208/fonts/poppins/poppins-v5-latin-700.ttf - - - 404 0 - 0.9222ms
2023-12-19 11:35:08.949 +05:30 [INF] Request starting HTTP/1.1 POST http://localhost:5208/Login/UserLogin application/x-www-form-urlencoded 235
2023-12-19 11:35:08.950 +05:30 [INF] Executing endpoint 'LibraryManagementSystem.Controllers.LoginController.UserLogin (LibraryManagementSystem)'
2023-12-19 11:35:08.957 +05:30 [INF] Route matched with {action = "UserLogin", controller = "Login"}. Executing controller action with signature Microsoft.AspNetCore.Mvc.IActionResult UserLogin(LibraryManagementSystem.Models.Login) on controller LibraryManagementSystem.Controllers.LoginController (LibraryManagementSystem).
2023-12-19 11:35:09.042 +05:30 [INF] Executing RedirectResult, redirecting to /User/UserHomePage.
2023-12-19 11:35:09.043 +05:30 [INF] Executed action LibraryManagementSystem.Controllers.LoginController.UserLogin (LibraryManagementSystem) in 85.5076ms
2023-12-19 11:35:09.043 +05:30 [INF] Executed endpoint 'LibraryManagementSystem.Controllers.LoginController.UserLogin (LibraryManagementSystem)'
2023-12-19 11:35:09.044 +05:30 [INF] Request finished HTTP/1.1 POST http://localhost:5208/Login/UserLogin application/x-www-form-urlencoded 235 - 302 0 - 94.5588ms
2023-12-19 11:35:09.047 +05:30 [INF] Request starting HTTP/1.1 GET http://localhost:5208/User/UserHomePage - -
2023-12-19 11:35:09.047 +05:30 [INF] Executing endpoint 'LibraryManagementSystem.Controllers.UserController.UserHomePage (LibraryManagementSystem)'
2023-12-19 11:35:09.050 +05:30 [INF] Route matched with {action = "UserHomePage", controller = "User"}. Executing controller action with signature Microsoft.AspNetCore.Mvc.IActionResult UserHomePage() on controller LibraryManagementSystem.Controllers.UserController (LibraryManagementSystem).
2023-12-19 11:35:09.061 +05:30 [INF] Executing ViewResult, running view UserHomePage.
2023-12-19 11:35:09.096 +05:30 [INF] Executed ViewResult - view UserHomePage executed in 37.0165ms.
2023-12-19 11:35:09.097 +05:30 [INF] Executed action LibraryManagementSystem.Controllers.UserController.UserHomePage (LibraryManagementSystem) in 46.4482ms
2023-12-19 11:35:09.097 +05:30 [INF] Executed endpoint 'LibraryManagementSystem.Controllers.UserController.UserHomePage (LibraryManagementSystem)'
2023-12-19 11:35:09.097 +05:30 [INF] Request finished HTTP/1.1 GET http://localhost:5208/User/UserHomePage - - - 200 - text/html;+charset=utf-8 50.0072ms
2023-12-19 11:35:13.045 +05:30 [INF] Request starting HTTP/1.1 GET http://localhost:5208/Category/MainIndex - -
2023-12-19 11:35:13.045 +05:30 [INF] Executing endpoint 'LibraryManagementSystem.Controllers.CategoryController.MainIndex (LibraryManagementSystem)'
2023-12-19 11:35:13.047 +05:30 [INF] Route matched with {action = "MainIndex", controller = "Category"}. Executing controller action with signature Microsoft.AspNetCore.Mvc.IActionResult MainIndex() on controller LibraryManagementSystem.Controllers.CategoryController (LibraryManagementSystem).
2023-12-19 11:35:13.052 +05:30 [INF] Executing ViewResult, running view MainIndex.
2023-12-19 11:35:13.088 +05:30 [INF] Executed ViewResult - view MainIndex executed in 39.7395ms.
2023-12-19 11:35:13.088 +05:30 [INF] Executed action LibraryManagementSystem.Controllers.CategoryController.MainIndex (LibraryManagementSystem) in 40.8849ms
2023-12-19 11:35:13.088 +05:30 [INF] Executed endpoint 'LibraryManagementSystem.Controllers.CategoryController.MainIndex (LibraryManagementSystem)'
2023-12-19 11:35:13.089 +05:30 [INF] Request finished HTTP/1.1 GET http://localhost:5208/Category/MainIndex - - - 200 - text/html;+charset=utf-8 43.6744ms
2023-12-19 11:35:19.881 +05:30 [INF] Request starting HTTP/1.1 GET http://localhost:5208/Category/Programming - -
2023-12-19 11:35:19.888 +05:30 [INF] Executing endpoint 'LibraryManagementSystem.Controllers.CategoryController.Programming (LibraryManagementSystem)'
2023-12-19 11:35:19.897 +05:30 [INF] Route matched with {action = "Programming", controller = "Category"}. Executing controller action with signature System.Threading.Tasks.Task`1[Microsoft.AspNetCore.Mvc.IActionResult] Programming(System.String, System.String, System.String, System.Nullable`1[System.Int32]) on controller LibraryManagementSystem.Controllers.CategoryController (LibraryManagementSystem).
2023-12-19 11:35:20.160 +05:30 [INF] Executed DbCommand (21ms) [Parameters=[], CommandType='"Text"', CommandTimeout='30']
SELECT COUNT(*)
FROM [Books] AS [b]
WHERE [b].[Category] = N'Programming'
2023-12-19 11:35:20.186 +05:30 [INF] Executed DbCommand (16ms) [Parameters=[@__p_0='0', @__p_1='3'], CommandType='"Text"', CommandTimeout='30']
SELECT [b].[ID], [b].[AddedOn], [b].[AuthorName], [b].[BookEdition], [b].[BookID], [b].[BookName], [b].[Category], [b].[Description], [b].[ProfilePicture], [b].[TotalPages]
FROM [Books] AS [b]
WHERE [b].[Category] = N'Programming'
ORDER BY [b].[BookID]
OFFSET @__p_0 ROWS FETCH NEXT @__p_1 ROWS ONLY
2023-12-19 11:35:20.195 +05:30 [INF] Executing ViewResult, running view Programming.
2023-12-19 11:35:20.240 +05:30 [INF] Executed ViewResult - view Programming executed in 48.3422ms.
2023-12-19 11:35:20.241 +05:30 [INF] Executed action LibraryManagementSystem.Controllers.CategoryController.Programming (LibraryManagementSystem) in 343.6298ms
2023-12-19 11:35:20.241 +05:30 [INF] Executed endpoint 'LibraryManagementSystem.Controllers.CategoryController.Programming (LibraryManagementSystem)'
2023-12-19 11:35:20.241 +05:30 [INF] Request finished HTTP/1.1 GET http://localhost:5208/Category/Programming - - - 200 - text/html;+charset=utf-8 360.3208ms
2023-12-19 11:35:23.289 +05:30 [INF] Request starting HTTP/1.1 GET http://localhost:5208/Category/Fantasy - -
2023-12-19 11:35:23.290 +05:30 [INF] Executing endpoint 'LibraryManagementSystem.Controllers.CategoryController.Fantasy (LibraryManagementSystem)'
2023-12-19 11:35:23.306 +05:30 [INF] Route matched with {action = "Fantasy", controller = "Category"}. Executing controller action with signature System.Threading.Tasks.Task`1[Microsoft.AspNetCore.Mvc.IActionResult] Fantasy(System.String, System.String, System.String, System.Nullable`1[System.Int32]) on controller LibraryManagementSystem.Controllers.CategoryController (LibraryManagementSystem).
2023-12-19 11:35:23.392 +05:30 [INF] Executed DbCommand (70ms) [Parameters=[], CommandType='"Text"', CommandTimeout='30']
SELECT COUNT(*)
FROM [Books] AS [b]
WHERE [b].[Category] = N'Fantasy'
2023-12-19 11:35:23.426 +05:30 [INF] Executed DbCommand (24ms) [Parameters=[@__p_0='0', @__p_1='3'], CommandType='"Text"', CommandTimeout='30']
SELECT [b].[ID], [b].[AddedOn], [b].[AuthorName], [b].[BookEdition], [b].[BookID], [b].[BookName], [b].[Category], [b].[Description], [b].[ProfilePicture], [b].[TotalPages]
FROM [Books] AS [b]
WHERE [b].[Category] = N'Fantasy'
ORDER BY [b].[BookID]
OFFSET @__p_0 ROWS FETCH NEXT @__p_1 ROWS ONLY
2023-12-19 11:35:23.435 +05:30 [INF] Executing ViewResult, running view Fantasy.
2023-12-19 11:35:23.478 +05:30 [INF] Executed ViewResult - view Fantasy executed in 48.3388ms.
2023-12-19 11:35:23.479 +05:30 [INF] Executed action LibraryManagementSystem.Controllers.CategoryController.Fantasy (LibraryManagementSystem) in 173.1655ms
2023-12-19 11:35:23.479 +05:30 [INF] Executed endpoint 'LibraryManagementSystem.Controllers.CategoryController.Fantasy (LibraryManagementSystem)'
2023-12-19 11:35:23.480 +05:30 [INF] Request finished HTTP/1.1 GET http://localhost:5208/Category/Fantasy - - - 200 - text/html;+charset=utf-8 190.1105ms
2023-12-19 11:35:26.187 +05:30 [INF] Request starting HTTP/1.1 GET http://localhost:5208/Category/Environment - -
2023-12-19 11:35:26.188 +05:30 [INF] Executing endpoint 'LibraryManagementSystem.Controllers.CategoryController.Environment (LibraryManagementSystem)'
2023-12-19 11:35:26.207 +05:30 [INF] Route matched with {action = "Environment", controller = "Category"}. Executing controller action with signature System.Threading.Tasks.Task`1[Microsoft.AspNetCore.Mvc.IActionResult] Environment(System.String, System.String, System.String, System.Nullable`1[System.Int32]) on controller LibraryManagementSystem.Controllers.CategoryController (LibraryManagementSystem).
2023-12-19 11:35:26.227 +05:30 [INF] Executed DbCommand (2ms) [Parameters=[], CommandType='"Text"', CommandTimeout='30']
SELECT COUNT(*)
FROM [Books] AS [b]
WHERE [b].[Category] = N'Environment'
2023-12-19 11:35:26.276 +05:30 [INF] Executed DbCommand (35ms) [Parameters=[@__p_0='0', @__p_1='3'], CommandType='"Text"', CommandTimeout='30']
SELECT [b].[ID], [b].[AddedOn], [b].[AuthorName], [b].[BookEdition], [b].[BookID], [b].[BookName], [b].[Category], [b].[Description], [b].[ProfilePicture], [b].[TotalPages]
FROM [Books] AS [b]
WHERE [b].[Category] = N'Environment'
ORDER BY [b].[BookID]
OFFSET @__p_0 ROWS FETCH NEXT @__p_1 ROWS ONLY
2023-12-19 11:35:26.280 +05:30 [INF] Executing ViewResult, running view Environment.
2023-12-19 11:35:26.386 +05:30 [INF] Executed ViewResult - view Environment executed in 107.5293ms.
2023-12-19 11:35:26.386 +05:30 [INF] Executed action LibraryManagementSystem.Controllers.CategoryController.Environment (LibraryManagementSystem) in 179.409ms
2023-12-19 11:35:26.386 +05:30 [INF] Executed endpoint 'LibraryManagementSystem.Controllers.CategoryController.Environment (LibraryManagementSystem)'
2023-12-19 11:35:26.387 +05:30 [INF] Request finished HTTP/1.1 GET http://localhost:5208/Category/Environment - - - 200 - text/html;+charset=utf-8 199.2764ms
2023-12-19 11:35:26.565 +05:30 [INF] Request starting HTTP/1.1 GET http://localhost:5208/images/496fa995-f80d-4396-9e45-6ab906922d3a .jpg - -
2023-12-19 11:35:26.566 +05:30 [INF] Request finished HTTP/1.1 GET http://localhost:5208/images/496fa995-f80d-4396-9e45-6ab906922d3a .jpg - - - 404 0 - 0.9308ms
2023-12-19 11:35:33.556 +05:30 [INF] Request starting HTTP/1.1 POST http://localhost:5208/User/BorrowBook application/x-www-form-urlencoded 194
2023-12-19 11:35:33.561 +05:30 [INF] Executing endpoint 'LibraryManagementSystem.Controllers.UserController.BorrowBook (LibraryManagementSystem)'
2023-12-19 11:35:33.574 +05:30 [INF] Route matched with {action = "BorrowBook", controller = "User"}. Executing controller action with signature System.Threading.Tasks.Task`1[Microsoft.AspNetCore.Mvc.IActionResult] BorrowBook(Int32) on controller LibraryManagementSystem.Controllers.UserController (LibraryManagementSystem).
2023-12-19 11:35:33.617 +05:30 [INF] Executed DbCommand (8ms) [Parameters=[@__email_0='sujithaarul14@gmail.com' (Size = 4000)], CommandType='"Text"', CommandTimeout='30']
SELECT TOP(1) [u].[ID], [u].[Address], [u].[Age], [u].[EmailID], [u].[Gender], [u].[Name], [u].[Password], [u].[PhoneNumber], [u].[ProfilePicture], [u].[RegisterNo]
FROM [UserDetails] AS [u]
WHERE [u].[EmailID] = @__email_0
2023-12-19 11:35:33.783 +05:30 [INF] Executed DbCommand (6ms) [Parameters=[@__BookID_0='2567'], CommandType='"Text"', CommandTimeout='30']
SELECT TOP(1) [b].[ID], [b].[AddedOn], [b].[AuthorName], [b].[BookEdition], [b].[BookID], [b].[BookName], [b].[Category], [b].[Description], [b].[ProfilePicture], [b].[TotalPages]
FROM [Books] AS [b]
WHERE [b].[BookID] = @__BookID_0
2023-12-19 11:35:34.137 +05:30 [INF] Executed DbCommand (44ms) [Parameters=[@p0='6', @p1='2567', @p2='E is for Environment' (Nullable = false) (Size = 4000), @p3='2023-12-19T11:35:33.8550822+05:30', @p4='sujithaarul14@gmail.com' (Nullable = false) (Size = 4000), @p5='Sujitha P' (Nullable = false) (Size = 4000)], CommandType='"Text"', CommandTimeout='30']
SET IMPLICIT_TRANSACTIONS OFF;
SET NOCOUNT ON;
INSERT INTO [BorrowBooks] ([BookEdition], [BookID], [BookName], [Date], [EmailID], [Name])
OUTPUT INSERTED.[ID]
VALUES (@p0, @p1, @p2, @p3, @p4, @p5);
2023-12-19 11:35:34.211 +05:30 [INF] Executing RedirectResult, redirecting to /User/UserHomePage.
2023-12-19 11:35:34.216 +05:30 [INF] Executed action LibraryManagementSystem.Controllers.UserController.BorrowBook (LibraryManagementSystem) in 642.2729ms
2023-12-19 11:35:34.216 +05:30 [INF] Executed endpoint 'LibraryManagementSystem.Controllers.UserController.BorrowBook (LibraryManagementSystem)'
2023-12-19 11:35:34.217 +05:30 [INF] Request finished HTTP/1.1 POST http://localhost:5208/User/BorrowBook application/x-www-form-urlencoded 194 - 302 0 - 660.2589ms
2023-12-19 11:35:34.220 +05:30 [INF] Request starting HTTP/1.1 GET http://localhost:5208/User/UserHomePage - -
2023-12-19 11:35:34.221 +05:30 [INF] Executing endpoint 'LibraryManagementSystem.Controllers.UserController.UserHomePage (LibraryManagementSystem)'
2023-12-19 11:35:34.221 +05:30 [INF] Route matched with {action = "UserHomePage", controller = "User"}. Executing controller action with signature Microsoft.AspNetCore.Mvc.IActionResult UserHomePage() on controller LibraryManagementSystem.Controllers.UserController (LibraryManagementSystem).
2023-12-19 11:35:34.222 +05:30 [INF] Executing ViewResult, running view UserHomePage.
2023-12-19 11:35:34.222 +05:30 [INF] Executed ViewResult - view UserHomePage executed in 0.9171ms.
2023-12-19 11:35:34.223 +05:30 [INF] Executed action LibraryManagementSystem.Controllers.UserController.UserHomePage (LibraryManagementSystem) in 1.7054ms
2023-12-19 11:35:34.223 +05:30 [INF] Executed endpoint 'LibraryManagementSystem.Controllers.UserController.UserHomePage (LibraryManagementSystem)'
2023-12-19 11:35:34.223 +05:30 [INF] Request finished HTTP/1.1 GET http://localhost:5208/User/UserHomePage - - - 200 - text/html;+charset=utf-8 2.5034ms
2023-12-19 11:35:39.604 +05:30 [INF] Request starting HTTP/1.1 GET http://localhost:5208/Category/MainIndex - -
2023-12-19 11:35:39.605 +05:30 [INF] Executing endpoint 'LibraryManagementSystem.Controllers.CategoryController.MainIndex (LibraryManagementSystem)'
2023-12-19 11:35:39.605 +05:30 [INF] Route matched with {action = "MainIndex", controller = "Category"}. Executing controller action with signature Microsoft.AspNetCore.Mvc.IActionResult MainIndex() on controller LibraryManagementSystem.Controllers.CategoryController (LibraryManagementSystem).
2023-12-19 11:35:39.605 +05:30 [INF] Executing ViewResult, running view MainIndex.
2023-12-19 11:35:39.606 +05:30 [INF] Executed ViewResult - view MainIndex executed in 1.188ms.
2023-12-19 11:35:39.607 +05:30 [INF] Executed action LibraryManagementSystem.Controllers.CategoryController.MainIndex (LibraryManagementSystem) in 1.6827ms
2023-12-19 11:35:39.607 +05:30 [INF] Executed endpoint 'LibraryManagementSystem.Controllers.CategoryController.MainIndex (LibraryManagementSystem)'
2023-12-19 11:35:39.607 +05:30 [INF] Request finished HTTP/1.1 GET http://localhost:5208/Category/MainIndex - - - 200 - text/html;+charset=utf-8 2.8432ms
2023-12-19 11:35:46.980 +05:30 [INF] Request starting HTTP/1.1 GET http://localhost:5208/User/Indexs - -
2023-12-19 11:35:46.981 +05:30 [INF] Executing endpoint 'LibraryManagementSystem.Controllers.UserController.Indexs (LibraryManagementSystem)'
2023-12-19 11:35:46.990 +05:30 [INF] Route matched with {action = "Indexs", controller = "User"}. Executing controller action with signature System.Threading.Tasks.Task`1[Microsoft.AspNetCore.Mvc.IActionResult] Indexs() on controller LibraryManagementSystem.Controllers.UserController (LibraryManagementSystem).
2023-12-19 11:35:47.007 +05:30 [INF] Executed DbCommand (3ms) [Parameters=[@__email_0='sujithaarul14@gmail.com' (Size = 4000)], CommandType='"Text"', CommandTimeout='30']
SELECT TOP(1) [u].[ID], [u].[Address], [u].[Age], [u].[EmailID], [u].[Gender], [u].[Name], [u].[Password], [u].[PhoneNumber], [u].[ProfilePicture], [u].[RegisterNo]
FROM [UserDetails] AS [u]
WHERE [u].[EmailID] = @__email_0
2023-12-19 11:35:47.016 +05:30 [INF] Executing ViewResult, running view Indexs.
2023-12-19 11:35:47.088 +05:30 [INF] Executed ViewResult - view Indexs executed in 76.8478ms.
2023-12-19 11:35:47.089 +05:30 [INF] Executed action LibraryManagementSystem.Controllers.UserController.Indexs (LibraryManagementSystem) in 98.7533ms
2023-12-19 11:35:47.089 +05:30 [INF] Executed endpoint 'LibraryManagementSystem.Controllers.UserController.Indexs (LibraryManagementSystem)'
2023-12-19 11:35:47.089 +05:30 [INF] Request finished HTTP/1.1 GET http://localhost:5208/User/Indexs - - - 200 - text/html;+charset=utf-8 108.5289ms
2023-12-19 11:35:51.949 +05:30 [INF] Request starting HTTP/1.1 GET http://localhost:5208/Category/MainIndex - -
2023-12-19 11:35:51.950 +05:30 [INF] Executing endpoint 'LibraryManagementSystem.Controllers.CategoryController.MainIndex (LibraryManagementSystem)'
2023-12-19 11:35:51.950 +05:30 [INF] Route matched with {action = "MainIndex", controller = "Category"}. Executing controller action with signature Microsoft.AspNetCore.Mvc.IActionResult MainIndex() on controller LibraryManagementSystem.Controllers.CategoryController (LibraryManagementSystem).
2023-12-19 11:35:51.950 +05:30 [INF] Executing ViewResult, running view MainIndex.
2023-12-19 11:35:51.951 +05:30 [INF] Executed ViewResult - view MainIndex executed in 0.6852ms.
2023-12-19 11:35:51.951 +05:30 [INF] Executed action LibraryManagementSystem.Controllers.CategoryController.MainIndex (LibraryManagementSystem) in 1.0789ms
2023-12-19 11:35:51.951 +05:30 [INF] Executed endpoint 'LibraryManagementSystem.Controllers.CategoryController.MainIndex (LibraryManagementSystem)'
2023-12-19 11:35:51.951 +05:30 [INF] Request finished HTTP/1.1 GET http://localhost:5208/Category/MainIndex - - - 200 - text/html;+charset=utf-8 2.1520ms
2023-12-19 11:35:56.022 +05:30 [INF] Request starting HTTP/1.1 GET http://localhost:5208/Category/Environment - -
2023-12-19 11:35:56.027 +05:30 [INF] Executing endpoint 'LibraryManagementSystem.Controllers.CategoryController.Environment (LibraryManagementSystem)'
2023-12-19 11:35:56.028 +05:30 [INF] Route matched with {action = "Environment", controller = "Category"}. Executing controller action with signature System.Threading.Tasks.Task`1[Microsoft.AspNetCore.Mvc.IActionResult] Environment(System.String, System.String, System.String, System.Nullable`1[System.Int32]) on controller LibraryManagementSystem.Controllers.CategoryController (LibraryManagementSystem).
2023-12-19 11:35:56.038 +05:30 [INF] Executed DbCommand (3ms) [Parameters=[], CommandType='"Text"', CommandTimeout='30']
SELECT COUNT(*)
FROM [Books] AS [b]
WHERE [b].[Category] = N'Environment'
2023-12-19 11:35:56.047 +05:30 [INF] Executed DbCommand (3ms) [Parameters=[@__p_0='0', @__p_1='3'], CommandType='"Text"', CommandTimeout='30']
SELECT [b].[ID], [b].[AddedOn], [b].[AuthorName], [b].[BookEdition], [b].[BookID], [b].[BookName], [b].[Category], [b].[Description], [b].[ProfilePicture], [b].[TotalPages]
FROM [Books] AS [b]
WHERE [b].[Category] = N'Environment'
ORDER BY [b].[BookID]
OFFSET @__p_0 ROWS FETCH NEXT @__p_1 ROWS ONLY
2023-12-19 11:35:56.050 +05:30 [INF] Executing ViewResult, running view Environment.
2023-12-19 11:35:56.054 +05:30 [INF] Executed ViewResult - view Environment executed in 3.5137ms.
2023-12-19 11:35:56.054 +05:30 [INF] Executed action LibraryManagementSystem.Controllers.CategoryController.Environment (LibraryManagementSystem) in 25.7915ms
2023-12-19 11:35:56.054 +05:30 [INF] Executed endpoint 'LibraryManagementSystem.Controllers.CategoryController.Environment (LibraryManagementSystem)'
2023-12-19 11:35:56.054 +05:30 [INF] Request finished HTTP/1.1 GET http://localhost:5208/Category/Environment - - - 200 - text/html;+charset=utf-8 32.4026ms
2023-12-19 11:35:56.130 +05:30 [INF] Request starting HTTP/1.1 GET http://localhost:5208/images/496fa995-f80d-4396-9e45-6ab906922d3a .jpg - -
2023-12-19 11:35:56.132 +05:30 [INF] Request finished HTTP/1.1 GET http://localhost:5208/images/496fa995-f80d-4396-9e45-6ab906922d3a .jpg - - - 404 0 - 1.1624ms
2023-12-19 11:36:03.796 +05:30 [INF] Request starting HTTP/1.1 POST http://localhost:5208/User/BorrowBook application/x-www-form-urlencoded 194
2023-12-19 11:36:03.797 +05:30 [INF] Executing endpoint 'LibraryManagementSystem.Controllers.UserController.BorrowBook (LibraryManagementSystem)'
2023-12-19 11:36:03.797 +05:30 [INF] Route matched with {action = "BorrowBook", controller = "User"}. Executing controller action with signature System.Threading.Tasks.Task`1[Microsoft.AspNetCore.Mvc.IActionResult] BorrowBook(Int32) on controller LibraryManagementSystem.Controllers.UserController (LibraryManagementSystem).
2023-12-19 11:36:03.803 +05:30 [INF] Executed DbCommand (4ms) [Parameters=[@__email_0='sujithaarul14@gmail.com' (Size = 4000)], CommandType='"Text"', CommandTimeout='30']
SELECT TOP(1) [u].[ID], [u].[Address], [u].[Age], [u].[EmailID], [u].[Gender], [u].[Name], [u].[Password], [u].[PhoneNumber], [u].[ProfilePicture], [u].[RegisterNo]
FROM [UserDetails] AS [u]
WHERE [u].[EmailID] = @__email_0
2023-12-19 11:36:03.828 +05:30 [INF] Executed DbCommand (17ms) [Parameters=[@__BookID_0='2569'], CommandType='"Text"', CommandTimeout='30']
SELECT TOP(1) [b].[ID], [b].[AddedOn], [b].[AuthorName], [b].[BookEdition], [b].[BookID], [b].[BookName], [b].[Category], [b].[Description], [b].[ProfilePicture], [b].[TotalPages]
FROM [Books] AS [b]
WHERE [b].[BookID] = @__BookID_0
2023-12-19 11:36:03.895 +05:30 [INF] Executed DbCommand (16ms) [Parameters=[@p0='8', @p1='2569', @p2='The diversity of life' (Nullable = false) (Size = 4000), @p3='2023-12-19T11:36:03.8292776+05:30', @p4='sujithaarul14@gmail.com' (Nullable = false) (Size = 4000), @p5='Sujitha P' (Nullable = false) (Size = 4000)], CommandType='"Text"', CommandTimeout='30']
SET IMPLICIT_TRANSACTIONS OFF;
SET NOCOUNT ON;
INSERT INTO [BorrowBooks] ([BookEdition], [BookID], [BookName], [Date], [EmailID], [Name])
OUTPUT INSERTED.[ID]
VALUES (@p0, @p1, @p2, @p3, @p4, @p5);
2023-12-19 11:36:03.913 +05:30 [INF] Executing RedirectResult, redirecting to /User/UserHomePage.
2023-12-19 11:36:03.913 +05:30 [INF] Executed action LibraryManagementSystem.Controllers.UserController.BorrowBook (LibraryManagementSystem) in 116.2034ms
2023-12-19 11:36:03.913 +05:30 [INF] Executed endpoint 'LibraryManagementSystem.Controllers.UserController.BorrowBook (LibraryManagementSystem)'
2023-12-19 11:36:03.914 +05:30 [INF] Request finished HTTP/1.1 POST http://localhost:5208/User/BorrowBook application/x-www-form-urlencoded 194 - 302 0 - 117.6572ms
2023-12-19 11:36:03.917 +05:30 [INF] Request starting HTTP/1.1 GET http://localhost:5208/User/UserHomePage - -
2023-12-19 11:36:03.918 +05:30 [INF] Executing endpoint 'LibraryManagementSystem.Controllers.UserController.UserHomePage (LibraryManagementSystem)'
2023-12-19 11:36:03.918 +05:30 [INF] Route matched with {action = "UserHomePage", controller = "User"}. Executing controller action with signature Microsoft.AspNetCore.Mvc.IActionResult UserHomePage() on controller LibraryManagementSystem.Controllers.UserController (LibraryManagementSystem).
2023-12-19 11:36:03.918 +05:30 [INF] Executing ViewResult, running view UserHomePage.
2023-12-19 11:36:03.919 +05:30 [INF] Executed ViewResult - view UserHomePage executed in 0.651ms.
2023-12-19 11:36:03.919 +05:30 [INF] Executed action LibraryManagementSystem.Controllers.UserController.UserHomePage (LibraryManagementSystem) in 1.2046ms
2023-12-19 11:36:03.919 +05:30 [INF] Executed endpoint 'LibraryManagementSystem.Controllers.UserController.UserHomePage (LibraryManagementSystem)'
2023-12-19 11:36:03.919 +05:30 [INF] Request finished HTTP/1.1 GET http://localhost:5208/User/UserHomePage - - - 200 - text/html;+charset=utf-8 1.9309ms
2023-12-19 11:36:05.884 +05:30 [INF] Request starting HTTP/1.1 GET http://localhost:5208/User/IssueBookDetails - -
2023-12-19 11:36:05.885 +05:30 [INF] Executing endpoint 'LibraryManagementSystem.Controllers.UserController.IssueBookDetails (LibraryManagementSystem)'
2023-12-19 11:36:05.900 +05:30 [INF] Route matched with {action = "IssueBookDetails", controller = "User"}. Executing controller action with signature System.Threading.Tasks.Task`1[Microsoft.AspNetCore.Mvc.IActionResult] IssueBookDetails(System.String, System.String, System.String, System.Nullable`1[System.Int32]) on controller LibraryManagementSystem.Controllers.UserController (LibraryManagementSystem).
2023-12-19 11:36:05.979 +05:30 [INF] Executed DbCommand (31ms) [Parameters=[@__email_0='sujithaarul14@gmail.com' (Size = 4000)], CommandType='"Text"', CommandTimeout='30']
SELECT COUNT(*)
FROM [IssueBooks] AS [i]
WHERE [i].[EmailID] = @__email_0
2023-12-19 11:36:06.063 +05:30 [INF] Executed DbCommand (72ms) [Parameters=[@__email_0='sujithaarul14@gmail.com' (Size = 4000), @__p_1='0', @__p_2='3'], CommandType='"Text"', CommandTimeout='30']
SELECT [i].[ID], [i].[BookEdition], [i].[BookID], [i].[BookName], [i].[BorrowDate], [i].[DueDate], [i].[EmailID], [i].[IssueDate], [i].[Issued], [i].[Name], [i].[PaymentStatus], [i].[Penalty], [i].[ReturnDate]
FROM [IssueBooks] AS [i]
WHERE [i].[EmailID] = @__email_0
ORDER BY [i].[BookEdition]
OFFSET @__p_1 ROWS FETCH NEXT @__p_2 ROWS ONLY
2023-12-19 11:36:06.068 +05:30 [INF] Executing ViewResult, running view IssueBookDetails.
2023-12-19 11:36:06.126 +05:30 [INF] Executed ViewResult - view IssueBookDetails executed in 59.5245ms.
2023-12-19 11:36:06.128 +05:30 [INF] Executed action LibraryManagementSystem.Controllers.UserController.IssueBookDetails (LibraryManagementSystem) in 227.2307ms
2023-12-19 11:36:06.128 +05:30 [INF] Executed endpoint 'LibraryManagementSystem.Controllers.UserController.IssueBookDetails (LibraryManagementSystem)'
2023-12-19 11:36:06.128 +05:30 [INF] Request finished HTTP/1.1 GET http://localhost:5208/User/IssueBookDetails - - - 200 - text/html;+charset=utf-8 243.8725ms
2023-12-19 11:36:09.548 +05:30 [INF] Request starting HTTP/1.1 GET http://localhost:5208/UserDetail - -
2023-12-19 11:36:09.548 +05:30 [INF] Executing endpoint 'LibraryManagementSystem.Controllers.UserDetailController.Index (LibraryManagementSystem)'
2023-12-19 11:36:09.549 +05:30 [INF] Route matched with {action = "Index", controller = "UserDetail"}. Executing controller action with signature System.Threading.Tasks.Task`1[Microsoft.AspNetCore.Mvc.IActionResult] Index(System.String, System.String, System.String, System.Nullable`1[System.Int32]) on controller LibraryManagementSystem.Controllers.UserDetailController (LibraryManagementSystem).
2023-12-19 11:36:09.560 +05:30 [INF] Executed DbCommand (7ms) [Parameters=[], CommandType='"Text"', CommandTimeout='30']
SELECT COUNT(*)
FROM [UserDetails] AS [u]
2023-12-19 11:36:09.564 +05:30 [INF] Executed DbCommand (3ms) [Parameters=[@__p_0='0', @__p_1='3'], CommandType='"Text"', CommandTimeout='30']
SELECT [u].[ID], [u].[Address], [u].[Age], [u].[EmailID], [u].[Gender], [u].[Name], [u].[Password], [u].[PhoneNumber], [u].[ProfilePicture], [u].[RegisterNo]
FROM [UserDetails] AS [u]
ORDER BY [u].[RegisterNo]
OFFSET @__p_0 ROWS FETCH NEXT @__p_1 ROWS ONLY
2023-12-19 11:36:09.567 +05:30 [INF] Executing ViewResult, running view Index.
2023-12-19 11:36:09.614 +05:30 [INF] Executed ViewResult - view Index executed in 47.0991ms.
2023-12-19 11:36:09.614 +05:30 [INF] Executed action LibraryManagementSystem.Controllers.UserDetailController.Index (LibraryManagementSystem) in 65.5937ms
2023-12-19 11:36:09.614 +05:30 [INF] Executed endpoint 'LibraryManagementSystem.Controllers.UserDetailController.Index (LibraryManagementSystem)'
2023-12-19 11:36:09.614 +05:30 [INF] Request finished HTTP/1.1 GET http://localhost:5208/UserDetail - - - 200 - text/html;+charset=utf-8 66.3497ms
2023-12-19 11:36:14.031 +05:30 [INF] Request starting HTTP/1.1 GET http://localhost:5208/Category/Environment - -
2023-12-19 11:36:14.032 +05:30 [INF] Executing endpoint 'LibraryManagementSystem.Controllers.CategoryController.Environment (LibraryManagementSystem)'
2023-12-19 11:36:14.032 +05:30 [INF] Route matched with {action = "Environment", controller = "Category"}. Executing controller action with signature System.Threading.Tasks.Task`1[Microsoft.AspNetCore.Mvc.IActionResult] Environment(System.String, System.String, System.String, System.Nullable`1[System.Int32]) on controller LibraryManagementSystem.Controllers.CategoryController (LibraryManagementSystem).
2023-12-19 11:36:14.045 +05:30 [INF] Executed DbCommand (8ms) [Parameters=[], CommandType='"Text"', CommandTimeout='30']
SELECT COUNT(*)
FROM [Books] AS [b]
WHERE [b].[Category] = N'Environment'
2023-12-19 11:36:14.050 +05:30 [INF] Executed DbCommand (4ms) [Parameters=[@__p_0='0', @__p_1='3'], CommandType='"Text"', CommandTimeout='30']
SELECT [b].[ID], [b].[AddedOn], [b].[AuthorName], [b].[BookEdition], [b].[BookID], [b].[BookName], [b].[Category], [b].[Description], [b].[ProfilePicture], [b].[TotalPages]
FROM [Books] AS [b]
WHERE [b].[Category] = N'Environment'
ORDER BY [b].[BookID]
OFFSET @__p_0 ROWS FETCH NEXT @__p_1 ROWS ONLY
2023-12-19 11:36:14.057 +05:30 [INF] Executing ViewResult, running view Environment.
2023-12-19 11:36:14.059 +05:30 [INF] Executed ViewResult - view Environment executed in 1.6086ms.
2023-12-19 11:36:14.059 +05:30 [INF] Executed action LibraryManagementSystem.Controllers.CategoryController.Environment (LibraryManagementSystem) in 27.2452ms
2023-12-19 11:36:14.059 +05:30 [INF] Executed endpoint 'LibraryManagementSystem.Controllers.CategoryController.Environment (LibraryManagementSystem)'
2023-12-19 11:36:14.059 +05:30 [INF] Request finished HTTP/1.1 GET http://localhost:5208/Category/Environment - - - 200 - text/html;+charset=utf-8 28.0679ms
2023-12-19 11:36:16.457 +05:30 [INF] Request starting HTTP/1.1 GET http://localhost:5208/ - -
2023-12-19 11:36:16.458 +05:30 [INF] Executing endpoint 'LibraryManagementSystem.Controllers.HomeController.Index (LibraryManagementSystem)'
2023-12-19 11:36:16.458 +05:30 [INF] Route matched with {action = "Index", controller = "Home"}. Executing controller action with signature Microsoft.AspNetCore.Mvc.IActionResult Index() on controller LibraryManagementSystem.Controllers.HomeController (LibraryManagementSystem).
2023-12-19 11:36:16.459 +05:30 [INF] Executing ViewResult, running view Index.
2023-12-19 11:36:16.460 +05:30 [INF] Executed ViewResult - view Index executed in 1.4794ms.
2023-12-19 11:36:16.460 +05:30 [INF] Executed action LibraryManagementSystem.Controllers.HomeController.Index (LibraryManagementSystem) in 1.6984ms
2023-12-19 11:36:16.460 +05:30 [INF] Executed endpoint 'LibraryManagementSystem.Controllers.HomeController.Index (LibraryManagementSystem)'
2023-12-19 11:36:16.460 +05:30 [INF] Request finished HTTP/1.1 GET http://localhost:5208/ - - - 200 - text/html;+charset=utf-8 2.9677ms
2023-12-19 11:36:18.158 +05:30 [INF] Request starting HTTP/1.1 GET http://localhost:5208/Home/LoginPage - -
2023-12-19 11:36:18.158 +05:30 [INF] Executing endpoint 'LibraryManagementSystem.Controllers.HomeController.LoginPage (LibraryManagementSystem)'
2023-12-19 11:36:18.158 +05:30 [INF] Route matched with {action = "LoginPage", controller = "Home"}. Executing controller action with signature Microsoft.AspNetCore.Mvc.IActionResult LoginPage() on controller LibraryManagementSystem.Controllers.HomeController (LibraryManagementSystem).
2023-12-19 11:36:18.159 +05:30 [INF] Executing ViewResult, running view LoginPage.
2023-12-19 11:36:18.159 +05:30 [INF] Executed ViewResult - view LoginPage executed in 0.5917ms.
2023-12-19 11:36:18.159 +05:30 [INF] Executed action LibraryManagementSystem.Controllers.HomeController.LoginPage (LibraryManagementSystem) in 0.7816ms
2023-12-19 11:36:18.159 +05:30 [INF] Executed endpoint 'LibraryManagementSystem.Controllers.HomeController.LoginPage (LibraryManagementSystem)'
2023-12-19 11:36:18.159 +05:30 [INF] Request finished HTTP/1.1 GET http://localhost:5208/Home/LoginPage - - - 200 - text/html;+charset=utf-8 1.4214ms
2023-12-19 11:36:19.480 +05:30 [INF] Request starting HTTP/1.1 GET http://localhost:5208/Login/AdminLogin - -
2023-12-19 11:36:19.480 +05:30 [INF] Executing endpoint 'LibraryManagementSystem.Controllers.LoginController.AdminLogin (LibraryManagementSystem)'
2023-12-19 11:36:19.481 +05:30 [INF] Route matched with {action = "AdminLogin", controller = "Login"}. Executing controller action with signature Microsoft.AspNetCore.Mvc.IActionResult AdminLogin() on controller LibraryManagementSystem.Controllers.LoginController (LibraryManagementSystem).
2023-12-19 11:36:19.481 +05:30 [INF] Executing ViewResult, running view AdminLogin.
2023-12-19 11:36:19.491 +05:30 [INF] Executed ViewResult - view AdminLogin executed in 9.5107ms.
2023-12-19 11:36:19.491 +05:30 [INF] Executed action LibraryManagementSystem.Controllers.LoginController.AdminLogin (LibraryManagementSystem) in 9.8653ms
2023-12-19 11:36:19.491 +05:30 [INF] Executed endpoint 'LibraryManagementSystem.Controllers.LoginController.AdminLogin (LibraryManagementSystem)'
2023-12-19 11:36:19.491 +05:30 [INF] Request finished HTTP/1.1 GET http://localhost:5208/Login/AdminLogin - - - 200 - text/html;+charset=utf-8 11.1350ms
2023-12-19 11:36:19.544 +05:30 [INF] Request starting HTTP/1.1 GET http://localhost:5208/Login/fonts/material-icon/css/material-design-iconic-font.min.css - -
2023-12-19 11:36:19.545 +05:30 [INF] Request finished HTTP/1.1 GET http://localhost:5208/Login/fonts/material-icon/css/material-design-iconic-font.min.css - - - 404 0 - 0.5954ms
2023-12-19 11:36:19.545 +05:30 [INF] Request starting HTTP/1.1 GET http://localhost:5208/Login/css/style.css - -
2023-12-19 11:36:19.546 +05:30 [INF] Request finished HTTP/1.1 GET http://localhost:5208/Login/css/style.css - - - 404 0 - 1.8246ms
2023-12-19 11:36:19.547 +05:30 [INF] Request starting HTTP/1.1 GET http://localhost:5208/Login/vendor/jquery/jquery.min.js - -
2023-12-19 11:36:19.547 +05:30 [INF] Request finished HTTP/1.1 GET http://localhost:5208/Login/vendor/jquery/jquery.min.js - - - 404 0 - 0.5084ms
2023-12-19 11:36:19.566 +05:30 [INF] Request starting HTTP/1.1 GET http://localhost:5208/Login/js/main.js - -
2023-12-19 11:36:19.577 +05:30 [INF] Request finished HTTP/1.1 GET http://localhost:5208/Login/js/main.js - - - 404 0 - 11.2555ms
2023-12-19 11:36:19.607 +05:30 [INF] Request starting HTTP/1.1 GET http://localhost:5208/fonts/poppins/poppins-v5-latin-700.woff2 - -
2023-12-19 11:36:19.607 +05:30 [INF] Request finished HTTP/1.1 GET http://localhost:5208/fonts/poppins/poppins-v5-latin-700.woff2 - - - 404 0 - 0.5138ms
2023-12-19 11:36:19.622 +05:30 [INF] Request starting HTTP/1.1 GET http://localhost:5208/fonts/poppins/poppins-v5-latin-700.woff - -
2023-12-19 11:36:19.623 +05:30 [INF] Request finished HTTP/1.1 GET http://localhost:5208/fonts/poppins/poppins-v5-latin-700.woff - - - 404 0 - 1.0537ms
2023-12-19 11:36:19.699 +05:30 [INF] Request starting HTTP/1.1 GET http://localhost:5208/fonts/poppins/poppins-v5-latin-700.ttf - -
2023-12-19 11:36:19.704 +05:30 [INF] Request finished HTTP/1.1 GET http://localhost:5208/fonts/poppins/poppins-v5-latin-700.ttf - - - 404 0 - 4.6771ms
2023-12-19 11:36:27.996 +05:30 [INF] Request starting HTTP/1.1 POST http://localhost:5208/Login/AdminLogin application/x-www-form-urlencoded 231
2023-12-19 11:36:27.996 +05:30 [INF] Executing endpoint 'LibraryManagementSystem.Controllers.LoginController.AdminLogin (LibraryManagementSystem)'
2023-12-19 11:36:27.996 +05:30 [INF] Route matched with {action = "AdminLogin", controller = "Login"}. Executing controller action with signature Microsoft.AspNetCore.Mvc.IActionResult AdminLogin(LibraryManagementSystem.Models.Login) on controller LibraryManagementSystem.Controllers.LoginController (LibraryManagementSystem).
2023-12-19 11:36:28.008 +05:30 [INF] Executing RedirectResult, redirecting to /Admin/AdminHomePage.
2023-12-19 11:36:28.008 +05:30 [INF] Executed action LibraryManagementSystem.Controllers.LoginController.AdminLogin (LibraryManagementSystem) in 11.6027ms
2023-12-19 11:36:28.008 +05:30 [INF] Executed endpoint 'LibraryManagementSystem.Controllers.LoginController.AdminLogin (LibraryManagementSystem)'
2023-12-19 11:36:28.008 +05:30 [INF] Request finished HTTP/1.1 POST http://localhost:5208/Login/AdminLogin application/x-www-form-urlencoded 231 - 302 0 - 12.3384ms
2023-12-19 11:36:28.012 +05:30 [INF] Request starting HTTP/1.1 GET http://localhost:5208/Admin/AdminHomePage - -
2023-12-19 11:36:28.022 +05:30 [INF] Executing endpoint 'LibraryManagementSystem.Controllers.AdminController.AdminHomePage (LibraryManagementSystem)'
2023-12-19 11:36:28.022 +05:30 [INF] Route matched with {action = "AdminHomePage", controller = "Admin"}. Executing controller action with signature Microsoft.AspNetCore.Mvc.IActionResult AdminHomePage() on controller LibraryManagementSystem.Controllers.AdminController (LibraryManagementSystem).
2023-12-19 11:36:28.023 +05:30 [INF] Executing ViewResult, running view AdminHomePage.
2023-12-19 11:36:28.024 +05:30 [INF] Executed ViewResult - view AdminHomePage executed in 1.2413ms.
2023-12-19 11:36:28.025 +05:30 [INF] Executed action LibraryManagementSystem.Controllers.AdminController.AdminHomePage (LibraryManagementSystem) in 2.7342ms
2023-12-19 11:36:28.025 +05:30 [INF] Executed endpoint 'LibraryManagementSystem.Controllers.AdminController.AdminHomePage (LibraryManagementSystem)'
2023-12-19 11:36:28.025 +05:30 [INF] Request finished HTTP/1.1 GET http://localhost:5208/Admin/AdminHomePage - - - 200 - text/html;+charset=utf-8 13.2477ms
2023-12-19 11:36:29.886 +05:30 [INF] Request starting HTTP/1.1 GET http://localhost:5208/Admin/BorrowBookDetails - -
2023-12-19 11:36:29.887 +05:30 [INF] Executing endpoint 'LibraryManagementSystem.Controllers.AdminController.BorrowBookDetails (LibraryManagementSystem)'
2023-12-19 11:36:29.896 +05:30 [INF] Route matched with {action = "BorrowBookDetails", controller = "Admin"}. Executing controller action with signature System.Threading.Tasks.Task`1[Microsoft.AspNetCore.Mvc.IActionResult] BorrowBookDetails(System.String, System.String, System.String, System.Nullable`1[System.Int32]) on controller LibraryManagementSystem.Controllers.AdminController (LibraryManagementSystem).
2023-12-19 11:36:29.920 +05:30 [INF] Executed DbCommand (3ms) [Parameters=[], CommandType='"Text"', CommandTimeout='30']
SELECT COUNT(*)
FROM [BorrowBooks] AS [b]
2023-12-19 11:36:29.993 +05:30 [INF] Executed DbCommand (64ms) [Parameters=[@__p_0='0', @__p_1='3'], CommandType='"Text"', CommandTimeout='30']
SELECT [b].[ID], [b].[BookEdition], [b].[BookID], [b].[BookName], [b].[Date], [b].[EmailID], [b].[Name]
FROM [BorrowBooks] AS [b]
ORDER BY [b].[BookID]
OFFSET @__p_0 ROWS FETCH NEXT @__p_1 ROWS ONLY
2023-12-19 11:36:30.002 +05:30 [INF] Executing ViewResult, running view BorrowBookDetails.
2023-12-19 11:36:30.037 +05:30 [INF] Executed ViewResult - view BorrowBookDetails executed in 36.6774ms.
2023-12-19 11:36:30.038 +05:30 [INF] Executed action LibraryManagementSystem.Controllers.AdminController.BorrowBookDetails (LibraryManagementSystem) in 141.0338ms
2023-12-19 11:36:30.038 +05:30 [INF] Executed endpoint 'LibraryManagementSystem.Controllers.AdminController.BorrowBookDetails (LibraryManagementSystem)'
2023-12-19 11:36:30.038 +05:30 [INF] Request finished HTTP/1.1 GET http://localhost:5208/Admin/BorrowBookDetails - - - 200 - text/html;+charset=utf-8 152.1445ms
2023-12-19 11:36:33.609 +05:30 [INF] Request starting HTTP/1.1 POST http://localhost:5208/Admin/IssueBook application/x-www-form-urlencoded 194
2023-12-19 11:36:33.609 +05:30 [INF] Executing endpoint 'LibraryManagementSystem.Controllers.AdminController.IssueBook (LibraryManagementSystem)'
2023-12-19 11:36:33.623 +05:30 [INF] Route matched with {action = "IssueBook", controller = "Admin"}. Executing controller action with signature System.Threading.Tasks.Task`1[Microsoft.AspNetCore.Mvc.IActionResult] IssueBook(Int32) on controller LibraryManagementSystem.Controllers.AdminController (LibraryManagementSystem).
2023-12-19 11:36:33.662 +05:30 [INF] Executed DbCommand (23ms) [Parameters=[@__BookID_0='2569'], CommandType='"Text"', CommandTimeout='30']
SELECT TOP(1) [b].[ID], [b].[BookEdition], [b].[BookID], [b].[BookName], [b].[Date], [b].[EmailID], [b].[Name]
FROM [BorrowBooks] AS [b]
WHERE [b].[BookID] = @__BookID_0
2023-12-19 11:36:33.960 +05:30 [INF] Executed DbCommand (174ms) [Parameters=[@p0='8', @p1='2569', @p2='The diversity of life' (Nullable = false) (Size = 4000), @p3='2023-05-03T18:35:45.2083324', @p4='2023-12-29T11:36:33.6704396+05:30', @p5='sujithaarul14@gmail.com' (Nullable = false) (Size = 4000), @p6='2023-12-19T11:36:33.6703778+05:30', @p7='Yes' (Nullable = false) (Size = 4000), @p8='Sujitha P' (Nullable = false) (Size = 4000), @p9=NULL (Size = 4000), @p10=NULL (DbType = Single), @p11='0001-01-01T00:00:00.0000000'], CommandType='"Text"', CommandTimeout='30']
SET IMPLICIT_TRANSACTIONS OFF;
SET NOCOUNT ON;
INSERT INTO [IssueBooks] ([BookEdition], [BookID], [BookName], [BorrowDate], [DueDate], [EmailID], [IssueDate], [Issued], [Name], [PaymentStatus], [Penalty], [ReturnDate])
OUTPUT INSERTED.[ID]
VALUES (@p0, @p1, @p2, @p3, @p4, @p5, @p6, @p7, @p8, @p9, @p10, @p11);
2023-12-19 11:36:34.305 +05:30 [INF] Executed DbCommand (323ms) [Parameters=[@p0='25'], CommandType='"Text"', CommandTimeout='30']
SET IMPLICIT_TRANSACTIONS OFF;
SET NOCOUNT ON;
DELETE FROM [BorrowBooks]
OUTPUT 1
WHERE [ID] = @p0;
2023-12-19 11:36:34.316 +05:30 [INF] Executing RedirectResult, redirecting to /Admin/AdminHomePage.
2023-12-19 11:36:34.316 +05:30 [INF] Executed action LibraryManagementSystem.Controllers.AdminController.IssueBook (LibraryManagementSystem) in 692.7825ms
2023-12-19 11:36:34.316 +05:30 [INF] Executed endpoint 'LibraryManagementSystem.Controllers.AdminController.IssueBook (LibraryManagementSystem)'
2023-12-19 11:36:34.316 +05:30 [INF] Request finished HTTP/1.1 POST http://localhost:5208/Admin/IssueBook application/x-www-form-urlencoded 194 - 302 0 - 707.3043ms
2023-12-19 11:36:34.338 +05:30 [INF] Request starting HTTP/1.1 GET http://localhost:5208/Admin/AdminHomePage - -
2023-12-19 11:36:34.338 +05:30 [INF] Executing endpoint 'LibraryManagementSystem.Controllers.AdminController.AdminHomePage (LibraryManagementSystem)'
2023-12-19 11:36:34.338 +05:30 [INF] Route matched with {action = "AdminHomePage", controller = "Admin"}. Executing controller action with signature Microsoft.AspNetCore.Mvc.IActionResult AdminHomePage() on controller LibraryManagementSystem.Controllers.AdminController (LibraryManagementSystem).
2023-12-19 11:36:34.339 +05:30 [INF] Executing ViewResult, running view AdminHomePage.
2023-12-19 11:36:34.339 +05:30 [INF] Executed ViewResult - view AdminHomePage executed in 0.5957ms.
2023-12-19 11:36:34.340 +05:30 [INF] Executed action LibraryManagementSystem.Controllers.AdminController.AdminHomePage (LibraryManagementSystem) in 1.1857ms
2023-12-19 11:36:34.340 +05:30 [INF] Executed endpoint 'LibraryManagementSystem.Controllers.AdminController.AdminHomePage (LibraryManagementSystem)'
2023-12-19 11:36:34.340 +05:30 [INF] Request finished HTTP/1.1 GET http://localhost:5208/Admin/AdminHomePage - - - 200 - text/html;+charset=utf-8 1.7432ms
2023-12-19 11:36:37.261 +05:30 [INF] Request starting HTTP/1.1 GET http://localhost:5208/ - -
2023-12-19 11:36:37.268 +05:30 [INF] Executing endpoint 'LibraryManagementSystem.Controllers.HomeController.Index (LibraryManagementSystem)'
2023-12-19 11:36:37.268 +05:30 [INF] Route matched with {action = "Index", controller = "Home"}. Executing controller action with signature Microsoft.AspNetCore.Mvc.IActionResult Index() on controller LibraryManagementSystem.Controllers.HomeController (LibraryManagementSystem).
2023-12-19 11:36:37.268 +05:30 [INF] Executing ViewResult, running view Index.
2023-12-19 11:36:37.269 +05:30 [INF] Executed ViewResult - view Index executed in 1.0854ms.
2023-12-19 11:36:37.270 +05:30 [INF] Executed action LibraryManagementSystem.Controllers.HomeController.Index (LibraryManagementSystem) in 1.2833ms
2023-12-19 11:36:37.270 +05:30 [INF] Executed endpoint 'LibraryManagementSystem.Controllers.HomeController.Index (LibraryManagementSystem)'
2023-12-19 11:36:37.270 +05:30 [INF] Request finished HTTP/1.1 GET http://localhost:5208/ - - - 200 - text/html;+charset=utf-8 8.2754ms
2023-12-19 11:36:38.689 +05:30 [INF] Request starting HTTP/1.1 GET http://localhost:5208/Home/LoginPage - -
2023-12-19 11:36:38.689 +05:30 [INF] Executing endpoint 'LibraryManagementSystem.Controllers.HomeController.LoginPage (LibraryManagementSystem)'
2023-12-19 11:36:38.689 +05:30 [INF] Route matched with {action = "LoginPage", controller = "Home"}. Executing controller action with signature Microsoft.AspNetCore.Mvc.IActionResult LoginPage() on controller LibraryManagementSystem.Controllers.HomeController (LibraryManagementSystem).
2023-12-19 11:36:38.690 +05:30 [INF] Executing ViewResult, running view LoginPage.
2023-12-19 11:36:38.690 +05:30 [INF] Executed ViewResult - view LoginPage executed in 0.586ms.
2023-12-19 11:36:38.690 +05:30 [INF] Executed action LibraryManagementSystem.Controllers.HomeController.LoginPage (LibraryManagementSystem) in 0.9434ms
2023-12-19 11:36:38.691 +05:30 [INF] Executed endpoint 'LibraryManagementSystem.Controllers.HomeController.LoginPage (LibraryManagementSystem)'
2023-12-19 11:36:38.691 +05:30 [INF] Request finished HTTP/1.1 GET http://localhost:5208/Home/LoginPage - - - 200 - text/html;+charset=utf-8 1.5934ms
2023-12-19 11:36:40.084 +05:30 [INF] Request starting HTTP/1.1 GET http://localhost:5208/Login/UserLogin - -
2023-12-19 11:36:40.084 +05:30 [INF] Executing endpoint 'LibraryManagementSystem.Controllers.LoginController.UserLogin (LibraryManagementSystem)'
2023-12-19 11:36:40.084 +05:30 [INF] Route matched with {action = "UserLogin", controller = "Login"}. Executing controller action with signature Microsoft.AspNetCore.Mvc.IActionResult UserLogin() on controller LibraryManagementSystem.Controllers.LoginController (LibraryManagementSystem).
2023-12-19 11:36:40.084 +05:30 [INF] Executing ViewResult, running view UserLogin.
2023-12-19 11:36:40.086 +05:30 [INF] Executed ViewResult - view UserLogin executed in 1.9013ms.
2023-12-19 11:36:40.086 +05:30 [INF] Executed action LibraryManagementSystem.Controllers.LoginController.UserLogin (LibraryManagementSystem) in 2.2685ms
2023-12-19 11:36:40.086 +05:30 [INF] Executed endpoint 'LibraryManagementSystem.Controllers.LoginController.UserLogin (LibraryManagementSystem)'
2023-12-19 11:36:40.086 +05:30 [INF] Request finished HTTP/1.1 GET http://localhost:5208/Login/UserLogin - - - 200 - text/html;+charset=utf-8 2.8419ms
2023-12-19 11:36:40.136 +05:30 [INF] Request starting HTTP/1.1 GET http://localhost:5208/Login/fonts/material-icon/css/material-design-iconic-font.min.css - -
2023-12-19 11:36:40.137 +05:30 [INF] Request finished HTTP/1.1 GET http://localhost:5208/Login/fonts/material-icon/css/material-design-iconic-font.min.css - - - 404 0 - 0.5500ms
2023-12-19 11:36:40.137 +05:30 [INF] Request starting HTTP/1.1 GET http://localhost:5208/Login/css/style.css - -
2023-12-19 11:36:40.138 +05:30 [INF] Request finished HTTP/1.1 GET http://localhost:5208/Login/css/style.css - - - 404 0 - 0.3513ms
2023-12-19 11:36:40.138 +05:30 [INF] Request starting HTTP/1.1 GET http://localhost:5208/Login/vendor/jquery/jquery.min.js - -
2023-12-19 11:36:40.138 +05:30 [INF] Request finished HTTP/1.1 GET http://localhost:5208/Login/vendor/jquery/jquery.min.js - - - 404 0 - 0.3703ms
2023-12-19 11:36:40.149 +05:30 [INF] Request starting HTTP/1.1 GET http://localhost:5208/Login/js/main.js - -
2023-12-19 11:36:40.149 +05:30 [INF] Request finished HTTP/1.1 GET http://localhost:5208/Login/js/main.js - - - 404 0 - 0.6050ms
2023-12-19 11:36:40.175 +05:30 [INF] Request starting HTTP/1.1 GET http://localhost:5208/fonts/poppins/poppins-v5-latin-700.woff2 - -
2023-12-19 11:36:40.176 +05:30 [INF] Request finished HTTP/1.1 GET http://localhost:5208/fonts/poppins/poppins-v5-latin-700.woff2 - - - 404 0 - 0.5126ms
2023-12-19 11:36:40.238 +05:30 [INF] Request starting HTTP/1.1 GET http://localhost:5208/fonts/poppins/poppins-v5-latin-700.woff - -
2023-12-19 11:36:40.239 +05:30 [INF] Request finished HTTP/1.1 GET http://localhost:5208/fonts/poppins/poppins-v5-latin-700.woff - - - 404 0 - 0.6549ms
2023-12-19 11:36:40.256 +05:30 [INF] Request starting HTTP/1.1 GET http://localhost:5208/fonts/poppins/poppins-v5-latin-700.ttf - -
2023-12-19 11:36:40.257 +05:30 [INF] Request finished HTTP/1.1 GET http://localhost:5208/fonts/poppins/poppins-v5-latin-700.ttf - - - 404 0 - 0.5903ms
2023-12-19 11:36:47.555 +05:30 [INF] Request starting HTTP/1.1 POST http://localhost:5208/Login/UserLogin application/x-www-form-urlencoded 235
2023-12-19 11:36:47.555 +05:30 [INF] Executing endpoint 'LibraryManagementSystem.Controllers.LoginController.UserLogin (LibraryManagementSystem)'
2023-12-19 11:36:47.555 +05:30 [INF] Route matched with {action = "UserLogin", controller = "Login"}. Executing controller action with signature Microsoft.AspNetCore.Mvc.IActionResult UserLogin(LibraryManagementSystem.Models.Login) on controller LibraryManagementSystem.Controllers.LoginController (LibraryManagementSystem).
2023-12-19 11:36:47.571 +05:30 [INF] Executing RedirectResult, redirecting to /User/UserHomePage.
2023-12-19 11:36:47.571 +05:30 [INF] Executed action LibraryManagementSystem.Controllers.LoginController.UserLogin (LibraryManagementSystem) in 16.0021ms
2023-12-19 11:36:47.571 +05:30 [INF] Executed endpoint 'LibraryManagementSystem.Controllers.LoginController.UserLogin (LibraryManagementSystem)'
2023-12-19 11:36:47.572 +05:30 [INF] Request finished HTTP/1.1 POST http://localhost:5208/Login/UserLogin application/x-www-form-urlencoded 235 - 302 0 - 16.6900ms
2023-12-19 11:36:47.580 +05:30 [INF] Request starting HTTP/1.1 GET http://localhost:5208/User/UserHomePage - -
2023-12-19 11:36:47.580 +05:30 [INF] Executing endpoint 'LibraryManagementSystem.Controllers.UserController.UserHomePage (LibraryManagementSystem)'
2023-12-19 11:36:47.580 +05:30 [INF] Route matched with {action = "UserHomePage", controller = "User"}. Executing controller action with signature Microsoft.AspNetCore.Mvc.IActionResult UserHomePage() on controller LibraryManagementSystem.Controllers.UserController (LibraryManagementSystem).
2023-12-19 11:36:47.582 +05:30 [INF] Executing ViewResult, running view UserHomePage.
2023-12-19 11:36:47.583 +05:30 [INF] Executed ViewResult - view UserHomePage executed in 1.092ms.
2023-12-19 11:36:47.583 +05:30 [INF] Executed action LibraryManagementSystem.Controllers.UserController.UserHomePage (LibraryManagementSystem) in 2.2477ms
2023-12-19 11:36:47.583 +05:30 [INF] Executed endpoint 'LibraryManagementSystem.Controllers.UserController.UserHomePage (LibraryManagementSystem)'
2023-12-19 11:36:47.583 +05:30 [INF] Request finished HTTP/1.1 GET http://localhost:5208/User/UserHomePage - - - 200 - text/html;+charset=utf-8 3.0832ms
2023-12-19 11:36:49.215 +05:30 [INF] Request starting HTTP/1.1 GET http://localhost:5208/User/IssueBookDetails - -
2023-12-19 11:36:49.215 +05:30 [INF] Executing endpoint 'LibraryManagementSystem.Controllers.UserController.IssueBookDetails (LibraryManagementSystem)'
2023-12-19 11:36:49.215 +05:30 [INF] Route matched with {action = "IssueBookDetails", controller = "User"}. Executing controller action with signature System.Threading.Tasks.Task`1[Microsoft.AspNetCore.Mvc.IActionResult] IssueBookDetails(System.String, System.String, System.String, System.Nullable`1[System.Int32]) on controller LibraryManagementSystem.Controllers.UserController (LibraryManagementSystem).
2023-12-19 11:36:49.232 +05:30 [INF] Executed DbCommand (7ms) [Parameters=[@__email_0='sujithaarul14@gmail.com' (Size = 4000)], CommandType='"Text"', CommandTimeout='30']
SELECT COUNT(*)
FROM [IssueBooks] AS [i]
WHERE [i].[EmailID] = @__email_0
2023-12-19 11:36:49.254 +05:30 [INF] Executed DbCommand (20ms) [Parameters=[@__email_0='sujithaarul14@gmail.com' (Size = 4000), @__p_1='0', @__p_2='3'], CommandType='"Text"', CommandTimeout='30']
SELECT [i].[ID], [i].[BookEdition], [i].[BookID], [i].[BookName], [i].[BorrowDate], [i].[DueDate], [i].[EmailID], [i].[IssueDate], [i].[Issued], [i].[Name], [i].[PaymentStatus], [i].[Penalty], [i].[ReturnDate]
FROM [IssueBooks] AS [i]
WHERE [i].[EmailID] = @__email_0
ORDER BY [i].[BookEdition]
OFFSET @__p_1 ROWS FETCH NEXT @__p_2 ROWS ONLY
2023-12-19 11:36:49.265 +05:30 [INF] Executing ViewResult, running view IssueBookDetails.
2023-12-19 11:36:49.270 +05:30 [INF] Executed ViewResult - view IssueBookDetails executed in 5.004ms.
2023-12-19 11:36:49.271 +05:30 [INF] Executed action LibraryManagementSystem.Controllers.UserController.IssueBookDetails (LibraryManagementSystem) in 54.9741ms
2023-12-19 11:36:49.271 +05:30 [INF] Executed endpoint 'LibraryManagementSystem.Controllers.UserController.IssueBookDetails (LibraryManagementSystem)'
2023-12-19 11:36:49.271 +05:30 [INF] Request finished HTTP/1.1 GET http://localhost:5208/User/IssueBookDetails - - - 200 - text/html;+charset=utf-8 55.7950ms
