2023-12-30 11:37:57.471 +05:30 [INF] Request starting HTTP/1.1 GET http://localhost:5208/User/IssueBookDetails - -
2023-12-30 11:37:57.510 +05:30 [INF] Creating key {99df0db2-f311-4e7b-ba59-b8fbbf417909} with creation date 2023-12-30 06:07:57Z, activation date 2023-12-30 06:07:57Z, and expiration date 2024-03-29 06:07:57Z.
2023-12-30 11:37:57.537 +05:30 [INF] Writing data to file 'C:\Users\Dell\AppData\Local\ASP.NET\DataProtection-Keys\key-99df0db2-f311-4e7b-ba59-b8fbbf417909.xml'.
2023-12-30 11:37:57.574 +05:30 [INF] Executing endpoint 'LibraryManagementSystem.Controllers.UserController.IssueBookDetails (LibraryManagementSystem)'
2023-12-30 11:37:57.575 +05:30 [INF] Route matched with {action = "IssueBookDetails", controller = "User"}. Executing controller action with signature System.Threading.Tasks.Task`1[Microsoft.AspNetCore.Mvc.IActionResult] IssueBookDetails(System.String, System.String, System.String, System.Nullable`1[System.Int32]) on controller LibraryManagementSystem.Controllers.UserController (LibraryManagementSystem).
2023-12-30 11:37:57.577 +05:30 [INF] Accessing expired session, Key:8e3e44b3-0437-27d0-e8f2-1e31d72d228c
2023-12-30 11:37:57.630 +05:30 [INF] Executed DbCommand (40ms) [Parameters=[], CommandType='"Text"', CommandTimeout='30']
SELECT COUNT(*)
FROM [IssueBooks] AS [i]
WHERE 0 = 1
2023-12-30 11:37:57.697 +05:30 [INF] Executed DbCommand (66ms) [Parameters=[@__p_1='0', @__p_2='3'], CommandType='"Text"', CommandTimeout='30']
SELECT [i].[ID], [i].[BookEdition], [i].[BookID], [i].[BookName], [i].[BorrowDate], [i].[DueDate], [i].[EmailID], [i].[IssueDate], [i].[Issued], [i].[Name], [i].[PaymentStatus], [i].[Penalty], [i].[ReturnDate]
FROM [IssueBooks] AS [i]
WHERE 0 = 1
ORDER BY [i].[BookEdition]
OFFSET @__p_1 ROWS FETCH NEXT @__p_2 ROWS ONLY
2023-12-30 11:37:57.706 +05:30 [INF] Executing ViewResult, running view IssueBookDetails.
2023-12-30 11:37:57.708 +05:30 [INF] Executed ViewResult - view IssueBookDetails executed in 3.1399ms.
2023-12-30 11:37:57.709 +05:30 [INF] Executed action LibraryManagementSystem.Controllers.UserController.IssueBookDetails (LibraryManagementSystem) in 133.6056ms
2023-12-30 11:37:57.709 +05:30 [INF] Executed endpoint 'LibraryManagementSystem.Controllers.UserController.IssueBookDetails (LibraryManagementSystem)'
2023-12-30 11:37:57.709 +05:30 [INF] Request finished HTTP/1.1 GET http://localhost:5208/User/IssueBookDetails - - - 200 - text/html;+charset=utf-8 238.3126ms
2023-12-30 11:37:59.929 +05:30 [INF] Request starting HTTP/1.1 GET http://localhost:5208/User/IssueBookDetails - -
2023-12-30 11:37:59.930 +05:30 [INF] Executing endpoint 'LibraryManagementSystem.Controllers.UserController.IssueBookDetails (LibraryManagementSystem)'
2023-12-30 11:37:59.930 +05:30 [INF] Route matched with {action = "IssueBookDetails", controller = "User"}. Executing controller action with signature System.Threading.Tasks.Task`1[Microsoft.AspNetCore.Mvc.IActionResult] IssueBookDetails(System.String, System.String, System.String, System.Nullable`1[System.Int32]) on controller LibraryManagementSystem.Controllers.UserController (LibraryManagementSystem).
2023-12-30 11:37:59.931 +05:30 [INF] Accessing expired session, Key:8e3e44b3-0437-27d0-e8f2-1e31d72d228c
2023-12-30 11:37:59.954 +05:30 [INF] Executed DbCommand (9ms) [Parameters=[], CommandType='"Text"', CommandTimeout='30']
SELECT COUNT(*)
FROM [IssueBooks] AS [i]
WHERE 0 = 1
2023-12-30 11:38:00.121 +05:30 [INF] Executed DbCommand (163ms) [Parameters=[@__p_1='0', @__p_2='3'], CommandType='"Text"', CommandTimeout='30']
SELECT [i].[ID], [i].[BookEdition], [i].[BookID], [i].[BookName], [i].[BorrowDate], [i].[DueDate], [i].[EmailID], [i].[IssueDate], [i].[Issued], [i].[Name], [i].[PaymentStatus], [i].[Penalty], [i].[ReturnDate]
FROM [IssueBooks] AS [i]
WHERE 0 = 1
ORDER BY [i].[BookEdition]
OFFSET @__p_1 ROWS FETCH NEXT @__p_2 ROWS ONLY
2023-12-30 11:38:00.121 +05:30 [INF] Executing ViewResult, running view IssueBookDetails.
2023-12-30 11:38:00.122 +05:30 [INF] Executed ViewResult - view IssueBookDetails executed in 0.7081ms.
2023-12-30 11:38:00.122 +05:30 [INF] Executed action LibraryManagementSystem.Controllers.UserController.IssueBookDetails (LibraryManagementSystem) in 192.085ms
2023-12-30 11:38:00.122 +05:30 [INF] Executed endpoint 'LibraryManagementSystem.Controllers.UserController.IssueBookDetails (LibraryManagementSystem)'
2023-12-30 11:38:00.122 +05:30 [INF] Request finished HTTP/1.1 GET http://localhost:5208/User/IssueBookDetails - - - 200 - text/html;+charset=utf-8 192.9138ms
2023-12-30 11:38:03.325 +05:30 [INF] Request starting HTTP/1.1 GET http://localhost:5208/User/IssueBookDetails - -
2023-12-30 11:38:03.325 +05:30 [INF] Executing endpoint 'LibraryManagementSystem.Controllers.UserController.IssueBookDetails (LibraryManagementSystem)'
2023-12-30 11:38:03.326 +05:30 [INF] Route matched with {action = "IssueBookDetails", controller = "User"}. Executing controller action with signature System.Threading.Tasks.Task`1[Microsoft.AspNetCore.Mvc.IActionResult] IssueBookDetails(System.String, System.String, System.String, System.Nullable`1[System.Int32]) on controller LibraryManagementSystem.Controllers.UserController (LibraryManagementSystem).
2023-12-30 11:38:03.327 +05:30 [INF] Accessing expired session, Key:8e3e44b3-0437-27d0-e8f2-1e31d72d228c
2023-12-30 11:38:03.355 +05:30 [INF] Executed DbCommand (27ms) [Parameters=[], CommandType='"Text"', CommandTimeout='30']
SELECT COUNT(*)
FROM [IssueBooks] AS [i]
WHERE 0 = 1
2023-12-30 11:38:03.408 +05:30 [INF] Executed DbCommand (50ms) [Parameters=[@__p_1='0', @__p_2='3'], CommandType='"Text"', CommandTimeout='30']
SELECT [i].[ID], [i].[BookEdition], [i].[BookID], [i].[BookName], [i].[BorrowDate], [i].[DueDate], [i].[EmailID], [i].[IssueDate], [i].[Issued], [i].[Name], [i].[PaymentStatus], [i].[Penalty], [i].[ReturnDate]
FROM [IssueBooks] AS [i]
WHERE 0 = 1
ORDER BY [i].[BookEdition]
OFFSET @__p_1 ROWS FETCH NEXT @__p_2 ROWS ONLY
2023-12-30 11:38:03.410 +05:30 [INF] Executing ViewResult, running view IssueBookDetails.
2023-12-30 11:38:03.411 +05:30 [INF] Executed ViewResult - view IssueBookDetails executed in 0.9461ms.
2023-12-30 11:38:03.411 +05:30 [INF] Executed action LibraryManagementSystem.Controllers.UserController.IssueBookDetails (LibraryManagementSystem) in 85.745ms
2023-12-30 11:38:03.412 +05:30 [INF] Executed endpoint 'LibraryManagementSystem.Controllers.UserController.IssueBookDetails (LibraryManagementSystem)'
2023-12-30 11:38:03.412 +05:30 [INF] Request finished HTTP/1.1 GET http://localhost:5208/User/IssueBookDetails - - - 200 - text/html;+charset=utf-8 86.7811ms
2023-12-30 11:38:08.425 +05:30 [INF] Request starting HTTP/1.1 GET http://localhost:5208/UserDetail - -
2023-12-30 11:38:08.425 +05:30 [INF] Executing endpoint 'LibraryManagementSystem.Controllers.UserDetailController.Index (LibraryManagementSystem)'
2023-12-30 11:38:08.425 +05:30 [INF] Route matched with {action = "Index", controller = "UserDetail"}. Executing controller action with signature System.Threading.Tasks.Task`1[Microsoft.AspNetCore.Mvc.IActionResult] Index(System.String, System.String, System.String, System.Nullable`1[System.Int32]) on controller LibraryManagementSystem.Controllers.UserDetailController (LibraryManagementSystem).
2023-12-30 11:38:08.854 +05:30 [INF] Executed DbCommand (426ms) [Parameters=[], CommandType='"Text"', CommandTimeout='30']
SELECT COUNT(*)
FROM [UserDetails] AS [u]
2023-12-30 11:38:08.927 +05:30 [INF] Executed DbCommand (72ms) [Parameters=[@__p_0='0', @__p_1='3'], CommandType='"Text"', CommandTimeout='30']
SELECT [u].[ID], [u].[Address], [u].[Age], [u].[EmailID], [u].[Gender], [u].[Name], [u].[Password], [u].[PhoneNumber], [u].[ProfilePicture], [u].[RegisterNo]
FROM [UserDetails] AS [u]
ORDER BY [u].[RegisterNo]
OFFSET @__p_0 ROWS FETCH NEXT @__p_1 ROWS ONLY
2023-12-30 11:38:08.928 +05:30 [INF] Executing ViewResult, running view Index.
2023-12-30 11:38:08.933 +05:30 [INF] Executed ViewResult - view Index executed in 5.9509ms.
2023-12-30 11:38:08.933 +05:30 [INF] Executed action LibraryManagementSystem.Controllers.UserDetailController.Index (LibraryManagementSystem) in 508.3511ms
2023-12-30 11:38:08.934 +05:30 [INF] Executed endpoint 'LibraryManagementSystem.Controllers.UserDetailController.Index (LibraryManagementSystem)'
2023-12-30 11:38:08.934 +05:30 [INF] Request finished HTTP/1.1 GET http://localhost:5208/UserDetail - - - 200 - text/html;+charset=utf-8 509.1164ms
2023-12-30 11:38:17.309 +05:30 [INF] Request starting HTTP/1.1 GET http://localhost:5208/User/IssueBookDetails - -
2023-12-30 11:38:17.309 +05:30 [INF] Executing endpoint 'LibraryManagementSystem.Controllers.UserController.IssueBookDetails (LibraryManagementSystem)'
2023-12-30 11:38:17.309 +05:30 [INF] Route matched with {action = "IssueBookDetails", controller = "User"}. Executing controller action with signature System.Threading.Tasks.Task`1[Microsoft.AspNetCore.Mvc.IActionResult] IssueBookDetails(System.String, System.String, System.String, System.Nullable`1[System.Int32]) on controller LibraryManagementSystem.Controllers.UserController (LibraryManagementSystem).
2023-12-30 11:38:17.313 +05:30 [INF] Accessing expired session, Key:8e3e44b3-0437-27d0-e8f2-1e31d72d228c
2023-12-30 11:38:17.318 +05:30 [INF] Executed DbCommand (3ms) [Parameters=[], CommandType='"Text"', CommandTimeout='30']
SELECT COUNT(*)
FROM [IssueBooks] AS [i]
WHERE 0 = 1
2023-12-30 11:38:17.331 +05:30 [INF] Executed DbCommand (12ms) [Parameters=[@__p_1='0', @__p_2='3'], CommandType='"Text"', CommandTimeout='30']
SELECT [i].[ID], [i].[BookEdition], [i].[BookID], [i].[BookName], [i].[BorrowDate], [i].[DueDate], [i].[EmailID], [i].[IssueDate], [i].[Issued], [i].[Name], [i].[PaymentStatus], [i].[Penalty], [i].[ReturnDate]
FROM [IssueBooks] AS [i]
WHERE 0 = 1
ORDER BY [i].[BookEdition]
OFFSET @__p_1 ROWS FETCH NEXT @__p_2 ROWS ONLY
2023-12-30 11:38:17.331 +05:30 [INF] Executing ViewResult, running view IssueBookDetails.
2023-12-30 11:38:17.332 +05:30 [INF] Executed ViewResult - view IssueBookDetails executed in 0.5609ms.
2023-12-30 11:38:17.332 +05:30 [INF] Executed action LibraryManagementSystem.Controllers.UserController.IssueBookDetails (LibraryManagementSystem) in 22.5457ms
2023-12-30 11:38:17.332 +05:30 [INF] Executed endpoint 'LibraryManagementSystem.Controllers.UserController.IssueBookDetails (LibraryManagementSystem)'
2023-12-30 11:38:17.332 +05:30 [INF] Request finished HTTP/1.1 GET http://localhost:5208/User/IssueBookDetails - - - 200 - text/html;+charset=utf-8 23.2186ms
2023-12-30 11:38:21.796 +05:30 [INF] Request starting HTTP/1.1 GET http://localhost:5208/User/Indexs - -
2023-12-30 11:38:21.796 +05:30 [INF] Executing endpoint 'LibraryManagementSystem.Controllers.UserController.Indexs (LibraryManagementSystem)'
2023-12-30 11:38:21.796 +05:30 [INF] Route matched with {action = "Indexs", controller = "User"}. Executing controller action with signature System.Threading.Tasks.Task`1[Microsoft.AspNetCore.Mvc.IActionResult] Indexs() on controller LibraryManagementSystem.Controllers.UserController (LibraryManagementSystem).
2023-12-30 11:38:21.797 +05:30 [INF] Accessing expired session, Key:8e3e44b3-0437-27d0-e8f2-1e31d72d228c
2023-12-30 11:38:22.353 +05:30 [INF] Executed DbCommand (554ms) [Parameters=[], CommandType='"Text"', CommandTimeout='30']
SELECT TOP(1) [u].[ID], [u].[Address], [u].[Age], [u].[EmailID], [u].[Gender], [u].[Name], [u].[Password], [u].[PhoneNumber], [u].[ProfilePicture], [u].[RegisterNo]
FROM [UserDetails] AS [u]
WHERE 0 = 1
2023-12-30 11:38:22.361 +05:30 [INF] Executing ViewResult, running view Indexs.
2023-12-30 11:38:22.375 +05:30 [INF] Executed action LibraryManagementSystem.Controllers.UserController.Indexs (LibraryManagementSystem) in 578.351ms
2023-12-30 11:38:22.376 +05:30 [INF] Executed endpoint 'LibraryManagementSystem.Controllers.UserController.Indexs (LibraryManagementSystem)'
2023-12-30 11:38:22.450 +05:30 [ERR] An unhandled exception has occurred while executing the request.
System.NullReferenceException: Object reference not set to an instance of an object.
   at AspNetCoreGeneratedDocument.Views_User_Indexs.ExecuteAsync() in C:\Users\Dell\application\LibraryManagementSystem\Views\User\Indexs.cshtml:line 70
   at Microsoft.AspNetCore.Mvc.Razor.RazorView.RenderPageCoreAsync(IRazorPage page, ViewContext context)
   at Microsoft.AspNetCore.Mvc.Razor.RazorView.RenderPageAsync(IRazorPage page, ViewContext context, Boolean invokeViewStarts)
   at Microsoft.AspNetCore.Mvc.Razor.RazorView.RenderAsync(ViewContext context)
   at Microsoft.AspNetCore.Mvc.ViewFeatures.ViewExecutor.ExecuteAsync(ViewContext viewContext, String contentType, Nullable`1 statusCode)
   at Microsoft.AspNetCore.Mvc.ViewFeatures.ViewExecutor.ExecuteAsync(ViewContext viewContext, String contentType, Nullable`1 statusCode)
   at Microsoft.AspNetCore.Mvc.ViewFeatures.ViewExecutor.ExecuteAsync(ActionContext actionContext, IView view, ViewDataDictionary viewData, ITempDataDictionary tempData, String contentType, Nullable`1 statusCode)
   at Microsoft.AspNetCore.Mvc.ViewFeatures.ViewResultExecutor.ExecuteAsync(ActionContext context, ViewResult result)
   at Microsoft.AspNetCore.Mvc.ViewResult.ExecuteResultAsync(ActionContext context)
   at Microsoft.AspNetCore.Mvc.Infrastructure.ResourceInvoker.<InvokeNextResultFilterAsync>g__Awaited|30_0[TFilter,TFilterAsync](ResourceInvoker invoker, Task lastTask, State next, Scope scope, Object state, Boolean isCompleted)
   at Microsoft.AspNetCore.Mvc.Infrastructure.ResourceInvoker.Rethrow(ResultExecutedContextSealed context)
   at Microsoft.AspNetCore.Mvc.Infrastructure.ResourceInvoker.ResultNext[TFilter,TFilterAsync](State& next, Scope& scope, Object& state, Boolean& isCompleted)
   at Microsoft.AspNetCore.Mvc.Infrastructure.ResourceInvoker.InvokeResultFilters()
--- End of stack trace from previous location ---
   at Microsoft.AspNetCore.Mvc.Infrastructure.ResourceInvoker.<InvokeNextResourceFilter>g__Awaited|25_0(ResourceInvoker invoker, Task lastTask, State next, Scope scope, Object state, Boolean isCompleted)
   at Microsoft.AspNetCore.Mvc.Infrastructure.ResourceInvoker.Rethrow(ResourceExecutedContextSealed context)
   at Microsoft.AspNetCore.Mvc.Infrastructure.ResourceInvoker.Next(State& next, Scope& scope, Object& state, Boolean& isCompleted)
   at Microsoft.AspNetCore.Mvc.Infrastructure.ResourceInvoker.<InvokeFilterPipelineAsync>g__Awaited|20_0(ResourceInvoker invoker, Task lastTask, State next, Scope scope, Object state, Boolean isCompleted)
   at Microsoft.AspNetCore.Mvc.Infrastructure.ResourceInvoker.<InvokeAsync>g__Logged|17_1(ResourceInvoker invoker)
   at Microsoft.AspNetCore.Mvc.Infrastructure.ResourceInvoker.<InvokeAsync>g__Logged|17_1(ResourceInvoker invoker)
   at Microsoft.AspNetCore.Routing.EndpointMiddleware.<Invoke>g__AwaitRequestTask|6_0(Endpoint endpoint, Task requestTask, ILogger logger)
   at Swashbuckle.AspNetCore.SwaggerUI.SwaggerUIMiddleware.Invoke(HttpContext httpContext)
   at Swashbuckle.AspNetCore.Swagger.SwaggerMiddleware.Invoke(HttpContext httpContext, ISwaggerProvider swaggerProvider)
   at Microsoft.AspNetCore.Authorization.AuthorizationMiddleware.Invoke(HttpContext context)
   at Microsoft.AspNetCore.Authentication.AuthenticationMiddleware.Invoke(HttpContext context)
   at Microsoft.AspNetCore.Session.SessionMiddleware.Invoke(HttpContext context)
   at Microsoft.AspNetCore.Session.SessionMiddleware.Invoke(HttpContext context)
   at Microsoft.AspNetCore.Diagnostics.DeveloperExceptionPageMiddlewareImpl.Invoke(HttpContext context)
2023-12-30 11:38:22.522 +05:30 [INF] Request finished HTTP/1.1 GET http://localhost:5208/User/Indexs - - - 500 - text/html;+charset=utf-8 725.8501ms
2023-12-30 11:38:25.046 +05:30 [INF] Request starting HTTP/1.1 GET http://localhost:5208/Login/UserLogin - -
2023-12-30 11:38:25.046 +05:30 [INF] Executing endpoint 'LibraryManagementSystem.Controllers.LoginController.UserLogin (LibraryManagementSystem)'
2023-12-30 11:38:25.047 +05:30 [INF] Route matched with {action = "UserLogin", controller = "Login"}. Executing controller action with signature Microsoft.AspNetCore.Mvc.IActionResult UserLogin() on controller LibraryManagementSystem.Controllers.LoginController (LibraryManagementSystem).
2023-12-30 11:38:25.048 +05:30 [INF] Executing ViewResult, running view UserLogin.
2023-12-30 11:38:25.049 +05:30 [INF] Executed ViewResult - view UserLogin executed in 2.4458ms.
2023-12-30 11:38:25.049 +05:30 [INF] Executed action LibraryManagementSystem.Controllers.LoginController.UserLogin (LibraryManagementSystem) in 2.771ms
2023-12-30 11:38:25.050 +05:30 [INF] Executed endpoint 'LibraryManagementSystem.Controllers.LoginController.UserLogin (LibraryManagementSystem)'
2023-12-30 11:38:25.050 +05:30 [INF] Request finished HTTP/1.1 GET http://localhost:5208/Login/UserLogin - - - 200 - text/html;+charset=utf-8 3.4975ms
2023-12-30 11:38:25.253 +05:30 [INF] Request starting HTTP/1.1 GET http://localhost:5208/fonts/poppins/poppins-v5-latin-700.woff2 - -
2023-12-30 11:38:25.254 +05:30 [INF] Request finished HTTP/1.1 GET http://localhost:5208/fonts/poppins/poppins-v5-latin-700.woff2 - - - 404 0 - 0.6080ms
2023-12-30 11:38:25.518 +05:30 [INF] Request starting HTTP/1.1 GET http://localhost:5208/fonts/poppins/poppins-v5-latin-700.woff - -
2023-12-30 11:38:25.519 +05:30 [INF] Request finished HTTP/1.1 GET http://localhost:5208/fonts/poppins/poppins-v5-latin-700.woff - - - 404 0 - 0.5094ms
2023-12-30 11:38:25.534 +05:30 [INF] Request starting HTTP/1.1 GET http://localhost:5208/fonts/poppins/poppins-v5-latin-700.ttf - -
2023-12-30 11:38:25.534 +05:30 [INF] Request finished HTTP/1.1 GET http://localhost:5208/fonts/poppins/poppins-v5-latin-700.ttf - - - 404 0 - 0.7790ms
2023-12-30 11:38:28.333 +05:30 [INF] Request starting HTTP/1.1 GET http://localhost:5208/ - -
2023-12-30 11:38:28.601 +05:30 [INF] Executing endpoint 'LibraryManagementSystem.Controllers.HomeController.Index (LibraryManagementSystem)'
2023-12-30 11:38:28.603 +05:30 [INF] Route matched with {action = "Index", controller = "Home"}. Executing controller action with signature Microsoft.AspNetCore.Mvc.IActionResult Index() on controller LibraryManagementSystem.Controllers.HomeController (LibraryManagementSystem).
2023-12-30 11:38:28.604 +05:30 [INF] Executing ViewResult, running view Index.
2023-12-30 11:38:28.605 +05:30 [INF] Executed ViewResult - view Index executed in 2.473ms.
2023-12-30 11:38:28.605 +05:30 [INF] Executed action LibraryManagementSystem.Controllers.HomeController.Index (LibraryManagementSystem) in 2.7126ms
2023-12-30 11:38:28.606 +05:30 [INF] Executed endpoint 'LibraryManagementSystem.Controllers.HomeController.Index (LibraryManagementSystem)'
2023-12-30 11:38:28.606 +05:30 [INF] Request finished HTTP/1.1 GET http://localhost:5208/ - - - 200 - text/html;+charset=utf-8 272.8650ms
2023-12-30 11:38:29.627 +05:30 [INF] Request starting HTTP/1.1 GET http://localhost:5208/Home/LoginPage - -
2023-12-30 11:38:29.628 +05:30 [INF] Executing endpoint 'LibraryManagementSystem.Controllers.HomeController.LoginPage (LibraryManagementSystem)'
2023-12-30 11:38:29.628 +05:30 [INF] Route matched with {action = "LoginPage", controller = "Home"}. Executing controller action with signature Microsoft.AspNetCore.Mvc.IActionResult LoginPage() on controller LibraryManagementSystem.Controllers.HomeController (LibraryManagementSystem).
2023-12-30 11:38:29.630 +05:30 [INF] Executing ViewResult, running view LoginPage.
2023-12-30 11:38:29.632 +05:30 [INF] Executed ViewResult - view LoginPage executed in 2.9077ms.
2023-12-30 11:38:29.632 +05:30 [INF] Executed action LibraryManagementSystem.Controllers.HomeController.LoginPage (LibraryManagementSystem) in 3.3072ms
2023-12-30 11:38:29.632 +05:30 [INF] Executed endpoint 'LibraryManagementSystem.Controllers.HomeController.LoginPage (LibraryManagementSystem)'
2023-12-30 11:38:29.632 +05:30 [INF] Request finished HTTP/1.1 GET http://localhost:5208/Home/LoginPage - - - 200 - text/html;+charset=utf-8 4.8211ms
2023-12-30 11:38:31.068 +05:30 [INF] Request starting HTTP/1.1 GET http://localhost:5208/Login/AdminLogin - -
2023-12-30 11:38:31.069 +05:30 [INF] Executing endpoint 'LibraryManagementSystem.Controllers.LoginController.AdminLogin (LibraryManagementSystem)'
2023-12-30 11:38:31.069 +05:30 [INF] Route matched with {action = "AdminLogin", controller = "Login"}. Executing controller action with signature Microsoft.AspNetCore.Mvc.IActionResult AdminLogin() on controller LibraryManagementSystem.Controllers.LoginController (LibraryManagementSystem).
2023-12-30 11:38:31.070 +05:30 [INF] Executing ViewResult, running view AdminLogin.
2023-12-30 11:38:31.071 +05:30 [INF] Executed ViewResult - view AdminLogin executed in 2.3954ms.
2023-12-30 11:38:31.072 +05:30 [INF] Executed action LibraryManagementSystem.Controllers.LoginController.AdminLogin (LibraryManagementSystem) in 2.8389ms
2023-12-30 11:38:31.072 +05:30 [INF] Executed endpoint 'LibraryManagementSystem.Controllers.LoginController.AdminLogin (LibraryManagementSystem)'
2023-12-30 11:38:31.072 +05:30 [INF] Request finished HTTP/1.1 GET http://localhost:5208/Login/AdminLogin - - - 200 - text/html;+charset=utf-8 3.5916ms
2023-12-30 11:38:31.165 +05:30 [INF] Request starting HTTP/1.1 GET http://localhost:5208/Login/fonts/material-icon/css/material-design-iconic-font.min.css - -
2023-12-30 11:38:31.165 +05:30 [INF] Request starting HTTP/1.1 GET http://localhost:5208/Login/css/style.css - -
2023-12-30 11:38:31.165 +05:30 [INF] Request finished HTTP/1.1 GET http://localhost:5208/Login/fonts/material-icon/css/material-design-iconic-font.min.css - - - 404 0 - 0.6181ms
2023-12-30 11:38:31.165 +05:30 [INF] Request starting HTTP/1.1 GET http://localhost:5208/Login/vendor/jquery/jquery.min.js - -
2023-12-30 11:38:31.165 +05:30 [INF] Request finished HTTP/1.1 GET http://localhost:5208/Login/css/style.css - - - 404 0 - 0.5036ms
2023-12-30 11:38:31.166 +05:30 [INF] Request finished HTTP/1.1 GET http://localhost:5208/Login/vendor/jquery/jquery.min.js - - - 404 0 - 0.4254ms
2023-12-30 11:38:31.201 +05:30 [INF] Request starting HTTP/1.1 GET http://localhost:5208/Login/js/main.js - -
2023-12-30 11:38:31.201 +05:30 [INF] Request finished HTTP/1.1 GET http://localhost:5208/Login/js/main.js - - - 404 0 - 0.5410ms
2023-12-30 11:38:31.249 +05:30 [INF] Request starting HTTP/1.1 GET http://localhost:5208/fonts/poppins/poppins-v5-latin-700.woff2 - -
2023-12-30 11:38:31.249 +05:30 [INF] Request finished HTTP/1.1 GET http://localhost:5208/fonts/poppins/poppins-v5-latin-700.woff2 - - - 404 0 - 0.5202ms
2023-12-30 11:38:31.285 +05:30 [INF] Request starting HTTP/1.1 GET http://localhost:5208/fonts/poppins/poppins-v5-latin-700.woff - -
2023-12-30 11:38:31.285 +05:30 [INF] Request finished HTTP/1.1 GET http://localhost:5208/fonts/poppins/poppins-v5-latin-700.woff - - - 404 0 - 0.5236ms
2023-12-30 11:38:31.299 +05:30 [INF] Request starting HTTP/1.1 GET http://localhost:5208/fonts/poppins/poppins-v5-latin-700.ttf - -
2023-12-30 11:38:31.300 +05:30 [INF] Request finished HTTP/1.1 GET http://localhost:5208/fonts/poppins/poppins-v5-latin-700.ttf - - - 404 0 - 0.6391ms
2023-12-30 11:38:38.436 +05:30 [INF] Request starting HTTP/1.1 POST http://localhost:5208/Login/AdminLogin application/x-www-form-urlencoded 231
2023-12-30 11:38:38.437 +05:30 [INF] Executing endpoint 'LibraryManagementSystem.Controllers.LoginController.AdminLogin (LibraryManagementSystem)'
2023-12-30 11:38:38.437 +05:30 [INF] Route matched with {action = "AdminLogin", controller = "Login"}. Executing controller action with signature Microsoft.AspNetCore.Mvc.IActionResult AdminLogin(LibraryManagementSystem.Models.Login) on controller LibraryManagementSystem.Controllers.LoginController (LibraryManagementSystem).
2023-12-30 11:38:38.650 +05:30 [INF] Accessing expired session, Key:8e3e44b3-0437-27d0-e8f2-1e31d72d228c
2023-12-30 11:38:38.650 +05:30 [INF] Executing RedirectResult, redirecting to /Admin/AdminHomePage.
2023-12-30 11:38:38.650 +05:30 [INF] Executed action LibraryManagementSystem.Controllers.LoginController.AdminLogin (LibraryManagementSystem) in 213.1385ms
2023-12-30 11:38:38.650 +05:30 [INF] Executed endpoint 'LibraryManagementSystem.Controllers.LoginController.AdminLogin (LibraryManagementSystem)'
2023-12-30 11:38:38.650 +05:30 [INF] Session started; Key:8e3e44b3-0437-27d0-e8f2-1e31d72d228c, Id:5b6490ae-7932-65e8-854c-e1b87115c4f9
2023-12-30 11:38:38.651 +05:30 [INF] Request finished HTTP/1.1 POST http://localhost:5208/Login/AdminLogin application/x-www-form-urlencoded 231 - 302 0 - 214.2001ms
2023-12-30 11:38:38.677 +05:30 [INF] Request starting HTTP/1.1 GET http://localhost:5208/Admin/AdminHomePage - -
2023-12-30 11:38:38.678 +05:30 [INF] Executing endpoint 'LibraryManagementSystem.Controllers.AdminController.AdminHomePage (LibraryManagementSystem)'
2023-12-30 11:38:38.678 +05:30 [INF] Route matched with {action = "AdminHomePage", controller = "Admin"}. Executing controller action with signature Microsoft.AspNetCore.Mvc.IActionResult AdminHomePage() on controller LibraryManagementSystem.Controllers.AdminController (LibraryManagementSystem).
2023-12-30 11:38:38.679 +05:30 [INF] Executing ViewResult, running view AdminHomePage.
2023-12-30 11:38:38.681 +05:30 [INF] Executed ViewResult - view AdminHomePage executed in 2.0421ms.
2023-12-30 11:38:38.681 +05:30 [INF] Executed action LibraryManagementSystem.Controllers.AdminController.AdminHomePage (LibraryManagementSystem) in 2.6565ms
2023-12-30 11:38:38.681 +05:30 [INF] Executed endpoint 'LibraryManagementSystem.Controllers.AdminController.AdminHomePage (LibraryManagementSystem)'
2023-12-30 11:38:38.681 +05:30 [INF] Request finished HTTP/1.1 GET http://localhost:5208/Admin/AdminHomePage - - - 200 - text/html;+charset=utf-8 3.4223ms
2023-12-30 11:38:40.293 +05:30 [INF] Request starting HTTP/1.1 GET http://localhost:5208/Admin/BorrowBookDetails - -
2023-12-30 11:38:40.294 +05:30 [INF] Executing endpoint 'LibraryManagementSystem.Controllers.AdminController.BorrowBookDetails (LibraryManagementSystem)'
2023-12-30 11:38:40.294 +05:30 [INF] Route matched with {action = "BorrowBookDetails", controller = "Admin"}. Executing controller action with signature System.Threading.Tasks.Task`1[Microsoft.AspNetCore.Mvc.IActionResult] BorrowBookDetails(System.String, System.String, System.String, System.Nullable`1[System.Int32]) on controller LibraryManagementSystem.Controllers.AdminController (LibraryManagementSystem).
2023-12-30 11:38:40.314 +05:30 [INF] Executed DbCommand (18ms) [Parameters=[], CommandType='"Text"', CommandTimeout='30']
SELECT COUNT(*)
FROM [BorrowBooks] AS [b]
2023-12-30 11:38:40.336 +05:30 [INF] Executed DbCommand (20ms) [Parameters=[@__p_0='0', @__p_1='3'], CommandType='"Text"', CommandTimeout='30']
SELECT [b].[ID], [b].[BookEdition], [b].[BookID], [b].[BookName], [b].[Date], [b].[EmailID], [b].[Name]
FROM [BorrowBooks] AS [b]
ORDER BY [b].[BookID]
OFFSET @__p_0 ROWS FETCH NEXT @__p_1 ROWS ONLY
2023-12-30 11:38:40.345 +05:30 [INF] Executing ViewResult, running view BorrowBookDetails.
2023-12-30 11:38:40.348 +05:30 [INF] Executed ViewResult - view BorrowBookDetails executed in 3.952ms.
2023-12-30 11:38:40.349 +05:30 [INF] Executed action LibraryManagementSystem.Controllers.AdminController.BorrowBookDetails (LibraryManagementSystem) in 54.5005ms
2023-12-30 11:38:40.349 +05:30 [INF] Executed endpoint 'LibraryManagementSystem.Controllers.AdminController.BorrowBookDetails (LibraryManagementSystem)'
2023-12-30 11:38:40.349 +05:30 [INF] Request finished HTTP/1.1 GET http://localhost:5208/Admin/BorrowBookDetails - - - 200 - text/html;+charset=utf-8 55.2988ms
2023-12-30 11:38:51.148 +05:30 [INF] Request starting HTTP/1.1 POST http://localhost:5208/Admin/IssueBook application/x-www-form-urlencoded 194
2023-12-30 11:38:51.149 +05:30 [INF] Executing endpoint 'LibraryManagementSystem.Controllers.AdminController.IssueBook (LibraryManagementSystem)'
2023-12-30 11:38:51.149 +05:30 [INF] Route matched with {action = "IssueBook", controller = "Admin"}. Executing controller action with signature System.Threading.Tasks.Task`1[Microsoft.AspNetCore.Mvc.IActionResult] IssueBook(Int32) on controller LibraryManagementSystem.Controllers.AdminController (LibraryManagementSystem).
2023-12-30 11:38:51.181 +05:30 [INF] Executed DbCommand (24ms) [Parameters=[@__BookID_0='2569'], CommandType='"Text"', CommandTimeout='30']
SELECT TOP(1) [b].[ID], [b].[BookEdition], [b].[BookID], [b].[BookName], [b].[Date], [b].[EmailID], [b].[Name]
FROM [BorrowBooks] AS [b]
WHERE [b].[BookID] = @__BookID_0
2023-12-30 11:38:51.323 +05:30 [INF] Executed DbCommand (139ms) [Parameters=[@p0='8', @p1='2569', @p2='The diversity of life' (Nullable = false) (Size = 4000), @p3='2023-06-14T11:23:32.2398455', @p4='2024-01-09T11:38:51.1823282+05:30', @p5='Meena@gmail.com' (Nullable = false) (Size = 4000), @p6='2023-12-30T11:38:51.1823273+05:30', @p7='Yes' (Nullable = false) (Size = 4000), @p8='Meena' (Nullable = false) (Size = 4000), @p9=NULL (Size = 4000), @p10=NULL (DbType = Single), @p11='0001-01-01T00:00:00.0000000'], CommandType='"Text"', CommandTimeout='30']
SET IMPLICIT_TRANSACTIONS OFF;
SET NOCOUNT ON;
INSERT INTO [IssueBooks] ([BookEdition], [BookID], [BookName], [BorrowDate], [DueDate], [EmailID], [IssueDate], [Issued], [Name], [PaymentStatus], [Penalty], [ReturnDate])
OUTPUT INSERTED.[ID]
VALUES (@p0, @p1, @p2, @p3, @p4, @p5, @p6, @p7, @p8, @p9, @p10, @p11);
2023-12-30 11:38:51.346 +05:30 [INF] Executed DbCommand (20ms) [Parameters=[@p0='27'], CommandType='"Text"', CommandTimeout='30']
SET IMPLICIT_TRANSACTIONS OFF;
SET NOCOUNT ON;
DELETE FROM [BorrowBooks]
OUTPUT 1
WHERE [ID] = @p0;
2023-12-30 11:38:51.349 +05:30 [INF] Executing RedirectResult, redirecting to /Admin/AdminHomePage.
2023-12-30 11:38:51.349 +05:30 [INF] Executed action LibraryManagementSystem.Controllers.AdminController.IssueBook (LibraryManagementSystem) in 200.4323ms
2023-12-30 11:38:51.349 +05:30 [INF] Executed endpoint 'LibraryManagementSystem.Controllers.AdminController.IssueBook (LibraryManagementSystem)'
2023-12-30 11:38:51.350 +05:30 [INF] Request finished HTTP/1.1 POST http://localhost:5208/Admin/IssueBook application/x-www-form-urlencoded 194 - 302 0 - 201.1904ms
2023-12-30 11:38:51.363 +05:30 [INF] Request starting HTTP/1.1 GET http://localhost:5208/Admin/AdminHomePage - -
2023-12-30 11:38:51.363 +05:30 [INF] Executing endpoint 'LibraryManagementSystem.Controllers.AdminController.AdminHomePage (LibraryManagementSystem)'
2023-12-30 11:38:51.364 +05:30 [INF] Route matched with {action = "AdminHomePage", controller = "Admin"}. Executing controller action with signature Microsoft.AspNetCore.Mvc.IActionResult AdminHomePage() on controller LibraryManagementSystem.Controllers.AdminController (LibraryManagementSystem).
2023-12-30 11:38:51.365 +05:30 [INF] Executing ViewResult, running view AdminHomePage.
2023-12-30 11:38:51.366 +05:30 [INF] Executed ViewResult - view AdminHomePage executed in 1.1846ms.
2023-12-30 11:38:51.366 +05:30 [INF] Executed action LibraryManagementSystem.Controllers.AdminController.AdminHomePage (LibraryManagementSystem) in 1.945ms
2023-12-30 11:38:51.366 +05:30 [INF] Executed endpoint 'LibraryManagementSystem.Controllers.AdminController.AdminHomePage (LibraryManagementSystem)'
2023-12-30 11:38:51.367 +05:30 [INF] Request finished HTTP/1.1 GET http://localhost:5208/Admin/AdminHomePage - - - 200 - text/html;+charset=utf-8 3.5346ms
2023-12-30 11:38:53.683 +05:30 [INF] Request starting HTTP/1.1 GET http://localhost:5208/ - -
2023-12-30 11:38:53.683 +05:30 [INF] Executing endpoint 'LibraryManagementSystem.Controllers.HomeController.Index (LibraryManagementSystem)'
2023-12-30 11:38:53.683 +05:30 [INF] Route matched with {action = "Index", controller = "Home"}. Executing controller action with signature Microsoft.AspNetCore.Mvc.IActionResult Index() on controller LibraryManagementSystem.Controllers.HomeController (LibraryManagementSystem).
2023-12-30 11:38:53.683 +05:30 [INF] Executing ViewResult, running view Index.
2023-12-30 11:38:53.689 +05:30 [INF] Executed ViewResult - view Index executed in 6.1741ms.
2023-12-30 11:38:53.689 +05:30 [INF] Executed action LibraryManagementSystem.Controllers.HomeController.Index (LibraryManagementSystem) in 6.4017ms
2023-12-30 11:38:53.689 +05:30 [INF] Executed endpoint 'LibraryManagementSystem.Controllers.HomeController.Index (LibraryManagementSystem)'
2023-12-30 11:38:53.690 +05:30 [INF] Request finished HTTP/1.1 GET http://localhost:5208/ - - - 200 - text/html;+charset=utf-8 6.9967ms
2023-12-30 11:38:54.682 +05:30 [INF] Request starting HTTP/1.1 GET http://localhost:5208/Home/LoginPage - -
2023-12-30 11:38:54.682 +05:30 [INF] Executing endpoint 'LibraryManagementSystem.Controllers.HomeController.LoginPage (LibraryManagementSystem)'
2023-12-30 11:38:54.682 +05:30 [INF] Route matched with {action = "LoginPage", controller = "Home"}. Executing controller action with signature Microsoft.AspNetCore.Mvc.IActionResult LoginPage() on controller LibraryManagementSystem.Controllers.HomeController (LibraryManagementSystem).
2023-12-30 11:38:54.682 +05:30 [INF] Executing ViewResult, running view LoginPage.
2023-12-30 11:38:54.683 +05:30 [INF] Executed ViewResult - view LoginPage executed in 0.4585ms.
2023-12-30 11:38:54.683 +05:30 [INF] Executed action LibraryManagementSystem.Controllers.HomeController.LoginPage (LibraryManagementSystem) in 0.6229ms
2023-12-30 11:38:54.683 +05:30 [INF] Executed endpoint 'LibraryManagementSystem.Controllers.HomeController.LoginPage (LibraryManagementSystem)'
2023-12-30 11:38:54.683 +05:30 [INF] Request finished HTTP/1.1 GET http://localhost:5208/Home/LoginPage - - - 200 - text/html;+charset=utf-8 1.2312ms
2023-12-30 11:38:57.161 +05:30 [INF] Request starting HTTP/1.1 GET http://localhost:5208/Login/UserLogin - -
2023-12-30 11:38:57.161 +05:30 [INF] Executing endpoint 'LibraryManagementSystem.Controllers.LoginController.UserLogin (LibraryManagementSystem)'
2023-12-30 11:38:57.161 +05:30 [INF] Route matched with {action = "UserLogin", controller = "Login"}. Executing controller action with signature Microsoft.AspNetCore.Mvc.IActionResult UserLogin() on controller LibraryManagementSystem.Controllers.LoginController (LibraryManagementSystem).
2023-12-30 11:38:57.162 +05:30 [INF] Executing ViewResult, running view UserLogin.
2023-12-30 11:38:57.163 +05:30 [INF] Executed ViewResult - view UserLogin executed in 1.1628ms.
2023-12-30 11:38:57.163 +05:30 [INF] Executed action LibraryManagementSystem.Controllers.LoginController.UserLogin (LibraryManagementSystem) in 1.7322ms
2023-12-30 11:38:57.163 +05:30 [INF] Executed endpoint 'LibraryManagementSystem.Controllers.LoginController.UserLogin (LibraryManagementSystem)'
2023-12-30 11:38:57.163 +05:30 [INF] Request finished HTTP/1.1 GET http://localhost:5208/Login/UserLogin - - - 200 - text/html;+charset=utf-8 2.6412ms
2023-12-30 11:38:57.239 +05:30 [INF] Request starting HTTP/1.1 GET http://localhost:5208/Login/fonts/material-icon/css/material-design-iconic-font.min.css - -
2023-12-30 11:38:57.240 +05:30 [INF] Request finished HTTP/1.1 GET http://localhost:5208/Login/fonts/material-icon/css/material-design-iconic-font.min.css - - - 404 0 - 1.1155ms
2023-12-30 11:38:57.240 +05:30 [INF] Request starting HTTP/1.1 GET http://localhost:5208/Login/css/style.css - -
2023-12-30 11:38:57.240 +05:30 [INF] Request finished HTTP/1.1 GET http://localhost:5208/Login/css/style.css - - - 404 0 - 0.4241ms
2023-12-30 11:38:57.241 +05:30 [INF] Request starting HTTP/1.1 GET http://localhost:5208/Login/vendor/jquery/jquery.min.js - -
2023-12-30 11:38:57.242 +05:30 [INF] Request finished HTTP/1.1 GET http://localhost:5208/Login/vendor/jquery/jquery.min.js - - - 404 0 - 0.8380ms
2023-12-30 11:38:57.260 +05:30 [INF] Request starting HTTP/1.1 GET http://localhost:5208/Login/js/main.js - -
2023-12-30 11:38:57.260 +05:30 [INF] Request finished HTTP/1.1 GET http://localhost:5208/Login/js/main.js - - - 404 0 - 0.9286ms
2023-12-30 11:38:57.311 +05:30 [INF] Request starting HTTP/1.1 GET http://localhost:5208/fonts/poppins/poppins-v5-latin-700.woff2 - -
2023-12-30 11:38:57.312 +05:30 [INF] Request finished HTTP/1.1 GET http://localhost:5208/fonts/poppins/poppins-v5-latin-700.woff2 - - - 404 0 - 1.0317ms
2023-12-30 11:38:57.376 +05:30 [INF] Request starting HTTP/1.1 GET http://localhost:5208/fonts/poppins/poppins-v5-latin-700.woff - -
2023-12-30 11:38:57.376 +05:30 [INF] Request finished HTTP/1.1 GET http://localhost:5208/fonts/poppins/poppins-v5-latin-700.woff - - - 404 0 - 0.5398ms
2023-12-30 11:38:57.399 +05:30 [INF] Request starting HTTP/1.1 GET http://localhost:5208/fonts/poppins/poppins-v5-latin-700.ttf - -
2023-12-30 11:38:57.404 +05:30 [INF] Request finished HTTP/1.1 GET http://localhost:5208/fonts/poppins/poppins-v5-latin-700.ttf - - - 404 0 - 4.8044ms
2023-12-30 11:39:05.035 +05:30 [INF] Request starting HTTP/1.1 POST http://localhost:5208/Login/UserLogin application/x-www-form-urlencoded 225
2023-12-30 11:39:05.036 +05:30 [INF] Executing endpoint 'LibraryManagementSystem.Controllers.LoginController.UserLogin (LibraryManagementSystem)'
2023-12-30 11:39:05.039 +05:30 [INF] Route matched with {action = "UserLogin", controller = "Login"}. Executing controller action with signature Microsoft.AspNetCore.Mvc.IActionResult UserLogin(LibraryManagementSystem.Models.Login) on controller LibraryManagementSystem.Controllers.LoginController (LibraryManagementSystem).
2023-12-30 11:39:05.106 +05:30 [INF] Executing RedirectResult, redirecting to /User/UserHomePage.
2023-12-30 11:39:05.106 +05:30 [INF] Executed action LibraryManagementSystem.Controllers.LoginController.UserLogin (LibraryManagementSystem) in 67.2888ms
2023-12-30 11:39:05.106 +05:30 [INF] Executed endpoint 'LibraryManagementSystem.Controllers.LoginController.UserLogin (LibraryManagementSystem)'
2023-12-30 11:39:05.106 +05:30 [INF] Request finished HTTP/1.1 POST http://localhost:5208/Login/UserLogin application/x-www-form-urlencoded 225 - 302 0 - 71.2599ms
2023-12-30 11:39:05.219 +05:30 [INF] Request starting HTTP/1.1 GET http://localhost:5208/User/UserHomePage - -
2023-12-30 11:39:05.220 +05:30 [INF] Executing endpoint 'LibraryManagementSystem.Controllers.UserController.UserHomePage (LibraryManagementSystem)'
2023-12-30 11:39:05.220 +05:30 [INF] Route matched with {action = "UserHomePage", controller = "User"}. Executing controller action with signature Microsoft.AspNetCore.Mvc.IActionResult UserHomePage() on controller LibraryManagementSystem.Controllers.UserController (LibraryManagementSystem).
2023-12-30 11:39:05.221 +05:30 [INF] Executing ViewResult, running view UserHomePage.
2023-12-30 11:39:05.222 +05:30 [INF] Executed ViewResult - view UserHomePage executed in 1.8977ms.
2023-12-30 11:39:05.223 +05:30 [INF] Executed action LibraryManagementSystem.Controllers.UserController.UserHomePage (LibraryManagementSystem) in 2.4767ms
2023-12-30 11:39:05.223 +05:30 [INF] Executed endpoint 'LibraryManagementSystem.Controllers.UserController.UserHomePage (LibraryManagementSystem)'
2023-12-30 11:39:05.223 +05:30 [INF] Request finished HTTP/1.1 GET http://localhost:5208/User/UserHomePage - - - 200 - text/html;+charset=utf-8 3.2580ms
2023-12-30 11:39:07.055 +05:30 [INF] Request starting HTTP/1.1 GET http://localhost:5208/User/IssueBookDetails - -
2023-12-30 11:39:07.055 +05:30 [INF] Executing endpoint 'LibraryManagementSystem.Controllers.UserController.IssueBookDetails (LibraryManagementSystem)'
2023-12-30 11:39:07.055 +05:30 [INF] Route matched with {action = "IssueBookDetails", controller = "User"}. Executing controller action with signature System.Threading.Tasks.Task`1[Microsoft.AspNetCore.Mvc.IActionResult] IssueBookDetails(System.String, System.String, System.String, System.Nullable`1[System.Int32]) on controller LibraryManagementSystem.Controllers.UserController (LibraryManagementSystem).
2023-12-30 11:39:07.065 +05:30 [INF] Executed DbCommand (7ms) [Parameters=[@__email_0='Meena@gmail.com' (Size = 4000)], CommandType='"Text"', CommandTimeout='30']
SELECT COUNT(*)
FROM [IssueBooks] AS [i]
WHERE [i].[EmailID] = @__email_0
2023-12-30 11:39:07.087 +05:30 [INF] Executed DbCommand (20ms) [Parameters=[@__email_0='Meena@gmail.com' (Size = 4000), @__p_1='0', @__p_2='3'], CommandType='"Text"', CommandTimeout='30']
SELECT [i].[ID], [i].[BookEdition], [i].[BookID], [i].[BookName], [i].[BorrowDate], [i].[DueDate], [i].[EmailID], [i].[IssueDate], [i].[Issued], [i].[Name], [i].[PaymentStatus], [i].[Penalty], [i].[ReturnDate]
FROM [IssueBooks] AS [i]
WHERE [i].[EmailID] = @__email_0
ORDER BY [i].[BookEdition]
OFFSET @__p_1 ROWS FETCH NEXT @__p_2 ROWS ONLY
2023-12-30 11:39:07.090 +05:30 [INF] Executing ViewResult, running view IssueBookDetails.
2023-12-30 11:39:07.117 +05:30 [INF] Executed ViewResult - view IssueBookDetails executed in 27.6911ms.
2023-12-30 11:39:07.117 +05:30 [INF] Executed action LibraryManagementSystem.Controllers.UserController.IssueBookDetails (LibraryManagementSystem) in 61.92ms
2023-12-30 11:39:07.118 +05:30 [INF] Executed endpoint 'LibraryManagementSystem.Controllers.UserController.IssueBookDetails (LibraryManagementSystem)'
2023-12-30 11:39:07.118 +05:30 [INF] Request finished HTTP/1.1 GET http://localhost:5208/User/IssueBookDetails - - - 200 - text/html;+charset=utf-8 62.8423ms
2023-12-30 11:39:50.748 +05:30 [INF] Request starting HTTP/1.1 POST http://localhost:5208/User/ReturnBook application/x-www-form-urlencoded 194
2023-12-30 11:39:50.749 +05:30 [INF] Executing endpoint 'LibraryManagementSystem.Controllers.UserController.ReturnBook (LibraryManagementSystem)'
2023-12-30 11:39:50.778 +05:30 [INF] Route matched with {action = "ReturnBook", controller = "User"}. Executing controller action with signature System.Threading.Tasks.Task`1[Microsoft.AspNetCore.Mvc.IActionResult] ReturnBook(Int32) on controller LibraryManagementSystem.Controllers.UserController (LibraryManagementSystem).
2023-12-30 11:39:50.829 +05:30 [INF] Executed DbCommand (18ms) [Parameters=[@__BookID_0='2567'], CommandType='"Text"', CommandTimeout='30']
SELECT TOP(1) [i].[ID], [i].[BookEdition], [i].[BookID], [i].[BookName], [i].[BorrowDate], [i].[DueDate], [i].[EmailID], [i].[IssueDate], [i].[Issued], [i].[Name], [i].[PaymentStatus], [i].[Penalty], [i].[ReturnDate]
FROM [IssueBooks] AS [i]
WHERE [i].[BookID] = @__BookID_0
2023-12-30 11:39:50.911 +05:30 [INF] Executed DbCommand (36ms) [Parameters=[@p12='3', @p0='6', @p1='2567', @p2='E is for Environment' (Nullable = false) (Size = 4000), @p3='2023-04-27T16:29:20.2219944', @p4='2023-05-07T17:18:00.1839923', @p5='swedha0025@gmail.com' (Nullable = false) (Size = 4000), @p6='2023-04-27T17:18:00.1839838', @p7='Returned' (Nullable = false) (Size = 4000), @p8='Swedha M' (Nullable = false) (Size = 4000), @p9=NULL (Size = 4000), @p10=NULL (DbType = Single), @p11='2023-12-30T11:39:50.8330638+05:30'], CommandType='"Text"', CommandTimeout='30']
SET IMPLICIT_TRANSACTIONS OFF;
SET NOCOUNT ON;
UPDATE [IssueBooks] SET [BookEdition] = @p0, [BookID] = @p1, [BookName] = @p2, [BorrowDate] = @p3, [DueDate] = @p4, [EmailID] = @p5, [IssueDate] = @p6, [Issued] = @p7, [Name] = @p8, [PaymentStatus] = @p9, [Penalty] = @p10, [ReturnDate] = @p11
OUTPUT 1
WHERE [ID] = @p12;
2023-12-30 11:39:50.914 +05:30 [INF] Executing RedirectResult, redirecting to /User/UserHomePage.
2023-12-30 11:39:50.914 +05:30 [INF] Executed action LibraryManagementSystem.Controllers.UserController.ReturnBook (LibraryManagementSystem) in 135.2934ms
2023-12-30 11:39:50.914 +05:30 [INF] Executed endpoint 'LibraryManagementSystem.Controllers.UserController.ReturnBook (LibraryManagementSystem)'
2023-12-30 11:39:50.914 +05:30 [INF] Request finished HTTP/1.1 POST http://localhost:5208/User/ReturnBook application/x-www-form-urlencoded 194 - 302 0 - 166.5624ms
2023-12-30 11:39:50.928 +05:30 [INF] Request starting HTTP/1.1 GET http://localhost:5208/User/UserHomePage - -
2023-12-30 11:39:50.930 +05:30 [INF] Executing endpoint 'LibraryManagementSystem.Controllers.UserController.UserHomePage (LibraryManagementSystem)'
2023-12-30 11:39:50.931 +05:30 [INF] Route matched with {action = "UserHomePage", controller = "User"}. Executing controller action with signature Microsoft.AspNetCore.Mvc.IActionResult UserHomePage() on controller LibraryManagementSystem.Controllers.UserController (LibraryManagementSystem).
2023-12-30 11:39:50.931 +05:30 [INF] Executing ViewResult, running view UserHomePage.
2023-12-30 11:39:50.932 +05:30 [INF] Executed ViewResult - view UserHomePage executed in 0.7281ms.
2023-12-30 11:39:50.932 +05:30 [INF] Executed action LibraryManagementSystem.Controllers.UserController.UserHomePage (LibraryManagementSystem) in 1.443ms
2023-12-30 11:39:50.932 +05:30 [INF] Executed endpoint 'LibraryManagementSystem.Controllers.UserController.UserHomePage (LibraryManagementSystem)'
2023-12-30 11:39:50.932 +05:30 [INF] Request finished HTTP/1.1 GET http://localhost:5208/User/UserHomePage - - - 200 - text/html;+charset=utf-8 4.5647ms
2023-12-30 11:39:52.566 +05:30 [INF] Request starting HTTP/1.1 GET http://localhost:5208/User/IssueBookDetails - -
2023-12-30 11:39:52.567 +05:30 [INF] Executing endpoint 'LibraryManagementSystem.Controllers.UserController.IssueBookDetails (LibraryManagementSystem)'
2023-12-30 11:39:52.568 +05:30 [INF] Route matched with {action = "IssueBookDetails", controller = "User"}. Executing controller action with signature System.Threading.Tasks.Task`1[Microsoft.AspNetCore.Mvc.IActionResult] IssueBookDetails(System.String, System.String, System.String, System.Nullable`1[System.Int32]) on controller LibraryManagementSystem.Controllers.UserController (LibraryManagementSystem).
2023-12-30 11:39:52.592 +05:30 [INF] Executed DbCommand (4ms) [Parameters=[@__email_0='Meena@gmail.com' (Size = 4000)], CommandType='"Text"', CommandTimeout='30']
SELECT COUNT(*)
FROM [IssueBooks] AS [i]
WHERE [i].[EmailID] = @__email_0
2023-12-30 11:39:52.605 +05:30 [INF] Executed DbCommand (10ms) [Parameters=[@__email_0='Meena@gmail.com' (Size = 4000), @__p_1='0', @__p_2='3'], CommandType='"Text"', CommandTimeout='30']
SELECT [i].[ID], [i].[BookEdition], [i].[BookID], [i].[BookName], [i].[BorrowDate], [i].[DueDate], [i].[EmailID], [i].[IssueDate], [i].[Issued], [i].[Name], [i].[PaymentStatus], [i].[Penalty], [i].[ReturnDate]
FROM [IssueBooks] AS [i]
WHERE [i].[EmailID] = @__email_0
ORDER BY [i].[BookEdition]
OFFSET @__p_1 ROWS FETCH NEXT @__p_2 ROWS ONLY
2023-12-30 11:39:52.608 +05:30 [INF] Executing ViewResult, running view IssueBookDetails.
2023-12-30 11:39:52.609 +05:30 [INF] Executed ViewResult - view IssueBookDetails executed in 1.1459ms.
2023-12-30 11:39:52.609 +05:30 [INF] Executed action LibraryManagementSystem.Controllers.UserController.IssueBookDetails (LibraryManagementSystem) in 36.9386ms
2023-12-30 11:39:52.609 +05:30 [INF] Executed endpoint 'LibraryManagementSystem.Controllers.UserController.IssueBookDetails (LibraryManagementSystem)'
2023-12-30 11:39:52.610 +05:30 [INF] Request finished HTTP/1.1 GET http://localhost:5208/User/IssueBookDetails - - - 200 - text/html;+charset=utf-8 43.4271ms
2023-12-30 11:40:35.867 +05:30 [INF] Request starting HTTP/1.1 GET http://localhost:5208/ - -
2023-12-30 11:40:35.868 +05:30 [INF] Executing endpoint 'LibraryManagementSystem.Controllers.HomeController.Index (LibraryManagementSystem)'
2023-12-30 11:40:35.868 +05:30 [INF] Route matched with {action = "Index", controller = "Home"}. Executing controller action with signature Microsoft.AspNetCore.Mvc.IActionResult Index() on controller LibraryManagementSystem.Controllers.HomeController (LibraryManagementSystem).
2023-12-30 11:40:35.868 +05:30 [INF] Executing ViewResult, running view Index.
2023-12-30 11:40:35.869 +05:30 [INF] Executed ViewResult - view Index executed in 0.569ms.
2023-12-30 11:40:35.869 +05:30 [INF] Executed action LibraryManagementSystem.Controllers.HomeController.Index (LibraryManagementSystem) in 0.7407ms
2023-12-30 11:40:35.869 +05:30 [INF] Executed endpoint 'LibraryManagementSystem.Controllers.HomeController.Index (LibraryManagementSystem)'
2023-12-30 11:40:35.869 +05:30 [INF] Request finished HTTP/1.1 GET http://localhost:5208/ - - - 200 - text/html;+charset=utf-8 1.5407ms
2023-12-30 11:40:48.127 +05:30 [INF] Application is shutting down...
2023-12-30 11:40:58.003 +05:30 [INF] User profile is available. Using 'C:\Users\Dell\AppData\Local\ASP.NET\DataProtection-Keys' as key repository and Windows DPAPI to encrypt keys at rest.
2023-12-30 11:40:58.352 +05:30 [INF] Now listening on: http://localhost:5208
2023-12-30 11:40:58.358 +05:30 [INF] Application started. Press Ctrl+C to shut down.
2023-12-30 11:40:58.358 +05:30 [INF] Hosting environment: Development
2023-12-30 11:40:58.358 +05:30 [INF] Content root path: C:\Users\Dell\application\LibraryManagementSystem
2023-12-30 11:41:27.770 +05:30 [INF] Request starting HTTP/1.1 GET http://localhost:5208/ - -
2023-12-30 11:41:28.088 +05:30 [WRN] Failed to determine the https port for redirect.
2023-12-30 11:41:29.512 +05:30 [INF] Executing endpoint 'LibraryManagementSystem.Controllers.HomeController.Index (LibraryManagementSystem)'
2023-12-30 11:41:29.887 +05:30 [INF] Route matched with {action = "Index", controller = "Home"}. Executing controller action with signature Microsoft.AspNetCore.Mvc.IActionResult Index() on controller LibraryManagementSystem.Controllers.HomeController (LibraryManagementSystem).
2023-12-30 11:41:30.066 +05:30 [INF] Executing ViewResult, running view Index.
2023-12-30 11:41:32.566 +05:30 [INF] Executed ViewResult - view Index executed in 2515.4659ms.
2023-12-30 11:41:32.570 +05:30 [INF] Executed action LibraryManagementSystem.Controllers.HomeController.Index (LibraryManagementSystem) in 2679.3181ms
2023-12-30 11:41:32.570 +05:30 [INF] Executed endpoint 'LibraryManagementSystem.Controllers.HomeController.Index (LibraryManagementSystem)'
2023-12-30 11:41:32.663 +05:30 [INF] Request finished HTTP/1.1 GET http://localhost:5208/ - - - 200 - text/html;+charset=utf-8 4894.9058ms
2023-12-30 11:41:36.439 +05:30 [INF] Request starting HTTP/1.1 GET http://localhost:5208/Home/LoginPage - -
2023-12-30 11:41:36.454 +05:30 [INF] Executing endpoint 'LibraryManagementSystem.Controllers.HomeController.LoginPage (LibraryManagementSystem)'
2023-12-30 11:41:36.464 +05:30 [INF] Route matched with {action = "LoginPage", controller = "Home"}. Executing controller action with signature Microsoft.AspNetCore.Mvc.IActionResult LoginPage() on controller LibraryManagementSystem.Controllers.HomeController (LibraryManagementSystem).
2023-12-30 11:41:36.469 +05:30 [INF] Executing ViewResult, running view LoginPage.
2023-12-30 11:41:36.503 +05:30 [INF] Executed ViewResult - view LoginPage executed in 36.9464ms.
2023-12-30 11:41:36.504 +05:30 [INF] Executed action LibraryManagementSystem.Controllers.HomeController.LoginPage (LibraryManagementSystem) in 39.6991ms
2023-12-30 11:41:36.504 +05:30 [INF] Executed endpoint 'LibraryManagementSystem.Controllers.HomeController.LoginPage (LibraryManagementSystem)'
2023-12-30 11:41:36.506 +05:30 [INF] Request finished HTTP/1.1 GET http://localhost:5208/Home/LoginPage - - - 200 - text/html;+charset=utf-8 66.6740ms
2023-12-30 11:41:37.973 +05:30 [INF] Request starting HTTP/1.1 GET http://localhost:5208/Login/UserLogin - -
2023-12-30 11:41:38.005 +05:30 [INF] Executing endpoint 'LibraryManagementSystem.Controllers.LoginController.UserLogin (LibraryManagementSystem)'
2023-12-30 11:41:38.007 +05:30 [INF] Route matched with {action = "UserLogin", controller = "Login"}. Executing controller action with signature Microsoft.AspNetCore.Mvc.IActionResult UserLogin() on controller LibraryManagementSystem.Controllers.LoginController (LibraryManagementSystem).
2023-12-30 11:41:38.527 +05:30 [INF] Executing ViewResult, running view UserLogin.
2023-12-30 11:41:38.701 +05:30 [INF] Executed ViewResult - view UserLogin executed in 174.9823ms.
2023-12-30 11:41:38.701 +05:30 [INF] Executed action LibraryManagementSystem.Controllers.LoginController.UserLogin (LibraryManagementSystem) in 693.7126ms
2023-12-30 11:41:38.701 +05:30 [INF] Executed endpoint 'LibraryManagementSystem.Controllers.LoginController.UserLogin (LibraryManagementSystem)'
2023-12-30 11:41:38.704 +05:30 [INF] Request finished HTTP/1.1 GET http://localhost:5208/Login/UserLogin - - - 200 - text/html;+charset=utf-8 731.1530ms
2023-12-30 11:41:38.756 +05:30 [INF] Request starting HTTP/1.1 GET http://localhost:5208/Login/fonts/material-icon/css/material-design-iconic-font.min.css - -
2023-12-30 11:41:38.765 +05:30 [INF] Request finished HTTP/1.1 GET http://localhost:5208/Login/fonts/material-icon/css/material-design-iconic-font.min.css - - - 404 0 - 8.5679ms
2023-12-30 11:41:38.766 +05:30 [INF] Request starting HTTP/1.1 GET http://localhost:5208/Login/css/style.css - -
2023-12-30 11:41:38.769 +05:30 [INF] Request finished HTTP/1.1 GET http://localhost:5208/Login/css/style.css - - - 404 0 - 2.7727ms
2023-12-30 11:41:38.778 +05:30 [INF] Request starting HTTP/1.1 GET http://localhost:5208/Login/vendor/jquery/jquery.min.js - -
2023-12-30 11:41:38.788 +05:30 [INF] Request finished HTTP/1.1 GET http://localhost:5208/Login/vendor/jquery/jquery.min.js - - - 404 0 - 10.5038ms
2023-12-30 11:41:38.788 +05:30 [INF] Request starting HTTP/1.1 GET http://localhost:5208/Login/js/main.js - -
2023-12-30 11:41:38.791 +05:30 [INF] Request finished HTTP/1.1 GET http://localhost:5208/Login/js/main.js - - - 404 0 - 1.5274ms
2023-12-30 11:41:39.016 +05:30 [INF] Request starting HTTP/1.1 GET http://localhost:5208/fonts/poppins/poppins-v5-latin-700.woff2 - -
2023-12-30 11:41:39.017 +05:30 [INF] Request finished HTTP/1.1 GET http://localhost:5208/fonts/poppins/poppins-v5-latin-700.woff2 - - - 404 0 - 0.9690ms
2023-12-30 11:41:39.192 +05:30 [INF] Request starting HTTP/1.1 GET http://localhost:5208/fonts/poppins/poppins-v5-latin-700.woff - -
2023-12-30 11:41:39.193 +05:30 [INF] Request finished HTTP/1.1 GET http://localhost:5208/fonts/poppins/poppins-v5-latin-700.woff - - - 404 0 - 0.9426ms
2023-12-30 11:41:39.260 +05:30 [INF] Request starting HTTP/1.1 GET http://localhost:5208/fonts/poppins/poppins-v5-latin-700.ttf - -
2023-12-30 11:41:39.260 +05:30 [INF] Request finished HTTP/1.1 GET http://localhost:5208/fonts/poppins/poppins-v5-latin-700.ttf - - - 404 0 - 0.7188ms
2023-12-30 11:41:46.665 +05:30 [INF] Request starting HTTP/1.1 POST http://localhost:5208/Login/UserLogin application/x-www-form-urlencoded 225
2023-12-30 11:41:46.665 +05:30 [INF] Executing endpoint 'LibraryManagementSystem.Controllers.LoginController.UserLogin (LibraryManagementSystem)'
2023-12-30 11:41:46.717 +05:30 [INF] Route matched with {action = "UserLogin", controller = "Login"}. Executing controller action with signature Microsoft.AspNetCore.Mvc.IActionResult UserLogin(LibraryManagementSystem.Models.Login) on controller LibraryManagementSystem.Controllers.LoginController (LibraryManagementSystem).
2023-12-30 11:41:47.245 +05:30 [INF] Executing RedirectResult, redirecting to /User/UserHomePage.
2023-12-30 11:41:47.245 +05:30 [INF] Executed action LibraryManagementSystem.Controllers.LoginController.UserLogin (LibraryManagementSystem) in 528.42ms
2023-12-30 11:41:47.245 +05:30 [INF] Executed endpoint 'LibraryManagementSystem.Controllers.LoginController.UserLogin (LibraryManagementSystem)'
2023-12-30 11:41:47.252 +05:30 [INF] Session started; Key:6f3743a9-219b-7791-0e2f-8269e811f306, Id:69ff7f28-2fd2-0453-dae5-35e50f3bbe44
2023-12-30 11:41:47.254 +05:30 [INF] Request finished HTTP/1.1 POST http://localhost:5208/Login/UserLogin application/x-www-form-urlencoded 225 - 302 0 - 589.2441ms
2023-12-30 11:41:47.262 +05:30 [INF] Request starting HTTP/1.1 GET http://localhost:5208/User/UserHomePage - -
2023-12-30 11:41:47.267 +05:30 [INF] Executing endpoint 'LibraryManagementSystem.Controllers.UserController.UserHomePage (LibraryManagementSystem)'
2023-12-30 11:41:47.270 +05:30 [INF] Route matched with {action = "UserHomePage", controller = "User"}. Executing controller action with signature Microsoft.AspNetCore.Mvc.IActionResult UserHomePage() on controller LibraryManagementSystem.Controllers.UserController (LibraryManagementSystem).
2023-12-30 11:41:47.291 +05:30 [INF] Executing ViewResult, running view UserHomePage.
2023-12-30 11:41:47.309 +05:30 [INF] Executed ViewResult - view UserHomePage executed in 19.2543ms.
2023-12-30 11:41:47.309 +05:30 [INF] Executed action LibraryManagementSystem.Controllers.UserController.UserHomePage (LibraryManagementSystem) in 39.2054ms
2023-12-30 11:41:47.309 +05:30 [INF] Executed endpoint 'LibraryManagementSystem.Controllers.UserController.UserHomePage (LibraryManagementSystem)'
2023-12-30 11:41:47.310 +05:30 [INF] Request finished HTTP/1.1 GET http://localhost:5208/User/UserHomePage - - - 200 - text/html;+charset=utf-8 47.5648ms
2023-12-30 11:41:48.728 +05:30 [INF] Request starting HTTP/1.1 GET http://localhost:5208/User/IssueBookDetails - -
2023-12-30 11:41:48.732 +05:30 [INF] Executing endpoint 'LibraryManagementSystem.Controllers.UserController.IssueBookDetails (LibraryManagementSystem)'
2023-12-30 11:41:48.781 +05:30 [INF] Route matched with {action = "IssueBookDetails", controller = "User"}. Executing controller action with signature System.Threading.Tasks.Task`1[Microsoft.AspNetCore.Mvc.IActionResult] IssueBookDetails(System.String, System.String, System.String, System.Nullable`1[System.Int32]) on controller LibraryManagementSystem.Controllers.UserController (LibraryManagementSystem).
2023-12-30 11:41:49.683 +05:30 [WRN] Sensitive data logging is enabled. Log entries and exception messages may include sensitive application data; this mode should only be enabled during development.
2023-12-30 11:41:51.893 +05:30 [INF] Executed DbCommand (99ms) [Parameters=[@__email_0='Meena@gmail.com' (Size = 4000)], CommandType='"Text"', CommandTimeout='30']
SELECT COUNT(*)
FROM [IssueBooks] AS [i]
WHERE [i].[EmailID] = @__email_0
2023-12-30 11:41:52.102 +05:30 [INF] Executed DbCommand (16ms) [Parameters=[@__email_0='Meena@gmail.com' (Size = 4000), @__p_1='0', @__p_2='3'], CommandType='"Text"', CommandTimeout='30']
SELECT [i].[ID], [i].[BookEdition], [i].[BookID], [i].[BookName], [i].[BorrowDate], [i].[DueDate], [i].[EmailID], [i].[IssueDate], [i].[Issued], [i].[Name], [i].[PaymentStatus], [i].[Penalty], [i].[ReturnDate]
FROM [IssueBooks] AS [i]
WHERE [i].[EmailID] = @__email_0
ORDER BY [i].[BookEdition]
OFFSET @__p_1 ROWS FETCH NEXT @__p_2 ROWS ONLY
2023-12-30 11:41:52.186 +05:30 [INF] Executing ViewResult, running view IssueBookDetails.
2023-12-30 11:41:52.262 +05:30 [INF] Executed ViewResult - view IssueBookDetails executed in 77.3463ms.
2023-12-30 11:41:52.306 +05:30 [INF] Executed action LibraryManagementSystem.Controllers.UserController.IssueBookDetails (LibraryManagementSystem) in 3521.3941ms
2023-12-30 11:41:52.307 +05:30 [INF] Executed endpoint 'LibraryManagementSystem.Controllers.UserController.IssueBookDetails (LibraryManagementSystem)'
2023-12-30 11:41:52.333 +05:30 [INF] Request finished HTTP/1.1 GET http://localhost:5208/User/IssueBookDetails - - - 200 - text/html;+charset=utf-8 3605.2357ms
2023-12-30 11:42:01.341 +05:30 [INF] Request starting HTTP/1.1 GET http://localhost:5208/UserDetail - -
2023-12-30 11:42:01.342 +05:30 [INF] Executing endpoint 'LibraryManagementSystem.Controllers.UserDetailController.Index (LibraryManagementSystem)'
2023-12-30 11:42:01.355 +05:30 [INF] Route matched with {action = "Index", controller = "UserDetail"}. Executing controller action with signature System.Threading.Tasks.Task`1[Microsoft.AspNetCore.Mvc.IActionResult] Index(System.String, System.String, System.String, System.Nullable`1[System.Int32]) on controller LibraryManagementSystem.Controllers.UserDetailController (LibraryManagementSystem).
2023-12-30 11:42:01.442 +05:30 [INF] Executed DbCommand (12ms) [Parameters=[], CommandType='"Text"', CommandTimeout='30']
SELECT COUNT(*)
FROM [UserDetails] AS [u]
2023-12-30 11:42:01.475 +05:30 [INF] Executed DbCommand (17ms) [Parameters=[@__p_0='0', @__p_1='3'], CommandType='"Text"', CommandTimeout='30']
SELECT [u].[ID], [u].[Address], [u].[Age], [u].[EmailID], [u].[Gender], [u].[Name], [u].[Password], [u].[PhoneNumber], [u].[ProfilePicture], [u].[RegisterNo]
FROM [UserDetails] AS [u]
ORDER BY [u].[RegisterNo]
OFFSET @__p_0 ROWS FETCH NEXT @__p_1 ROWS ONLY
2023-12-30 11:42:01.480 +05:30 [INF] Executing ViewResult, running view Index.
2023-12-30 11:42:01.527 +05:30 [INF] Executed ViewResult - view Index executed in 47.6518ms.
2023-12-30 11:42:01.527 +05:30 [INF] Executed action LibraryManagementSystem.Controllers.UserDetailController.Index (LibraryManagementSystem) in 171.3891ms
2023-12-30 11:42:01.527 +05:30 [INF] Executed endpoint 'LibraryManagementSystem.Controllers.UserDetailController.Index (LibraryManagementSystem)'
2023-12-30 11:42:01.528 +05:30 [INF] Request finished HTTP/1.1 GET http://localhost:5208/UserDetail - - - 200 - text/html;+charset=utf-8 186.8958ms
2023-12-30 11:42:03.628 +05:30 [INF] Request starting HTTP/1.1 GET http://localhost:5208/User/IssueBookDetails - -
2023-12-30 11:42:03.629 +05:30 [INF] Executing endpoint 'LibraryManagementSystem.Controllers.UserController.IssueBookDetails (LibraryManagementSystem)'
2023-12-30 11:42:03.629 +05:30 [INF] Route matched with {action = "IssueBookDetails", controller = "User"}. Executing controller action with signature System.Threading.Tasks.Task`1[Microsoft.AspNetCore.Mvc.IActionResult] IssueBookDetails(System.String, System.String, System.String, System.Nullable`1[System.Int32]) on controller LibraryManagementSystem.Controllers.UserController (LibraryManagementSystem).
2023-12-30 11:42:03.823 +05:30 [INF] Executed DbCommand (2ms) [Parameters=[@__email_0='Meena@gmail.com' (Size = 4000)], CommandType='"Text"', CommandTimeout='30']
SELECT COUNT(*)
FROM [IssueBooks] AS [i]
WHERE [i].[EmailID] = @__email_0
2023-12-30 11:42:03.831 +05:30 [INF] Executed DbCommand (3ms) [Parameters=[@__email_0='Meena@gmail.com' (Size = 4000), @__p_1='0', @__p_2='3'], CommandType='"Text"', CommandTimeout='30']
SELECT [i].[ID], [i].[BookEdition], [i].[BookID], [i].[BookName], [i].[BorrowDate], [i].[DueDate], [i].[EmailID], [i].[IssueDate], [i].[Issued], [i].[Name], [i].[PaymentStatus], [i].[Penalty], [i].[ReturnDate]
FROM [IssueBooks] AS [i]
WHERE [i].[EmailID] = @__email_0
ORDER BY [i].[BookEdition]
OFFSET @__p_1 ROWS FETCH NEXT @__p_2 ROWS ONLY
2023-12-30 11:42:03.837 +05:30 [INF] Executing ViewResult, running view IssueBookDetails.
2023-12-30 11:42:03.848 +05:30 [INF] Executed ViewResult - view IssueBookDetails executed in 11.1596ms.
2023-12-30 11:42:03.848 +05:30 [INF] Executed action LibraryManagementSystem.Controllers.UserController.IssueBookDetails (LibraryManagementSystem) in 218.8287ms
2023-12-30 11:42:03.848 +05:30 [INF] Executed endpoint 'LibraryManagementSystem.Controllers.UserController.IssueBookDetails (LibraryManagementSystem)'
2023-12-30 11:42:03.849 +05:30 [INF] Request finished HTTP/1.1 GET http://localhost:5208/User/IssueBookDetails - - - 200 - text/html;+charset=utf-8 220.4704ms
2023-12-30 11:42:04.791 +05:30 [INF] Request starting HTTP/1.1 GET http://localhost:5208/ - -
2023-12-30 11:42:04.792 +05:30 [INF] Executing endpoint 'LibraryManagementSystem.Controllers.HomeController.Index (LibraryManagementSystem)'
2023-12-30 11:42:04.792 +05:30 [INF] Route matched with {action = "Index", controller = "Home"}. Executing controller action with signature Microsoft.AspNetCore.Mvc.IActionResult Index() on controller LibraryManagementSystem.Controllers.HomeController (LibraryManagementSystem).
2023-12-30 11:42:04.792 +05:30 [INF] Executing ViewResult, running view Index.
2023-12-30 11:42:04.793 +05:30 [INF] Executed ViewResult - view Index executed in 0.9478ms.
2023-12-30 11:42:04.793 +05:30 [INF] Executed action LibraryManagementSystem.Controllers.HomeController.Index (LibraryManagementSystem) in 1.4512ms
2023-12-30 11:42:04.793 +05:30 [INF] Executed endpoint 'LibraryManagementSystem.Controllers.HomeController.Index (LibraryManagementSystem)'
2023-12-30 11:42:04.794 +05:30 [INF] Request finished HTTP/1.1 GET http://localhost:5208/ - - - 200 - text/html;+charset=utf-8 2.4894ms
2023-12-30 11:42:05.655 +05:30 [INF] Request starting HTTP/1.1 GET http://localhost:5208/Home/LoginPage - -
2023-12-30 11:42:05.657 +05:30 [INF] Executing endpoint 'LibraryManagementSystem.Controllers.HomeController.LoginPage (LibraryManagementSystem)'
2023-12-30 11:42:05.658 +05:30 [INF] Route matched with {action = "LoginPage", controller = "Home"}. Executing controller action with signature Microsoft.AspNetCore.Mvc.IActionResult LoginPage() on controller LibraryManagementSystem.Controllers.HomeController (LibraryManagementSystem).
2023-12-30 11:42:05.658 +05:30 [INF] Executing ViewResult, running view LoginPage.
2023-12-30 11:42:05.659 +05:30 [INF] Executed ViewResult - view LoginPage executed in 1.1085ms.
2023-12-30 11:42:05.659 +05:30 [INF] Executed action LibraryManagementSystem.Controllers.HomeController.LoginPage (LibraryManagementSystem) in 1.308ms
2023-12-30 11:42:05.659 +05:30 [INF] Executed endpoint 'LibraryManagementSystem.Controllers.HomeController.LoginPage (LibraryManagementSystem)'
2023-12-30 11:42:05.659 +05:30 [INF] Request finished HTTP/1.1 GET http://localhost:5208/Home/LoginPage - - - 200 - text/html;+charset=utf-8 4.2531ms
2023-12-30 11:42:08.722 +05:30 [INF] Request starting HTTP/1.1 GET http://localhost:5208/Login/UserLogin - -
2023-12-30 11:42:08.723 +05:30 [INF] Executing endpoint 'LibraryManagementSystem.Controllers.LoginController.UserLogin (LibraryManagementSystem)'
2023-12-30 11:42:08.723 +05:30 [INF] Route matched with {action = "UserLogin", controller = "Login"}. Executing controller action with signature Microsoft.AspNetCore.Mvc.IActionResult UserLogin() on controller LibraryManagementSystem.Controllers.LoginController (LibraryManagementSystem).
2023-12-30 11:42:08.724 +05:30 [INF] Executing ViewResult, running view UserLogin.
2023-12-30 11:42:08.728 +05:30 [INF] Executed ViewResult - view UserLogin executed in 4.0264ms.
2023-12-30 11:42:08.728 +05:30 [INF] Executed action LibraryManagementSystem.Controllers.LoginController.UserLogin (LibraryManagementSystem) in 4.8495ms
2023-12-30 11:42:08.728 +05:30 [INF] Executed endpoint 'LibraryManagementSystem.Controllers.LoginController.UserLogin (LibraryManagementSystem)'
2023-12-30 11:42:08.728 +05:30 [INF] Request finished HTTP/1.1 GET http://localhost:5208/Login/UserLogin - - - 200 - text/html;+charset=utf-8 5.9915ms
2023-12-30 11:42:08.791 +05:30 [INF] Request starting HTTP/1.1 GET http://localhost:5208/Login/fonts/material-icon/css/material-design-iconic-font.min.css - -
2023-12-30 11:42:08.791 +05:30 [INF] Request starting HTTP/1.1 GET http://localhost:5208/Login/css/style.css - -
2023-12-30 11:42:08.792 +05:30 [INF] Request finished HTTP/1.1 GET http://localhost:5208/Login/fonts/material-icon/css/material-design-iconic-font.min.css - - - 404 0 - 0.8718ms
2023-12-30 11:42:08.793 +05:30 [INF] Request starting HTTP/1.1 GET http://localhost:5208/Login/vendor/jquery/jquery.min.js - -
2023-12-30 11:42:08.794 +05:30 [INF] Request finished HTTP/1.1 GET http://localhost:5208/Login/vendor/jquery/jquery.min.js - - - 404 0 - 1.4177ms
2023-12-30 11:42:08.796 +05:30 [INF] Request finished HTTP/1.1 GET http://localhost:5208/Login/css/style.css - - - 404 0 - 4.0744ms
2023-12-30 11:42:08.810 +05:30 [INF] Request starting HTTP/1.1 GET http://localhost:5208/Login/js/main.js - -
2023-12-30 11:42:08.812 +05:30 [INF] Request finished HTTP/1.1 GET http://localhost:5208/Login/js/main.js - - - 404 0 - 2.2963ms
2023-12-30 11:42:08.880 +05:30 [INF] Request starting HTTP/1.1 GET http://localhost:5208/fonts/poppins/poppins-v5-latin-700.woff2 - -
2023-12-30 11:42:08.881 +05:30 [INF] Request finished HTTP/1.1 GET http://localhost:5208/fonts/poppins/poppins-v5-latin-700.woff2 - - - 404 0 - 0.7462ms
2023-12-30 11:42:08.910 +05:30 [INF] Request starting HTTP/1.1 GET http://localhost:5208/fonts/poppins/poppins-v5-latin-700.woff - -
2023-12-30 11:42:08.911 +05:30 [INF] Request finished HTTP/1.1 GET http://localhost:5208/fonts/poppins/poppins-v5-latin-700.woff - - - 404 0 - 1.6478ms
2023-12-30 11:42:08.928 +05:30 [INF] Request starting HTTP/1.1 GET http://localhost:5208/fonts/poppins/poppins-v5-latin-700.ttf - -
2023-12-30 11:42:08.929 +05:30 [INF] Request finished HTTP/1.1 GET http://localhost:5208/fonts/poppins/poppins-v5-latin-700.ttf - - - 404 0 - 0.7010ms
2023-12-30 11:42:27.956 +05:30 [INF] Request starting HTTP/1.1 POST http://localhost:5208/Login/UserLogin application/x-www-form-urlencoded 235
2023-12-30 11:42:27.957 +05:30 [INF] Executing endpoint 'LibraryManagementSystem.Controllers.LoginController.UserLogin (LibraryManagementSystem)'
2023-12-30 11:42:27.957 +05:30 [INF] Route matched with {action = "UserLogin", controller = "Login"}. Executing controller action with signature Microsoft.AspNetCore.Mvc.IActionResult UserLogin(LibraryManagementSystem.Models.Login) on controller LibraryManagementSystem.Controllers.LoginController (LibraryManagementSystem).
2023-12-30 11:42:28.034 +05:30 [INF] Executing RedirectResult, redirecting to /User/UserHomePage.
2023-12-30 11:42:28.035 +05:30 [INF] Executed action LibraryManagementSystem.Controllers.LoginController.UserLogin (LibraryManagementSystem) in 77.5123ms
2023-12-30 11:42:28.035 +05:30 [INF] Executed endpoint 'LibraryManagementSystem.Controllers.LoginController.UserLogin (LibraryManagementSystem)'
2023-12-30 11:42:28.036 +05:30 [INF] Request finished HTTP/1.1 POST http://localhost:5208/Login/UserLogin application/x-www-form-urlencoded 235 - 302 0 - 79.0650ms
2023-12-30 11:42:28.039 +05:30 [INF] Request starting HTTP/1.1 GET http://localhost:5208/User/UserHomePage - -
2023-12-30 11:42:28.039 +05:30 [INF] Executing endpoint 'LibraryManagementSystem.Controllers.UserController.UserHomePage (LibraryManagementSystem)'
2023-12-30 11:42:28.039 +05:30 [INF] Route matched with {action = "UserHomePage", controller = "User"}. Executing controller action with signature Microsoft.AspNetCore.Mvc.IActionResult UserHomePage() on controller LibraryManagementSystem.Controllers.UserController (LibraryManagementSystem).
2023-12-30 11:42:28.040 +05:30 [INF] Executing ViewResult, running view UserHomePage.
2023-12-30 11:42:28.041 +05:30 [INF] Executed ViewResult - view UserHomePage executed in 1.0549ms.
2023-12-30 11:42:28.042 +05:30 [INF] Executed action LibraryManagementSystem.Controllers.UserController.UserHomePage (LibraryManagementSystem) in 2.2927ms
2023-12-30 11:42:28.042 +05:30 [INF] Executed endpoint 'LibraryManagementSystem.Controllers.UserController.UserHomePage (LibraryManagementSystem)'
2023-12-30 11:42:28.042 +05:30 [INF] Request finished HTTP/1.1 GET http://localhost:5208/User/UserHomePage - - - 200 - text/html;+charset=utf-8 3.3486ms
2023-12-30 11:42:29.315 +05:30 [INF] Request starting HTTP/1.1 GET http://localhost:5208/User/IssueBookDetails - -
2023-12-30 11:42:29.316 +05:30 [INF] Executing endpoint 'LibraryManagementSystem.Controllers.UserController.IssueBookDetails (LibraryManagementSystem)'
2023-12-30 11:42:29.316 +05:30 [INF] Route matched with {action = "IssueBookDetails", controller = "User"}. Executing controller action with signature System.Threading.Tasks.Task`1[Microsoft.AspNetCore.Mvc.IActionResult] IssueBookDetails(System.String, System.String, System.String, System.Nullable`1[System.Int32]) on controller LibraryManagementSystem.Controllers.UserController (LibraryManagementSystem).
2023-12-30 11:42:29.323 +05:30 [INF] Executed DbCommand (4ms) [Parameters=[@__email_0='sujithaarul14@gmail.com' (Size = 4000)], CommandType='"Text"', CommandTimeout='30']
SELECT COUNT(*)
FROM [IssueBooks] AS [i]
WHERE [i].[EmailID] = @__email_0
2023-12-30 11:42:29.336 +05:30 [INF] Executed DbCommand (9ms) [Parameters=[@__email_0='sujithaarul14@gmail.com' (Size = 4000), @__p_1='0', @__p_2='3'], CommandType='"Text"', CommandTimeout='30']
SELECT [i].[ID], [i].[BookEdition], [i].[BookID], [i].[BookName], [i].[BorrowDate], [i].[DueDate], [i].[EmailID], [i].[IssueDate], [i].[Issued], [i].[Name], [i].[PaymentStatus], [i].[Penalty], [i].[ReturnDate]
FROM [IssueBooks] AS [i]
WHERE [i].[EmailID] = @__email_0
ORDER BY [i].[BookEdition]
OFFSET @__p_1 ROWS FETCH NEXT @__p_2 ROWS ONLY
2023-12-30 11:42:29.337 +05:30 [INF] Executing ViewResult, running view IssueBookDetails.
2023-12-30 11:42:29.340 +05:30 [INF] Executed ViewResult - view IssueBookDetails executed in 2.7673ms.
2023-12-30 11:42:29.341 +05:30 [INF] Executed action LibraryManagementSystem.Controllers.UserController.IssueBookDetails (LibraryManagementSystem) in 24.5723ms
2023-12-30 11:42:29.341 +05:30 [INF] Executed endpoint 'LibraryManagementSystem.Controllers.UserController.IssueBookDetails (LibraryManagementSystem)'
2023-12-30 11:42:29.341 +05:30 [INF] Request finished HTTP/1.1 GET http://localhost:5208/User/IssueBookDetails - - - 200 - text/html;+charset=utf-8 25.6167ms
2023-12-30 11:43:22.090 +05:30 [INF] Application is shutting down...
