2023-09-24 23:42:40.266 +05:30 [INF] User profile is available. Using 'C:\Users\Dell\AppData\Local\ASP.NET\DataProtection-Keys' as key repository and Windows DPAPI to encrypt keys at rest.
2023-09-24 23:42:40.396 +05:30 [INF] Creating key {61dc4071-8ffc-4d09-84d5-906ceab08442} with creation date 2023-09-24 18:12:40Z, activation date 2023-09-24 18:12:40Z, and expiration date 2023-12-23 18:12:40Z.
2023-09-24 23:42:40.416 +05:30 [INF] Writing data to file 'C:\Users\Dell\AppData\Local\ASP.NET\DataProtection-Keys\key-61dc4071-8ffc-4d09-84d5-906ceab08442.xml'.
2023-09-24 23:42:48.018 +05:30 [INF] Now listening on: http://localhost:5208
2023-09-24 23:42:48.023 +05:30 [INF] Application started. Press Ctrl+C to shut down.
2023-09-24 23:42:48.023 +05:30 [INF] Hosting environment: Development
2023-09-24 23:42:48.023 +05:30 [INF] Content root path: C:\Users\Dell\application\LibraryManagementSystem
2023-09-24 23:42:59.179 +05:30 [INF] Request starting HTTP/1.1 GET http://localhost:5208/ - -
2023-09-24 23:42:59.219 +05:30 [WRN] Failed to determine the https port for redirect.
2023-09-24 23:42:59.506 +05:30 [INF] Executing endpoint 'LibraryManagementSystem.Controllers.HomeController.Index (LibraryManagementSystem)'
2023-09-24 23:42:59.547 +05:30 [INF] Route matched with {action = "Index", controller = "Home"}. Executing controller action with signature Microsoft.AspNetCore.Mvc.IActionResult Index() on controller LibraryManagementSystem.Controllers.HomeController (LibraryManagementSystem).
2023-09-24 23:42:59.886 +05:30 [INF] Executing ViewResult, running view Index.
2023-09-24 23:43:00.123 +05:30 [INF] Executed ViewResult - view Index executed in 365.0479ms.
2023-09-24 23:43:00.127 +05:30 [INF] Executed action LibraryManagementSystem.Controllers.HomeController.Index (LibraryManagementSystem) in 577.938ms
2023-09-24 23:43:00.128 +05:30 [INF] Executed endpoint 'LibraryManagementSystem.Controllers.HomeController.Index (LibraryManagementSystem)'
2023-09-24 23:43:00.144 +05:30 [INF] Request finished HTTP/1.1 GET http://localhost:5208/ - - - 200 - text/html;+charset=utf-8 973.0530ms
2023-09-24 23:43:00.248 +05:30 [INF] Request starting HTTP/1.1 GET http://localhost:5208/css/site.css?v=Uf4lHjjxZsfwroMkfC7tS0lsFOXzd-qKEjGu6C3OHAQ - -
2023-09-24 23:43:00.249 +05:30 [INF] Request starting HTTP/1.1 GET http://localhost:5208/lib/bootstrap/dist/css/bootstrap.min.css - -
2023-09-24 23:43:00.278 +05:30 [INF] Sending file. Request path: '/css/site.css'. Physical path: 'C:\Users\Dell\application\LibraryManagementSystem\wwwroot\css\site.css'
2023-09-24 23:43:00.279 +05:30 [INF] Request finished HTTP/1.1 GET http://localhost:5208/css/site.css?v=Uf4lHjjxZsfwroMkfC7tS0lsFOXzd-qKEjGu6C3OHAQ - - - 200 596 text/css 30.5242ms
2023-09-24 23:43:00.280 +05:30 [INF] Request starting HTTP/1.1 GET http://localhost:5208/LibraryManagementSystem.styles.css?v=dSJPc0eieC8_SXlCyXvxyg9iqbhbZl1Jt2wNS_gG2Z0 - -
2023-09-24 23:43:00.283 +05:30 [INF] Request starting HTTP/1.1 GET http://localhost:5208/lib/jquery/dist/jquery.min.js - -
2023-09-24 23:43:00.303 +05:30 [INF] Request starting HTTP/1.1 GET http://localhost:5208/lib/bootstrap/dist/js/bootstrap.bundle.min.js - -
2023-09-24 23:43:00.337 +05:30 [INF] Request starting HTTP/1.1 GET http://localhost:5208/images/Screenshot.png - -
2023-09-24 23:43:00.342 +05:30 [INF] Sending file. Request path: '/lib/bootstrap/dist/js/bootstrap.bundle.min.js'. Physical path: 'C:\Users\Dell\application\LibraryManagementSystem\wwwroot\lib\bootstrap\dist\js\bootstrap.bundle.min.js'
2023-09-24 23:43:00.343 +05:30 [INF] Request finished HTTP/1.1 GET http://localhost:5208/lib/bootstrap/dist/js/bootstrap.bundle.min.js - - - 200 78468 text/javascript 40.4029ms
2023-09-24 23:43:00.346 +05:30 [INF] Sending file. Request path: '/LibraryManagementSystem.styles.css'. Physical path: 'C:\Users\Dell\application\LibraryManagementSystem\obj\Debug\net7.0\scopedcss\bundle\LibraryManagementSystem.styles.css'
2023-09-24 23:43:00.347 +05:30 [INF] Request finished HTTP/1.1 GET http://localhost:5208/LibraryManagementSystem.styles.css?v=dSJPc0eieC8_SXlCyXvxyg9iqbhbZl1Jt2wNS_gG2Z0 - - - 200 68584 text/css 66.5851ms
2023-09-24 23:43:00.348 +05:30 [INF] Sending file. Request path: '/lib/jquery/dist/jquery.min.js'. Physical path: 'C:\Users\Dell\application\LibraryManagementSystem\wwwroot\lib\jquery\dist\jquery.min.js'
2023-09-24 23:43:00.348 +05:30 [INF] Request finished HTTP/1.1 GET http://localhost:5208/lib/jquery/dist/jquery.min.js - - - 200 89501 text/javascript 64.7759ms
2023-09-24 23:43:00.351 +05:30 [INF] Sending file. Request path: '/lib/bootstrap/dist/css/bootstrap.min.css'. Physical path: 'C:\Users\Dell\application\LibraryManagementSystem\wwwroot\lib\bootstrap\dist\css\bootstrap.min.css'
2023-09-24 23:43:00.351 +05:30 [INF] Request finished HTTP/1.1 GET http://localhost:5208/lib/bootstrap/dist/css/bootstrap.min.css - - - 200 162720 text/css 101.7123ms
2023-09-24 23:43:00.405 +05:30 [INF] Request starting HTTP/1.1 GET http://localhost:5208/js/site.js?v=4q1jwFhaPaZgr8WAUSrux6hAuh0XDg9kPS3xIVq36I0 - -
2023-09-24 23:43:00.406 +05:30 [INF] Sending file. Request path: '/js/site.js'. Physical path: 'C:\Users\Dell\application\LibraryManagementSystem\wwwroot\js\site.js'
2023-09-24 23:43:00.406 +05:30 [INF] Request finished HTTP/1.1 GET http://localhost:5208/js/site.js?v=4q1jwFhaPaZgr8WAUSrux6hAuh0XDg9kPS3xIVq36I0 - - - 200 230 text/javascript 1.2194ms
2023-09-24 23:43:01.294 +05:30 [INF] Sending file. Request path: '/images/Screenshot.png'. Physical path: 'C:\Users\Dell\application\LibraryManagementSystem\wwwroot\images\Screenshot.png'
2023-09-24 23:43:01.295 +05:30 [INF] Request finished HTTP/1.1 GET http://localhost:5208/images/Screenshot.png - - - 200 546170 image/png 957.2620ms
2023-09-24 23:43:03.033 +05:30 [INF] Request starting HTTP/1.1 GET http://localhost:5208/favicon.ico - -
2023-09-24 23:43:03.037 +05:30 [INF] Sending file. Request path: '/favicon.ico'. Physical path: 'C:\Users\Dell\application\LibraryManagementSystem\wwwroot\favicon.ico'
2023-09-24 23:43:03.037 +05:30 [INF] Request finished HTTP/1.1 GET http://localhost:5208/favicon.ico - - - 200 5430 image/x-icon 4.7191ms
2023-09-24 23:43:13.762 +05:30 [INF] Request starting HTTP/1.1 GET http://localhost:5208/Home/LoginPage - -
2023-09-24 23:43:13.771 +05:30 [INF] Executing endpoint 'LibraryManagementSystem.Controllers.HomeController.LoginPage (LibraryManagementSystem)'
2023-09-24 23:43:13.780 +05:30 [INF] Route matched with {action = "LoginPage", controller = "Home"}. Executing controller action with signature Microsoft.AspNetCore.Mvc.IActionResult LoginPage() on controller LibraryManagementSystem.Controllers.HomeController (LibraryManagementSystem).
2023-09-24 23:43:13.783 +05:30 [INF] Executing ViewResult, running view LoginPage.
2023-09-24 23:43:13.805 +05:30 [INF] Executed ViewResult - view LoginPage executed in 23.7376ms.
2023-09-24 23:43:13.805 +05:30 [INF] Executed action LibraryManagementSystem.Controllers.HomeController.LoginPage (LibraryManagementSystem) in 25.2955ms
2023-09-24 23:43:13.805 +05:30 [INF] Executed endpoint 'LibraryManagementSystem.Controllers.HomeController.LoginPage (LibraryManagementSystem)'
2023-09-24 23:43:13.817 +05:30 [INF] Request finished HTTP/1.1 GET http://localhost:5208/Home/LoginPage - - - 200 - text/html;+charset=utf-8 53.0507ms
2023-09-24 23:43:16.849 +05:30 [INF] Request starting HTTP/1.1 GET http://localhost:5208/Login/AdminLogin - -
2023-09-24 23:43:16.862 +05:30 [INF] Executing endpoint 'LibraryManagementSystem.Controllers.LoginController.AdminLogin (LibraryManagementSystem)'
2023-09-24 23:43:16.864 +05:30 [INF] Route matched with {action = "AdminLogin", controller = "Login"}. Executing controller action with signature Microsoft.AspNetCore.Mvc.IActionResult AdminLogin() on controller LibraryManagementSystem.Controllers.LoginController (LibraryManagementSystem).
2023-09-24 23:43:17.219 +05:30 [INF] Executing ViewResult, running view AdminLogin.
2023-09-24 23:43:17.293 +05:30 [INF] Executed ViewResult - view AdminLogin executed in 75.0271ms.
2023-09-24 23:43:17.293 +05:30 [INF] Executed action LibraryManagementSystem.Controllers.LoginController.AdminLogin (LibraryManagementSystem) in 429.2273ms
2023-09-24 23:43:17.294 +05:30 [INF] Executed endpoint 'LibraryManagementSystem.Controllers.LoginController.AdminLogin (LibraryManagementSystem)'
2023-09-24 23:43:17.319 +05:30 [INF] Request finished HTTP/1.1 GET http://localhost:5208/Login/AdminLogin - - - 200 - text/html;+charset=utf-8 469.1547ms
2023-09-24 23:43:17.345 +05:30 [INF] Request starting HTTP/1.1 GET http://localhost:5208/Login/fonts/material-icon/css/material-design-iconic-font.min.css - -
2023-09-24 23:43:17.349 +05:30 [INF] Request finished HTTP/1.1 GET http://localhost:5208/Login/fonts/material-icon/css/material-design-iconic-font.min.css - - - 404 0 - 4.5570ms
2023-09-24 23:43:17.350 +05:30 [INF] Request starting HTTP/1.1 GET http://localhost:5208/Login/css/style.css - -
2023-09-24 23:43:17.351 +05:30 [INF] Request finished HTTP/1.1 GET http://localhost:5208/Login/css/style.css - - - 404 0 - 1.0544ms
2023-09-24 23:43:17.352 +05:30 [INF] Request starting HTTP/1.1 GET http://localhost:5208/Login/vendor/jquery/jquery.min.js - -
2023-09-24 23:43:17.353 +05:30 [INF] Request finished HTTP/1.1 GET http://localhost:5208/Login/vendor/jquery/jquery.min.js - - - 404 0 - 0.8617ms
2023-09-24 23:43:17.363 +05:30 [INF] Request starting HTTP/1.1 GET http://localhost:5208/Login/js/main.js - -
2023-09-24 23:43:17.364 +05:30 [INF] Request finished HTTP/1.1 GET http://localhost:5208/Login/js/main.js - - - 404 0 - 0.8213ms
2023-09-24 23:43:17.496 +05:30 [INF] Request starting HTTP/1.1 GET http://localhost:5208/fonts/poppins/poppins-v5-latin-700.woff2 - -
2023-09-24 23:43:17.513 +05:30 [INF] Request finished HTTP/1.1 GET http://localhost:5208/fonts/poppins/poppins-v5-latin-700.woff2 - - - 404 0 - 16.7433ms
2023-09-24 23:43:18.003 +05:30 [INF] Request starting HTTP/1.1 GET http://localhost:5208/fonts/poppins/poppins-v5-latin-700.woff - -
2023-09-24 23:43:18.004 +05:30 [INF] Request finished HTTP/1.1 GET http://localhost:5208/fonts/poppins/poppins-v5-latin-700.woff - - - 404 0 - 0.7802ms
2023-09-24 23:43:18.014 +05:30 [INF] Request starting HTTP/1.1 GET http://localhost:5208/fonts/poppins/poppins-v5-latin-700.ttf - -
2023-09-24 23:43:18.015 +05:30 [INF] Request finished HTTP/1.1 GET http://localhost:5208/fonts/poppins/poppins-v5-latin-700.ttf - - - 404 0 - 1.0050ms
2023-09-24 23:43:32.129 +05:30 [INF] Request starting HTTP/1.1 POST http://localhost:5208/Login/AdminLogin application/x-www-form-urlencoded 239
2023-09-24 23:43:32.130 +05:30 [INF] Executing endpoint 'LibraryManagementSystem.Controllers.LoginController.AdminLogin (LibraryManagementSystem)'
2023-09-24 23:43:32.178 +05:30 [INF] Route matched with {action = "AdminLogin", controller = "Login"}. Executing controller action with signature Microsoft.AspNetCore.Mvc.IActionResult AdminLogin(LibraryManagementSystem.Models.Login) on controller LibraryManagementSystem.Controllers.LoginController (LibraryManagementSystem).
2023-09-24 23:43:33.356 +05:30 [INF] Executing RedirectResult, redirecting to /Login/AdminLogin.
2023-09-24 23:43:33.356 +05:30 [INF] Executed action LibraryManagementSystem.Controllers.LoginController.AdminLogin (LibraryManagementSystem) in 1177.9784ms
2023-09-24 23:43:33.356 +05:30 [INF] Executed endpoint 'LibraryManagementSystem.Controllers.LoginController.AdminLogin (LibraryManagementSystem)'
2023-09-24 23:43:33.356 +05:30 [INF] Request finished HTTP/1.1 POST http://localhost:5208/Login/AdminLogin application/x-www-form-urlencoded 239 - 302 0 - 1227.1180ms
2023-09-24 23:43:33.381 +05:30 [INF] Request starting HTTP/1.1 GET http://localhost:5208/Login/AdminLogin - -
2023-09-24 23:43:33.382 +05:30 [INF] Executing endpoint 'LibraryManagementSystem.Controllers.LoginController.AdminLogin (LibraryManagementSystem)'
2023-09-24 23:43:33.382 +05:30 [INF] Route matched with {action = "AdminLogin", controller = "Login"}. Executing controller action with signature Microsoft.AspNetCore.Mvc.IActionResult AdminLogin() on controller LibraryManagementSystem.Controllers.LoginController (LibraryManagementSystem).
2023-09-24 23:43:33.390 +05:30 [INF] Executing ViewResult, running view AdminLogin.
2023-09-24 23:43:33.396 +05:30 [INF] Executed ViewResult - view AdminLogin executed in 5.6296ms.
2023-09-24 23:43:33.396 +05:30 [INF] Executed action LibraryManagementSystem.Controllers.LoginController.AdminLogin (LibraryManagementSystem) in 13.532ms
2023-09-24 23:43:33.396 +05:30 [INF] Executed endpoint 'LibraryManagementSystem.Controllers.LoginController.AdminLogin (LibraryManagementSystem)'
2023-09-24 23:43:33.396 +05:30 [INF] Request finished HTTP/1.1 GET http://localhost:5208/Login/AdminLogin - - - 200 - text/html;+charset=utf-8 14.5846ms
2023-09-24 23:43:33.449 +05:30 [INF] Request starting HTTP/1.1 GET http://localhost:5208/Login/fonts/material-icon/css/material-design-iconic-font.min.css - -
2023-09-24 23:43:33.450 +05:30 [INF] Request finished HTTP/1.1 GET http://localhost:5208/Login/fonts/material-icon/css/material-design-iconic-font.min.css - - - 404 0 - 1.0344ms
2023-09-24 23:43:33.451 +05:30 [INF] Request starting HTTP/1.1 GET http://localhost:5208/Login/css/style.css - -
2023-09-24 23:43:33.451 +05:30 [INF] Request starting HTTP/1.1 GET http://localhost:5208/Login/vendor/jquery/jquery.min.js - -
2023-09-24 23:43:33.451 +05:30 [INF] Request finished HTTP/1.1 GET http://localhost:5208/Login/css/style.css - - - 404 0 - 0.8165ms
2023-09-24 23:43:33.452 +05:30 [INF] Request starting HTTP/1.1 GET http://localhost:5208/Login/js/main.js - -
2023-09-24 23:43:33.452 +05:30 [INF] Request finished HTTP/1.1 GET http://localhost:5208/Login/vendor/jquery/jquery.min.js - - - 404 0 - 0.6997ms
2023-09-24 23:43:33.453 +05:30 [INF] Request finished HTTP/1.1 GET http://localhost:5208/Login/js/main.js - - - 404 0 - 0.8006ms
2023-09-24 23:43:33.479 +05:30 [INF] Request starting HTTP/1.1 GET http://localhost:5208/fonts/poppins/poppins-v5-latin-700.woff2 - -
2023-09-24 23:43:33.480 +05:30 [INF] Request finished HTTP/1.1 GET http://localhost:5208/fonts/poppins/poppins-v5-latin-700.woff2 - - - 404 0 - 0.6948ms
2023-09-24 23:43:33.488 +05:30 [INF] Request starting HTTP/1.1 GET http://localhost:5208/fonts/poppins/poppins-v5-latin-700.woff - -
2023-09-24 23:43:33.489 +05:30 [INF] Request finished HTTP/1.1 GET http://localhost:5208/fonts/poppins/poppins-v5-latin-700.woff - - - 404 0 - 0.7545ms
2023-09-24 23:43:33.494 +05:30 [INF] Request starting HTTP/1.1 GET http://localhost:5208/fonts/poppins/poppins-v5-latin-700.ttf - -
2023-09-24 23:43:33.495 +05:30 [INF] Request finished HTTP/1.1 GET http://localhost:5208/fonts/poppins/poppins-v5-latin-700.ttf - - - 404 0 - 0.6874ms
2023-09-24 23:43:41.497 +05:30 [INF] Request starting HTTP/1.1 POST http://localhost:5208/Login/AdminLogin application/x-www-form-urlencoded 233
2023-09-24 23:43:41.498 +05:30 [INF] Executing endpoint 'LibraryManagementSystem.Controllers.LoginController.AdminLogin (LibraryManagementSystem)'
2023-09-24 23:43:41.498 +05:30 [INF] Route matched with {action = "AdminLogin", controller = "Login"}. Executing controller action with signature Microsoft.AspNetCore.Mvc.IActionResult AdminLogin(LibraryManagementSystem.Models.Login) on controller LibraryManagementSystem.Controllers.LoginController (LibraryManagementSystem).
2023-09-24 23:43:41.525 +05:30 [INF] Executing RedirectResult, redirecting to /Login/AdminLogin.
2023-09-24 23:43:41.526 +05:30 [INF] Executed action LibraryManagementSystem.Controllers.LoginController.AdminLogin (LibraryManagementSystem) in 27.6041ms
2023-09-24 23:43:41.526 +05:30 [INF] Executed endpoint 'LibraryManagementSystem.Controllers.LoginController.AdminLogin (LibraryManagementSystem)'
2023-09-24 23:43:41.526 +05:30 [INF] Request finished HTTP/1.1 POST http://localhost:5208/Login/AdminLogin application/x-www-form-urlencoded 233 - 302 0 - 29.1134ms
2023-09-24 23:43:41.530 +05:30 [INF] Request starting HTTP/1.1 GET http://localhost:5208/Login/AdminLogin - -
2023-09-24 23:43:41.530 +05:30 [INF] Executing endpoint 'LibraryManagementSystem.Controllers.LoginController.AdminLogin (LibraryManagementSystem)'
2023-09-24 23:43:41.531 +05:30 [INF] Route matched with {action = "AdminLogin", controller = "Login"}. Executing controller action with signature Microsoft.AspNetCore.Mvc.IActionResult AdminLogin() on controller LibraryManagementSystem.Controllers.LoginController (LibraryManagementSystem).
2023-09-24 23:43:41.531 +05:30 [INF] Executing ViewResult, running view AdminLogin.
2023-09-24 23:43:41.538 +05:30 [INF] Executed ViewResult - view AdminLogin executed in 7.3757ms.
2023-09-24 23:43:41.542 +05:30 [INF] Executed action LibraryManagementSystem.Controllers.LoginController.AdminLogin (LibraryManagementSystem) in 7.8937ms
2023-09-24 23:43:41.543 +05:30 [INF] Executed endpoint 'LibraryManagementSystem.Controllers.LoginController.AdminLogin (LibraryManagementSystem)'
2023-09-24 23:43:41.544 +05:30 [INF] Request finished HTTP/1.1 GET http://localhost:5208/Login/AdminLogin - - - 200 - text/html;+charset=utf-8 13.9204ms
2023-09-24 23:43:41.581 +05:30 [INF] Request starting HTTP/1.1 GET http://localhost:5208/Login/fonts/material-icon/css/material-design-iconic-font.min.css - -
2023-09-24 23:43:41.590 +05:30 [INF] Request starting HTTP/1.1 GET http://localhost:5208/Login/css/style.css - -
2023-09-24 23:43:41.591 +05:30 [INF] Request finished HTTP/1.1 GET http://localhost:5208/Login/css/style.css - - - 404 0 - 1.0174ms
2023-09-24 23:43:41.592 +05:30 [INF] Request starting HTTP/1.1 GET http://localhost:5208/Login/vendor/jquery/jquery.min.js - -
2023-09-24 23:43:41.593 +05:30 [INF] Request finished HTTP/1.1 GET http://localhost:5208/Login/vendor/jquery/jquery.min.js - - - 404 0 - 0.6566ms
2023-09-24 23:43:41.593 +05:30 [INF] Request starting HTTP/1.1 GET http://localhost:5208/Login/js/main.js - -
2023-09-24 23:43:41.594 +05:30 [INF] Request finished HTTP/1.1 GET http://localhost:5208/Login/js/main.js - - - 404 0 - 0.5739ms
2023-09-24 23:43:41.595 +05:30 [INF] Request finished HTTP/1.1 GET http://localhost:5208/Login/fonts/material-icon/css/material-design-iconic-font.min.css - - - 404 0 - 21.2447ms
2023-09-24 23:43:41.653 +05:30 [INF] Request starting HTTP/1.1 GET http://localhost:5208/fonts/poppins/poppins-v5-latin-700.woff2 - -
2023-09-24 23:43:41.654 +05:30 [INF] Request finished HTTP/1.1 GET http://localhost:5208/fonts/poppins/poppins-v5-latin-700.woff2 - - - 404 0 - 0.7184ms
2023-09-24 23:43:41.660 +05:30 [INF] Request starting HTTP/1.1 GET http://localhost:5208/fonts/poppins/poppins-v5-latin-700.woff - -
2023-09-24 23:43:41.661 +05:30 [INF] Request finished HTTP/1.1 GET http://localhost:5208/fonts/poppins/poppins-v5-latin-700.woff - - - 404 0 - 0.6607ms
2023-09-24 23:43:41.667 +05:30 [INF] Request starting HTTP/1.1 GET http://localhost:5208/fonts/poppins/poppins-v5-latin-700.ttf - -
2023-09-24 23:43:41.668 +05:30 [INF] Request finished HTTP/1.1 GET http://localhost:5208/fonts/poppins/poppins-v5-latin-700.ttf - - - 404 0 - 0.6589ms
2023-09-24 23:47:23.032 +05:30 [INF] Request starting HTTP/1.1 POST http://localhost:5208/Login/AdminLogin application/x-www-form-urlencoded 235
2023-09-24 23:47:23.033 +05:30 [INF] Executing endpoint 'LibraryManagementSystem.Controllers.LoginController.AdminLogin (LibraryManagementSystem)'
2023-09-24 23:47:23.034 +05:30 [INF] Route matched with {action = "AdminLogin", controller = "Login"}. Executing controller action with signature Microsoft.AspNetCore.Mvc.IActionResult AdminLogin(LibraryManagementSystem.Models.Login) on controller LibraryManagementSystem.Controllers.LoginController (LibraryManagementSystem).
2023-09-24 23:47:23.043 +05:30 [INF] Executing RedirectResult, redirecting to /Admin/AdminHomePage.
2023-09-24 23:47:23.043 +05:30 [INF] Executed action LibraryManagementSystem.Controllers.LoginController.AdminLogin (LibraryManagementSystem) in 9.4265ms
2023-09-24 23:47:23.043 +05:30 [INF] Executed endpoint 'LibraryManagementSystem.Controllers.LoginController.AdminLogin (LibraryManagementSystem)'
2023-09-24 23:47:23.047 +05:30 [INF] Session started; Key:1fda8bb9-cf25-bea6-17c6-8e523bbf7645, Id:0198268c-2284-9c25-e0cc-b9f5760087ab
2023-09-24 23:47:23.078 +05:30 [INF] Request finished HTTP/1.1 POST http://localhost:5208/Login/AdminLogin application/x-www-form-urlencoded 235 - 302 0 - 45.8568ms
2023-09-24 23:47:23.081 +05:30 [INF] Request starting HTTP/1.1 GET http://localhost:5208/Admin/AdminHomePage - -
2023-09-24 23:47:23.082 +05:30 [INF] Executing endpoint 'LibraryManagementSystem.Controllers.AdminController.AdminHomePage (LibraryManagementSystem)'
2023-09-24 23:47:23.085 +05:30 [INF] Route matched with {action = "AdminHomePage", controller = "Admin"}. Executing controller action with signature Microsoft.AspNetCore.Mvc.IActionResult AdminHomePage() on controller LibraryManagementSystem.Controllers.AdminController (LibraryManagementSystem).
2023-09-24 23:47:23.099 +05:30 [INF] Executing ViewResult, running view AdminHomePage.
2023-09-24 23:47:23.119 +05:30 [INF] Executed ViewResult - view AdminHomePage executed in 21.3596ms.
2023-09-24 23:47:23.120 +05:30 [INF] Executed action LibraryManagementSystem.Controllers.AdminController.AdminHomePage (LibraryManagementSystem) in 34.3742ms
2023-09-24 23:47:23.120 +05:30 [INF] Executed endpoint 'LibraryManagementSystem.Controllers.AdminController.AdminHomePage (LibraryManagementSystem)'
2023-09-24 23:47:23.120 +05:30 [INF] Request finished HTTP/1.1 GET http://localhost:5208/Admin/AdminHomePage - - - 200 - text/html;+charset=utf-8 38.8312ms
2023-09-24 23:47:26.069 +05:30 [INF] Request starting HTTP/1.1 GET http://localhost:5208/Book - -
2023-09-24 23:47:26.070 +05:30 [INF] Executing endpoint 'LibraryManagementSystem.Controllers.BookController.Index (LibraryManagementSystem)'
2023-09-24 23:47:26.104 +05:30 [INF] Route matched with {action = "Index", controller = "Book"}. Executing controller action with signature System.Threading.Tasks.Task`1[Microsoft.AspNetCore.Mvc.IActionResult] Index(System.String, System.String, System.String, System.Nullable`1[System.Int32]) on controller LibraryManagementSystem.Controllers.BookController (LibraryManagementSystem).
2023-09-24 23:47:26.760 +05:30 [WRN] Sensitive data logging is enabled. Log entries and exception messages may include sensitive application data; this mode should only be enabled during development.
2023-09-24 23:47:28.235 +05:30 [INF] Executed DbCommand (69ms) [Parameters=[], CommandType='"Text"', CommandTimeout='30']
SELECT COUNT(*)
FROM [Books] AS [b]
2023-09-24 23:47:28.429 +05:30 [INF] Executed DbCommand (51ms) [Parameters=[@__p_0='0', @__p_1='3'], CommandType='"Text"', CommandTimeout='30']
SELECT [b].[ID], [b].[AddedOn], [b].[AuthorName], [b].[BookEdition], [b].[BookID], [b].[BookName], [b].[Category], [b].[Description], [b].[ProfilePicture], [b].[TotalPages]
FROM [Books] AS [b]
ORDER BY [b].[BookID]
OFFSET @__p_0 ROWS FETCH NEXT @__p_1 ROWS ONLY
2023-09-24 23:47:28.451 +05:30 [INF] Executing ViewResult, running view Index.
2023-09-24 23:47:28.505 +05:30 [INF] Executed ViewResult - view Index executed in 55.5208ms.
2023-09-24 23:47:28.507 +05:30 [INF] Executed action LibraryManagementSystem.Controllers.BookController.Index (LibraryManagementSystem) in 2402.3662ms
2023-09-24 23:47:28.508 +05:30 [INF] Executed endpoint 'LibraryManagementSystem.Controllers.BookController.Index (LibraryManagementSystem)'
2023-09-24 23:47:28.546 +05:30 [INF] Request starting HTTP/1.1 GET http://localhost:5208/images/75b0c178-2140-4f64-8e27-2fc9c0c00110 .jpg - -
2023-09-24 23:47:28.548 +05:30 [INF] Request starting HTTP/1.1 GET http://localhost:5208/images/496fa995-f80d-4396-9e45-6ab906922d3a .jpg - -
2023-09-24 23:47:28.549 +05:30 [INF] Request finished HTTP/1.1 GET http://localhost:5208/images/496fa995-f80d-4396-9e45-6ab906922d3a .jpg - - - 404 0 - 0.6728ms
2023-09-24 23:47:28.557 +05:30 [INF] Sending file. Request path: '/images/75b0c178-2140-4f64-8e27-2fc9c0c00110 .jpg'. Physical path: 'C:\Users\Dell\application\LibraryManagementSystem\wwwroot\images\75b0c178-2140-4f64-8e27-2fc9c0c00110 .jpg'
2023-09-24 23:47:28.557 +05:30 [INF] Request finished HTTP/1.1 GET http://localhost:5208/images/75b0c178-2140-4f64-8e27-2fc9c0c00110 .jpg - - - 200 22433 image/jpeg 11.5384ms
2023-09-24 23:47:28.572 +05:30 [INF] Request finished HTTP/1.1 GET http://localhost:5208/Book - - - 200 - text/html;+charset=utf-8 2502.6881ms
2023-09-24 23:47:28.575 +05:30 [INF] Request starting HTTP/1.1 GET http://localhost:5208/images/272e9ae5-cdb5-4108-b113-fbdd0f8fa4ec .jpg - -
2023-09-24 23:47:28.579 +05:30 [INF] Sending file. Request path: '/images/272e9ae5-cdb5-4108-b113-fbdd0f8fa4ec .jpg'. Physical path: 'C:\Users\Dell\application\LibraryManagementSystem\wwwroot\images\272e9ae5-cdb5-4108-b113-fbdd0f8fa4ec .jpg'
2023-09-24 23:47:28.579 +05:30 [INF] Request finished HTTP/1.1 GET http://localhost:5208/images/272e9ae5-cdb5-4108-b113-fbdd0f8fa4ec .jpg - - - 200 6282 image/jpeg 4.5628ms
2023-09-24 23:47:34.625 +05:30 [INF] Request starting HTTP/1.1 GET http://localhost:5208/UserDetail - -
2023-09-24 23:47:34.626 +05:30 [INF] Executing endpoint 'LibraryManagementSystem.Controllers.UserDetailController.Index (LibraryManagementSystem)'
2023-09-24 23:47:34.636 +05:30 [INF] Route matched with {action = "Index", controller = "UserDetail"}. Executing controller action with signature System.Threading.Tasks.Task`1[Microsoft.AspNetCore.Mvc.IActionResult] Index(System.String, System.String, System.String, System.Nullable`1[System.Int32]) on controller LibraryManagementSystem.Controllers.UserDetailController (LibraryManagementSystem).
2023-09-24 23:47:34.698 +05:30 [INF] Executed DbCommand (4ms) [Parameters=[], CommandType='"Text"', CommandTimeout='30']
SELECT COUNT(*)
FROM [UserDetails] AS [u]
2023-09-24 23:47:34.714 +05:30 [INF] Executed DbCommand (3ms) [Parameters=[@__p_0='0', @__p_1='3'], CommandType='"Text"', CommandTimeout='30']
SELECT [u].[ID], [u].[Address], [u].[Age], [u].[EmailID], [u].[Gender], [u].[Name], [u].[Password], [u].[PhoneNumber], [u].[ProfilePicture], [u].[RegisterNo]
FROM [UserDetails] AS [u]
ORDER BY [u].[RegisterNo]
OFFSET @__p_0 ROWS FETCH NEXT @__p_1 ROWS ONLY
2023-09-24 23:47:34.722 +05:30 [INF] Executing ViewResult, running view Index.
2023-09-24 23:47:34.751 +05:30 [INF] Executed ViewResult - view Index executed in 32.8547ms.
2023-09-24 23:47:34.751 +05:30 [INF] Executed action LibraryManagementSystem.Controllers.UserDetailController.Index (LibraryManagementSystem) in 115.2914ms
2023-09-24 23:47:34.751 +05:30 [INF] Executed endpoint 'LibraryManagementSystem.Controllers.UserDetailController.Index (LibraryManagementSystem)'
2023-09-24 23:47:34.752 +05:30 [INF] Request finished HTTP/1.1 GET http://localhost:5208/UserDetail - - - 200 - text/html;+charset=utf-8 126.8294ms
2023-09-24 23:47:34.807 +05:30 [INF] Request starting HTTP/1.1 GET http://localhost:5208/images/68f55345-20f4-40cb-996b-018ff2750b58.png - -
2023-09-24 23:47:34.807 +05:30 [INF] Request starting HTTP/1.1 GET http://localhost:5208/images/NoImage.png - -
2023-09-24 23:47:34.827 +05:30 [INF] Sending file. Request path: '/images/68f55345-20f4-40cb-996b-018ff2750b58.png'. Physical path: 'C:\Users\Dell\application\LibraryManagementSystem\wwwroot\images\68f55345-20f4-40cb-996b-018ff2750b58.png'
2023-09-24 23:47:34.827 +05:30 [INF] Request finished HTTP/1.1 GET http://localhost:5208/images/68f55345-20f4-40cb-996b-018ff2750b58.png - - - 200 33146 image/png 19.8664ms
2023-09-24 23:47:34.828 +05:30 [INF] Sending file. Request path: '/images/NoImage.png'. Physical path: 'C:\Users\Dell\application\LibraryManagementSystem\wwwroot\images\NoImage.png'
2023-09-24 23:47:34.828 +05:30 [INF] Request finished HTTP/1.1 GET http://localhost:5208/images/NoImage.png - - - 200 24738 image/png 20.4609ms
2023-09-24 23:47:47.609 +05:30 [INF] Request starting HTTP/1.1 GET http://localhost:5208/UserDetail - -
2023-09-24 23:47:47.610 +05:30 [INF] Executing endpoint 'LibraryManagementSystem.Controllers.UserDetailController.Index (LibraryManagementSystem)'
2023-09-24 23:47:47.610 +05:30 [INF] Route matched with {action = "Index", controller = "UserDetail"}. Executing controller action with signature System.Threading.Tasks.Task`1[Microsoft.AspNetCore.Mvc.IActionResult] Index(System.String, System.String, System.String, System.Nullable`1[System.Int32]) on controller LibraryManagementSystem.Controllers.UserDetailController (LibraryManagementSystem).
2023-09-24 23:47:47.778 +05:30 [INF] Executed DbCommand (3ms) [Parameters=[], CommandType='"Text"', CommandTimeout='30']
SELECT COUNT(*)
FROM [UserDetails] AS [u]
2023-09-24 23:47:47.783 +05:30 [INF] Executed DbCommand (2ms) [Parameters=[@__p_0='0', @__p_1='3'], CommandType='"Text"', CommandTimeout='30']
SELECT [u].[ID], [u].[Address], [u].[Age], [u].[EmailID], [u].[Gender], [u].[Name], [u].[Password], [u].[PhoneNumber], [u].[ProfilePicture], [u].[RegisterNo]
FROM [UserDetails] AS [u]
ORDER BY [u].[RegisterNo]
OFFSET @__p_0 ROWS FETCH NEXT @__p_1 ROWS ONLY
2023-09-24 23:47:47.785 +05:30 [INF] Executing ViewResult, running view Index.
2023-09-24 23:47:47.789 +05:30 [INF] Executed ViewResult - view Index executed in 3.5106ms.
2023-09-24 23:47:47.789 +05:30 [INF] Executed action LibraryManagementSystem.Controllers.UserDetailController.Index (LibraryManagementSystem) in 178.7576ms
2023-09-24 23:47:47.789 +05:30 [INF] Executed endpoint 'LibraryManagementSystem.Controllers.UserDetailController.Index (LibraryManagementSystem)'
2023-09-24 23:47:47.789 +05:30 [INF] Request finished HTTP/1.1 GET http://localhost:5208/UserDetail - - - 200 - text/html;+charset=utf-8 180.1544ms
2023-09-24 23:47:52.743 +05:30 [INF] Request starting HTTP/1.1 GET http://localhost:5208/ - -
2023-09-24 23:47:52.745 +05:30 [INF] Executing endpoint 'LibraryManagementSystem.Controllers.HomeController.Index (LibraryManagementSystem)'
2023-09-24 23:47:52.745 +05:30 [INF] Route matched with {action = "Index", controller = "Home"}. Executing controller action with signature Microsoft.AspNetCore.Mvc.IActionResult Index() on controller LibraryManagementSystem.Controllers.HomeController (LibraryManagementSystem).
2023-09-24 23:47:52.745 +05:30 [INF] Executing ViewResult, running view Index.
2023-09-24 23:47:52.746 +05:30 [INF] Executed ViewResult - view Index executed in 1.098ms.
2023-09-24 23:47:52.747 +05:30 [INF] Executed action LibraryManagementSystem.Controllers.HomeController.Index (LibraryManagementSystem) in 1.6387ms
2023-09-24 23:47:52.747 +05:30 [INF] Executed endpoint 'LibraryManagementSystem.Controllers.HomeController.Index (LibraryManagementSystem)'
2023-09-24 23:47:52.747 +05:30 [INF] Request finished HTTP/1.1 GET http://localhost:5208/ - - - 200 - text/html;+charset=utf-8 3.9051ms
2023-09-24 23:47:55.028 +05:30 [INF] Request starting HTTP/1.1 GET http://localhost:5208/Home/LoginPage - -
2023-09-24 23:47:55.041 +05:30 [INF] Executing endpoint 'LibraryManagementSystem.Controllers.HomeController.LoginPage (LibraryManagementSystem)'
2023-09-24 23:47:55.041 +05:30 [INF] Route matched with {action = "LoginPage", controller = "Home"}. Executing controller action with signature Microsoft.AspNetCore.Mvc.IActionResult LoginPage() on controller LibraryManagementSystem.Controllers.HomeController (LibraryManagementSystem).
2023-09-24 23:47:55.041 +05:30 [INF] Executing ViewResult, running view LoginPage.
2023-09-24 23:47:55.042 +05:30 [INF] Executed ViewResult - view LoginPage executed in 1.0273ms.
2023-09-24 23:47:55.042 +05:30 [INF] Executed action LibraryManagementSystem.Controllers.HomeController.LoginPage (LibraryManagementSystem) in 1.2429ms
2023-09-24 23:47:55.042 +05:30 [INF] Executed endpoint 'LibraryManagementSystem.Controllers.HomeController.LoginPage (LibraryManagementSystem)'
2023-09-24 23:47:55.042 +05:30 [INF] Request finished HTTP/1.1 GET http://localhost:5208/Home/LoginPage - - - 200 - text/html;+charset=utf-8 14.7221ms
2023-09-24 23:47:56.980 +05:30 [INF] Request starting HTTP/1.1 GET http://localhost:5208/Login/UserLogin - -
2023-09-24 23:47:56.989 +05:30 [INF] Executing endpoint 'LibraryManagementSystem.Controllers.LoginController.UserLogin (LibraryManagementSystem)'
2023-09-24 23:47:56.994 +05:30 [INF] Route matched with {action = "UserLogin", controller = "Login"}. Executing controller action with signature Microsoft.AspNetCore.Mvc.IActionResult UserLogin() on controller LibraryManagementSystem.Controllers.LoginController (LibraryManagementSystem).
2023-09-24 23:47:56.996 +05:30 [INF] Executing ViewResult, running view UserLogin.
2023-09-24 23:47:57.027 +05:30 [INF] Executed ViewResult - view UserLogin executed in 31.3431ms.
2023-09-24 23:47:57.027 +05:30 [INF] Executed action LibraryManagementSystem.Controllers.LoginController.UserLogin (LibraryManagementSystem) in 32.0714ms
2023-09-24 23:47:57.027 +05:30 [INF] Executed endpoint 'LibraryManagementSystem.Controllers.LoginController.UserLogin (LibraryManagementSystem)'
2023-09-24 23:47:57.027 +05:30 [INF] Request finished HTTP/1.1 GET http://localhost:5208/Login/UserLogin - - - 200 - text/html;+charset=utf-8 46.5366ms
2023-09-24 23:47:57.081 +05:30 [INF] Request starting HTTP/1.1 GET http://localhost:5208/Login/fonts/material-icon/css/material-design-iconic-font.min.css - -
2023-09-24 23:47:57.085 +05:30 [INF] Request finished HTTP/1.1 GET http://localhost:5208/Login/fonts/material-icon/css/material-design-iconic-font.min.css - - - 404 0 - 4.5637ms
2023-09-24 23:47:57.086 +05:30 [INF] Request starting HTTP/1.1 GET http://localhost:5208/Login/css/style.css - -
2023-09-24 23:47:57.086 +05:30 [INF] Request finished HTTP/1.1 GET http://localhost:5208/Login/css/style.css - - - 404 0 - 0.4490ms
2023-09-24 23:47:57.086 +05:30 [INF] Request starting HTTP/1.1 GET http://localhost:5208/Login/vendor/jquery/jquery.min.js - -
2023-09-24 23:47:57.087 +05:30 [INF] Request finished HTTP/1.1 GET http://localhost:5208/Login/vendor/jquery/jquery.min.js - - - 404 0 - 0.3941ms
2023-09-24 23:47:57.093 +05:30 [INF] Request starting HTTP/1.1 GET http://localhost:5208/Login/js/main.js - -
2023-09-24 23:47:57.094 +05:30 [INF] Request finished HTTP/1.1 GET http://localhost:5208/Login/js/main.js - - - 404 0 - 1.0250ms
2023-09-24 23:47:57.139 +05:30 [INF] Request starting HTTP/1.1 GET http://localhost:5208/fonts/poppins/poppins-v5-latin-700.woff2 - -
2023-09-24 23:47:57.141 +05:30 [INF] Request finished HTTP/1.1 GET http://localhost:5208/fonts/poppins/poppins-v5-latin-700.woff2 - - - 404 0 - 2.2867ms
2023-09-24 23:47:57.147 +05:30 [INF] Request starting HTTP/1.1 GET http://localhost:5208/fonts/poppins/poppins-v5-latin-700.woff - -
2023-09-24 23:47:57.147 +05:30 [INF] Request finished HTTP/1.1 GET http://localhost:5208/fonts/poppins/poppins-v5-latin-700.woff - - - 404 0 - 0.5430ms
2023-09-24 23:47:57.176 +05:30 [INF] Request starting HTTP/1.1 GET http://localhost:5208/fonts/poppins/poppins-v5-latin-700.ttf - -
2023-09-24 23:47:57.177 +05:30 [INF] Request finished HTTP/1.1 GET http://localhost:5208/fonts/poppins/poppins-v5-latin-700.ttf - - - 404 0 - 0.5948ms
2023-09-24 23:48:25.084 +05:30 [INF] Request starting HTTP/1.1 POST http://localhost:5208/Login/UserLogin application/x-www-form-urlencoded 235
2023-09-24 23:48:25.085 +05:30 [INF] Executing endpoint 'LibraryManagementSystem.Controllers.LoginController.UserLogin (LibraryManagementSystem)'
2023-09-24 23:48:25.087 +05:30 [INF] Route matched with {action = "UserLogin", controller = "Login"}. Executing controller action with signature Microsoft.AspNetCore.Mvc.IActionResult UserLogin(LibraryManagementSystem.Models.Login) on controller LibraryManagementSystem.Controllers.LoginController (LibraryManagementSystem).
2023-09-24 23:48:25.098 +05:30 [INF] Executing RedirectResult, redirecting to /User/UserHomePage.
2023-09-24 23:48:25.098 +05:30 [INF] Executed action LibraryManagementSystem.Controllers.LoginController.UserLogin (LibraryManagementSystem) in 10.9662ms
2023-09-24 23:48:25.098 +05:30 [INF] Executed endpoint 'LibraryManagementSystem.Controllers.LoginController.UserLogin (LibraryManagementSystem)'
2023-09-24 23:48:25.099 +05:30 [INF] Request finished HTTP/1.1 POST http://localhost:5208/Login/UserLogin application/x-www-form-urlencoded 235 - 302 0 - 15.2401ms
2023-09-24 23:48:25.103 +05:30 [INF] Request starting HTTP/1.1 GET http://localhost:5208/User/UserHomePage - -
2023-09-24 23:48:25.103 +05:30 [INF] Executing endpoint 'LibraryManagementSystem.Controllers.UserController.UserHomePage (LibraryManagementSystem)'
2023-09-24 23:48:25.105 +05:30 [INF] Route matched with {action = "UserHomePage", controller = "User"}. Executing controller action with signature Microsoft.AspNetCore.Mvc.IActionResult UserHomePage() on controller LibraryManagementSystem.Controllers.UserController (LibraryManagementSystem).
2023-09-24 23:48:25.116 +05:30 [INF] Executing ViewResult, running view UserHomePage.
2023-09-24 23:48:25.134 +05:30 [INF] Executed ViewResult - view UserHomePage executed in 19.6147ms.
2023-09-24 23:48:25.134 +05:30 [INF] Executed action LibraryManagementSystem.Controllers.UserController.UserHomePage (LibraryManagementSystem) in 28.6549ms
2023-09-24 23:48:25.134 +05:30 [INF] Executed endpoint 'LibraryManagementSystem.Controllers.UserController.UserHomePage (LibraryManagementSystem)'
2023-09-24 23:48:25.134 +05:30 [INF] Request finished HTTP/1.1 GET http://localhost:5208/User/UserHomePage - - - 200 - text/html;+charset=utf-8 31.2658ms
2023-09-24 23:48:30.462 +05:30 [INF] Request starting HTTP/1.1 GET http://localhost:5208/Category/MainIndex - -
2023-09-24 23:48:30.462 +05:30 [INF] Executing endpoint 'LibraryManagementSystem.Controllers.CategoryController.MainIndex (LibraryManagementSystem)'
2023-09-24 23:48:30.465 +05:30 [INF] Route matched with {action = "MainIndex", controller = "Category"}. Executing controller action with signature Microsoft.AspNetCore.Mvc.IActionResult MainIndex() on controller LibraryManagementSystem.Controllers.CategoryController (LibraryManagementSystem).
2023-09-24 23:48:30.468 +05:30 [INF] Executing ViewResult, running view MainIndex.
2023-09-24 23:48:30.498 +05:30 [INF] Executed ViewResult - view MainIndex executed in 31.6342ms.
2023-09-24 23:48:30.498 +05:30 [INF] Executed action LibraryManagementSystem.Controllers.CategoryController.MainIndex (LibraryManagementSystem) in 33.1992ms
2023-09-24 23:48:30.498 +05:30 [INF] Executed endpoint 'LibraryManagementSystem.Controllers.CategoryController.MainIndex (LibraryManagementSystem)'
2023-09-24 23:48:30.498 +05:30 [INF] Request finished HTTP/1.1 GET http://localhost:5208/Category/MainIndex - - - 200 - text/html;+charset=utf-8 36.4398ms
2023-09-24 23:48:38.786 +05:30 [INF] Request starting HTTP/1.1 GET http://localhost:5208/ - -
2023-09-24 23:48:38.786 +05:30 [INF] Executing endpoint 'LibraryManagementSystem.Controllers.HomeController.Index (LibraryManagementSystem)'
2023-09-24 23:48:38.787 +05:30 [INF] Route matched with {action = "Index", controller = "Home"}. Executing controller action with signature Microsoft.AspNetCore.Mvc.IActionResult Index() on controller LibraryManagementSystem.Controllers.HomeController (LibraryManagementSystem).
2023-09-24 23:48:38.789 +05:30 [INF] Executing ViewResult, running view Index.
2023-09-24 23:48:38.792 +05:30 [INF] Executed ViewResult - view Index executed in 3.1033ms.
2023-09-24 23:48:38.793 +05:30 [INF] Executed action LibraryManagementSystem.Controllers.HomeController.Index (LibraryManagementSystem) in 5.8262ms
2023-09-24 23:48:38.793 +05:30 [INF] Executed endpoint 'LibraryManagementSystem.Controllers.HomeController.Index (LibraryManagementSystem)'
2023-09-24 23:48:38.793 +05:30 [INF] Request finished HTTP/1.1 GET http://localhost:5208/ - - - 200 - text/html;+charset=utf-8 7.3233ms
2023-09-24 23:48:40.542 +05:30 [INF] Request starting HTTP/1.1 GET http://localhost:5208/Home/LoginPage - -
2023-09-24 23:48:40.542 +05:30 [INF] Executing endpoint 'LibraryManagementSystem.Controllers.HomeController.LoginPage (LibraryManagementSystem)'
2023-09-24 23:48:40.542 +05:30 [INF] Route matched with {action = "LoginPage", controller = "Home"}. Executing controller action with signature Microsoft.AspNetCore.Mvc.IActionResult LoginPage() on controller LibraryManagementSystem.Controllers.HomeController (LibraryManagementSystem).
2023-09-24 23:48:40.543 +05:30 [INF] Executing ViewResult, running view LoginPage.
2023-09-24 23:48:40.543 +05:30 [INF] Executed ViewResult - view LoginPage executed in 0.8707ms.
2023-09-24 23:48:40.543 +05:30 [INF] Executed action LibraryManagementSystem.Controllers.HomeController.LoginPage (LibraryManagementSystem) in 1.1085ms
2023-09-24 23:48:40.544 +05:30 [INF] Executed endpoint 'LibraryManagementSystem.Controllers.HomeController.LoginPage (LibraryManagementSystem)'
2023-09-24 23:48:40.544 +05:30 [INF] Request finished HTTP/1.1 GET http://localhost:5208/Home/LoginPage - - - 200 - text/html;+charset=utf-8 2.1474ms
2023-09-24 23:48:43.102 +05:30 [INF] Request starting HTTP/1.1 GET http://localhost:5208/Login/UserLogin - -
2023-09-24 23:48:43.111 +05:30 [INF] Executing endpoint 'LibraryManagementSystem.Controllers.LoginController.UserLogin (LibraryManagementSystem)'
2023-09-24 23:48:43.111 +05:30 [INF] Route matched with {action = "UserLogin", controller = "Login"}. Executing controller action with signature Microsoft.AspNetCore.Mvc.IActionResult UserLogin() on controller LibraryManagementSystem.Controllers.LoginController (LibraryManagementSystem).
2023-09-24 23:48:43.112 +05:30 [INF] Executing ViewResult, running view UserLogin.
2023-09-24 23:48:43.114 +05:30 [INF] Executed ViewResult - view UserLogin executed in 2.2737ms.
2023-09-24 23:48:43.114 +05:30 [INF] Executed action LibraryManagementSystem.Controllers.LoginController.UserLogin (LibraryManagementSystem) in 2.749ms
2023-09-24 23:48:43.114 +05:30 [INF] Executed endpoint 'LibraryManagementSystem.Controllers.LoginController.UserLogin (LibraryManagementSystem)'
2023-09-24 23:48:43.114 +05:30 [INF] Request finished HTTP/1.1 GET http://localhost:5208/Login/UserLogin - - - 200 - text/html;+charset=utf-8 12.1608ms
2023-09-24 23:48:43.152 +05:30 [INF] Request starting HTTP/1.1 GET http://localhost:5208/Login/fonts/material-icon/css/material-design-iconic-font.min.css - -
2023-09-24 23:48:43.154 +05:30 [INF] Request starting HTTP/1.1 GET http://localhost:5208/Login/css/style.css - -
2023-09-24 23:48:43.154 +05:30 [INF] Request finished HTTP/1.1 GET http://localhost:5208/Login/fonts/material-icon/css/material-design-iconic-font.min.css - - - 404 0 - 1.9310ms
2023-09-24 23:48:43.154 +05:30 [INF] Request finished HTTP/1.1 GET http://localhost:5208/Login/css/style.css - - - 404 0 - 0.5958ms
2023-09-24 23:48:43.155 +05:30 [INF] Request starting HTTP/1.1 GET http://localhost:5208/Login/vendor/jquery/jquery.min.js - -
2023-09-24 23:48:43.158 +05:30 [INF] Request finished HTTP/1.1 GET http://localhost:5208/Login/vendor/jquery/jquery.min.js - - - 404 0 - 0.6768ms
2023-09-24 23:48:43.175 +05:30 [INF] Request starting HTTP/1.1 GET http://localhost:5208/Login/js/main.js - -
2023-09-24 23:48:43.176 +05:30 [INF] Request finished HTTP/1.1 GET http://localhost:5208/Login/js/main.js - - - 404 0 - 0.5720ms
2023-09-24 23:48:43.199 +05:30 [INF] Request starting HTTP/1.1 GET http://localhost:5208/fonts/poppins/poppins-v5-latin-700.woff2 - -
2023-09-24 23:48:43.200 +05:30 [INF] Request finished HTTP/1.1 GET http://localhost:5208/fonts/poppins/poppins-v5-latin-700.woff2 - - - 404 0 - 0.6929ms
2023-09-24 23:48:43.209 +05:30 [INF] Request starting HTTP/1.1 GET http://localhost:5208/fonts/poppins/poppins-v5-latin-700.woff - -
2023-09-24 23:48:43.209 +05:30 [INF] Request finished HTTP/1.1 GET http://localhost:5208/fonts/poppins/poppins-v5-latin-700.woff - - - 404 0 - 0.8234ms
2023-09-24 23:48:43.219 +05:30 [INF] Request starting HTTP/1.1 GET http://localhost:5208/fonts/poppins/poppins-v5-latin-700.ttf - -
2023-09-24 23:48:43.227 +05:30 [INF] Request finished HTTP/1.1 GET http://localhost:5208/fonts/poppins/poppins-v5-latin-700.ttf - - - 404 0 - 8.6199ms
2023-09-24 23:48:46.008 +05:30 [INF] Request starting HTTP/1.1 GET http://localhost:5208/ - -
2023-09-24 23:48:46.010 +05:30 [INF] Executing endpoint 'LibraryManagementSystem.Controllers.HomeController.Index (LibraryManagementSystem)'
2023-09-24 23:48:46.010 +05:30 [INF] Route matched with {action = "Index", controller = "Home"}. Executing controller action with signature Microsoft.AspNetCore.Mvc.IActionResult Index() on controller LibraryManagementSystem.Controllers.HomeController (LibraryManagementSystem).
2023-09-24 23:48:46.011 +05:30 [INF] Executing ViewResult, running view Index.
2023-09-24 23:48:46.012 +05:30 [INF] Executed ViewResult - view Index executed in 1ms.
2023-09-24 23:48:46.012 +05:30 [INF] Executed action LibraryManagementSystem.Controllers.HomeController.Index (LibraryManagementSystem) in 1.4486ms
2023-09-24 23:48:46.012 +05:30 [INF] Executed endpoint 'LibraryManagementSystem.Controllers.HomeController.Index (LibraryManagementSystem)'
2023-09-24 23:48:46.012 +05:30 [INF] Request finished HTTP/1.1 GET http://localhost:5208/ - - - 200 - text/html;+charset=utf-8 4.5438ms
2023-09-24 23:48:52.844 +05:30 [INF] Application is shutting down...
